[23:59:25] [INFO] 
[23:59:25] [INFO] ================================================================================
[23:59:25] [INFO]    CROSS-CHANNEL KAPPA CONSISTENCY ANALYSIS
[23:59:25] [INFO] ================================================================================
[23:59:25] [INFO] 
[23:59:25] [INFO] Filling the gap between theory and practice: the real TEP test.
[23:59:25] [INFO] Matched 18 hosts for cross-channel analysis
[23:59:25] [INFO] Fitting kappa_TRGB (TRGB channel)...
[23:59:25] [INFO] kappa_TRGB = -3.114e+06 +/- 2.286e+06 mag
[23:59:25] [INFO]   Raw slope H0 vs x: 97231008.461 +/- 71296049.082 (t = 1.36)
[23:59:25] [INFO] TEP prediction: kappa_TRGB ~ 0 (non-periodic indicator)
[23:59:25] [INFO] Fitting kappa_diff (differential TRGB - Cepheid)...
[23:59:25] [INFO] kappa_diff = 3.917e+05 +/- 4.694e+05 mag
[23:59:25] [INFO] TEP prediction: kappa_diff ~ kappa_Cep = 1.611e+06 mag
[23:59:25] [INFO] Running formal consistency tests...
[23:59:25] [INFO] Cross-Channel Consistency Tests
[23:59:25] [INFO] +--------------------------------+-----------------+-------------+
[23:59:25] [INFO] | Test                           | Tension (sigma) | Consistent? |
[23:59:25] [INFO] +--------------------------------+-----------------+-------------+
[23:59:25] [INFO] | kappa_Cep (host) vs KAPPA_GAL  | 0.87            | YES         |
[23:59:25] [INFO] | kappa_Cep (joint) vs KAPPA_GAL | 0.29            | YES         |
[23:59:25] [INFO] | kappa_TRGB vs 0 (null)         | 1.36            | YES         |
[23:59:25] [INFO] | kappa_diff vs kappa_Cep (TEP)  | 1.57            | YES         |
[23:59:25] [INFO] | kappa_diff vs 0 (common bias)  | 0.83            | YES         |
[23:59:25] [INFO] +--------------------------------+-----------------+-------------+
[23:59:25] [INFO] Joint chi2 test of all channels against TEP predictions:
[23:59:25] [INFO]   chi2 = 11.57 / 4 dof
[23:59:25] [INFO]   chi2/dof = 2.89
[23:59:25] [INFO]   p-value = 0.0208
[23:59:25] [WARNING]   Some channels deviate from TEP predictions at >2sigma.
[23:59:25] [SUCCESS] Saved cross-channel plot to /Users/matthewsmawfield/www/Temporal Equivalence Principle/TEP-H0/results/figures/figure_06_cross_channel_kappa.png
[23:59:25] [SUCCESS] Saved cross-channel results to /Users/matthewsmawfield/www/Temporal Equivalence Principle/TEP-H0/results/outputs/cross_channel_kappa_consistency.json
