[0;37m[13:04:34] [INFO] [0m
[0;37m[13:04:34] [INFO] ================================================================================[0m
[0;37m[13:04:34] [INFO]    TEP-H0 ANALYSIS PIPELINE INITIATED[0m
[0;37m[13:04:34] [INFO] ================================================================================[0m
[0;37m[13:04:34] [INFO] [0m
[0;37m[13:04:34] [INFO] Project Root: /Users/matthewsmawfield/www/Temporal Equivalence Principle/TEP-H0[0m
[0;37m[13:04:34] [INFO] Starting execution sequence...[0m
[0;37m[13:04:34] [INFO] [0m
[0;37m[13:04:34] [INFO] ================================================================================[0m
[0;37m[13:04:34] [INFO]    >>> STEP 1 (PRE-FLIGHT): COORDINATE PREPARATION[0m
[0;37m[13:04:34] [INFO] ================================================================================[0m
[0;37m[13:04:34] [INFO] [0m
[0;37m[13:04:34] [INFO] Step 1 (Pre-flight): Preparing Host Coordinates...[0m
[0;37m[13:04:34] [INFO] Reconstructing SH0ES Cepheid Catalog...[0m
[0;37m[13:04:34] [INFO] Catalog Reconstruction Verification:[0m
[0;37m[13:04:34] [INFO] SH0ES Cepheid Sample (First 3)[0m
[0;37m[13:04:34] [INFO] +--------+------------+-------------+------------+[0m
[0;37m[13:04:34] [INFO] | Source | Data (mag) | Period Term | Metal Term |[0m
[0;37m[13:04:34] [INFO] +--------+------------+-------------+------------+[0m
[0;37m[13:04:34] [INFO] | M101   | 23.691     | -0.164      | 0.053      |[0m
[0;37m[13:04:34] [INFO] | M101   | 22.955     | -0.163      | 0.089      |[0m
[0;37m[13:04:34] [INFO] | M101   | 23.535     | -0.157      | 0.089      |[0m
[0;37m[13:04:34] [INFO] +--------+------------+-------------+------------+[0m
[1;32m[13:04:34] [SUCCESS] Saved reconstructed catalog with 3130 Cepheids to /Users/matthewsmawfield/www/Temporal Equivalence Principle/TEP-H0/data/interim/reconstructed_shoes_cepheids.csv[0m
[0;37m[13:04:34] [INFO] Using existing coordinates file.[0m
[0;37m[13:04:34] [INFO] [0m
[0;37m[13:04:34] [INFO] ================================================================================[0m
[0;37m[13:04:34] [INFO]    >>> STEP 0: SIGMA CATALOG (PROVENANCE BUILD)[0m
[0;37m[13:04:34] [INFO] ================================================================================[0m
[0;37m[13:04:34] [INFO] [0m
[0;37m[13:04:34] [INFO] Sigma catalog already exists; skipping rebuild: /Users/matthewsmawfield/www/Temporal Equivalence Principle/TEP-H0/data/raw/external/velocity_dispersions_literature_regenerated.csv[0m
[1;32m[13:04:34] [SUCCESS] Step 0 (Sigma Catalog) completed successfully.[0m
[0;37m[13:04:34] [INFO] [0m
[0;37m[13:04:34] [INFO] ================================================================================[0m
[0;37m[13:04:34] [INFO]    >>> STEP 1: DATA INGESTION[0m
[0;37m[13:04:34] [INFO] ================================================================================[0m
[0;37m[13:04:34] [INFO] [0m
[0;37m[13:04:34] [INFO] [0m
[0;37m[13:04:34] [INFO] ================================================================================[0m
[0;37m[13:04:34] [INFO]    Starting Step 1: Data Ingestion[0m
[0;37m[13:04:34] [INFO] ================================================================================[0m
[0;37m[13:04:34] [INFO] [0m
[0;37m[13:04:34] [INFO] Reconstructing SH0ES Cepheid Catalog...[0m
[0;37m[13:04:34] [INFO] Catalog Reconstruction Verification:[0m
[0;37m[13:04:34] [INFO] SH0ES Cepheid Sample (First 3)[0m
[0;37m[13:04:34] [INFO] +--------+------------+-------------+------------+[0m
[0;37m[13:04:34] [INFO] | Source | Data (mag) | Period Term | Metal Term |[0m
[0;37m[13:04:34] [INFO] +--------+------------+-------------+------------+[0m
[0;37m[13:04:34] [INFO] | M101   | 23.691     | -0.164      | 0.053      |[0m
[0;37m[13:04:34] [INFO] | M101   | 22.955     | -0.163      | 0.089      |[0m
[0;37m[13:04:34] [INFO] | M101   | 23.535     | -0.157      | 0.089      |[0m
[0;37m[13:04:34] [INFO] +--------+------------+-------------+------------+[0m
[1;32m[13:04:34] [SUCCESS] Saved reconstructed catalog with 3130 Cepheids to /Users/matthewsmawfield/www/Temporal Equivalence Principle/TEP-H0/data/interim/reconstructed_shoes_cepheids.csv[0m
[0;37m[13:04:34] [INFO] Calculating R22 Distances (GLS Solution)...[0m
[0;37m[13:04:34] [INFO] Solving GLS system: 3490 observations, 46 parameters[0m
[1;32m[13:04:34] [SUCCESS] Saved mu covariance matrix to /Users/matthewsmawfield/www/Temporal Equivalence Principle/TEP-H0/data/interim/r22_mu_covariance.npy[0m
[1;32m[13:04:34] [SUCCESS] Saved mu covariance labels to /Users/matthewsmawfield/www/Temporal Equivalence Principle/TEP-H0/data/interim/r22_mu_covariance_labels.json[0m
[0;37m[13:04:34] [INFO] Recovered Distance Moduli[0m
[0;37m[13:04:34] [INFO] +---------+-----------------------+--------+[0m
[0;37m[13:04:34] [INFO] | Host ID | Distance Modulus (mu) | Error  |[0m
[0;37m[13:04:34] [INFO] +---------+-----------------------+--------+[0m
[0;37m[13:04:34] [INFO] | M101    | 29.1595               | 0.0388 |[0m
[0;37m[13:04:34] [INFO] | M1337   | 32.9156               | 0.0821 |[0m
[0;37m[13:04:34] [INFO] | N0691   | 32.8222               | 0.0877 |[0m
[0;37m[13:04:34] [INFO] +---------+-----------------------+--------+[0m
[1;32m[13:04:34] [SUCCESS] Saved 40 distances to /Users/matthewsmawfield/www/Temporal Equivalence Principle/TEP-H0/data/interim/r22_distances.csv[0m
[0;37m[13:04:34] [INFO] Using existing coordinates file.[0m
[0;37m[13:04:34] [INFO] Checking for Pantheon+ Supernova Catalog...[0m
[0;37m[13:04:34] [INFO] Pantheon+ dataset already exists locally.[0m
[0;37m[13:04:34] [INFO] Cross-Matching & Property Enrichment...[0m
[0;37m[13:04:34] [INFO] Matched 37 SH0ES hosts to Pantheon+ SN catalog.[0m
[0;37m[13:04:34] [INFO] Loaded 41 velocity dispersions from literature CSV: /Users/matthewsmawfield/www/Temporal Equivalence Principle/TEP-H0/data/raw/external/velocity_dispersions_literature_regenerated.csv[0m
[0;37m[13:04:34] [INFO] Found measured σ for 41/41 hosts (TEP-independent).[0m
[0;37m[13:04:34] [INFO] Processed Host Properties (Top 5)[0m
[0;37m[13:04:34] [INFO] +----------+---------+---------+--------------+[0m
[0;37m[13:04:34] [INFO] | Host     | z_HD    | LogMass | Sigma (km/s) |[0m
[0;37m[13:04:34] [INFO] +----------+---------+---------+--------------+[0m
[0;37m[13:04:34] [INFO] | LMC      | nan     | -       | 27.4         |[0m
[0;37m[13:04:34] [INFO] | M 101    | 0.00122 | 10.68   | 23.6         |[0m
[0;37m[13:04:34] [INFO] | NGC 1337 | nan     | -       | 93.7         |[0m
[0;37m[13:04:34] [INFO] | M 31     | nan     | -       | 169.8        |[0m
[0;37m[13:04:34] [INFO] | NGC 0691 | 0.00855 | 10.83   | 107.5        |[0m
[0;37m[13:04:34] [INFO] +----------+---------+---------+--------------+[0m
[1;32m[13:04:34] [SUCCESS] Processed 41 hosts. Found Sigma for 41 hosts.[0m
[1;32m[13:04:34] [SUCCESS] Saved processed host data to /Users/matthewsmawfield/www/Temporal Equivalence Principle/TEP-H0/data/processed/hosts_processed.csv[0m
[1;32m[13:04:34] [SUCCESS] Step 1 Complete.[0m
[1;32m[13:04:34] [SUCCESS] Step 1 (Ingestion) completed successfully.[0m
[0;37m[13:04:34] [INFO] [0m
[0;37m[13:04:34] [INFO] ================================================================================[0m
[0;37m[13:04:34] [INFO]    >>> STEP 1b: APERTURE CORRECTION[0m
[0;37m[13:04:34] [INFO] ================================================================================[0m
[0;37m[13:04:34] [INFO] [0m
[0;34m[13:04:34] [PROCESS] Fetching host metadata (RC3) for aperture normalization...[0m
[0;37m[13:04:34] [INFO] Fetching Galaxy Metadata (RC3)[0m
[0;37m[13:04:34] [INFO] Loaded 41 hosts for metadata enrichment.[0m
[0;34m[13:04:34] [PROCESS] Querying Vizier (Catalog VII/155)...[0m
[1;32m[13:04:34] [SUCCESS] Metadata Retrieval Complete. Found RC3 data for 41/41 hosts.[0m
[0;37m[13:04:34] [INFO] Sample Galaxy Metadata (RC3)[0m
[0;37m[13:04:34] [INFO] +----------+----------+----------+------------+[0m
[0;37m[13:04:34] [INFO] | Host     | log(D25) | R25 ('') | R_eff ('') |[0m
[0;37m[13:04:34] [INFO] +----------+----------+----------+------------+[0m
[0;37m[13:04:34] [INFO] | LMC      | 3.81     | 19369.6  | 9684.8     |[0m
[0;37m[13:04:34] [INFO] | M 101    | 2.46     | 865.2    | 432.6      |[0m
[0;37m[13:04:34] [INFO] | NGC 1337 | 1.76     | 172.6    | 86.3       |[0m
[0;37m[13:04:34] [INFO] | M 31     | 3.28     | 5716.4   | 2858.2     |[0m
[0;37m[13:04:34] [INFO] | NGC 0691 | 1.54     | 104.0    | 52.0       |[0m
[0;37m[13:04:34] [INFO] +----------+----------+----------+------------+[0m
[1;32m[13:04:34] [SUCCESS] Saved enriched metadata to /Users/matthewsmawfield/www/Temporal Equivalence Principle/TEP-H0/data/processed/hosts_metadata_enriched.csv[0m
[0;37m[13:04:34] [INFO] [0m
[0;37m[13:04:34] [INFO] ================================================================================[0m
[0;37m[13:04:34] [INFO]    Starting Step 1b: Aperture Correction[0m
[0;37m[13:04:34] [INFO] ================================================================================[0m
[0;37m[13:04:34] [INFO] [0m
[0;37m[13:04:34] [INFO] Initializing Aperture Correction Protocol[0m
[0;37m[13:04:34] [INFO] Loaded 41 hosts from pipeline processing.[0m
[0;34m[13:04:34] [PROCESS] Merging enriched metadata (R_eff, R25)...[0m
[0;37m[13:04:34] [INFO] Correction Parameters (Jorgensen et al. 1995):[0m
[0;37m[13:04:34] [INFO]   Beta (Slope):       0.04[0m
[0;37m[13:04:34] [INFO]   Aperture Radius:    1.5 arcsec[0m
[0;37m[13:04:34] [INFO]   Norm Radius:        R_eff / 8[0m
[0;34m[13:04:34] [PROCESS] Calculating corrections...[0m
[0;37m[13:04:34] [INFO] Aperture Correction Samples[0m
[0;37m[13:04:34] [INFO] +----------+-----------+-----------+------------+--------+[0m
[0;37m[13:04:34] [INFO] | Host     | R_eff (") | Raw Sigma | Corr Sigma | Delta  |[0m
[0;37m[13:04:34] [INFO] +----------+-----------+-----------+------------+--------+[0m
[0;37m[13:04:34] [INFO] | LMC      | 9684.8    | 27.4      | 21.0       | -6.44  |[0m
[0;37m[13:04:34] [INFO] | M 101    | 432.6     | 23.6      | 20.4       | -3.15  |[0m
[0;37m[13:04:34] [INFO] | NGC 1337 | 86.3      | 93.7      | 86.6       | -7.11  |[0m
[0;37m[13:04:34] [INFO] | M 31     | 2858.2    | 169.8     | 136.4      | -33.39 |[0m
[0;37m[13:04:34] [INFO] | NGC 0691 | 52.0      | 107.5     | 101.4      | -6.12  |[0m
[0;37m[13:04:34] [INFO] +----------+-----------+-----------+------------+--------+[0m
[1;32m[13:04:34] [SUCCESS] Applied corrections to 41/41 hosts.[0m
[0;37m[13:04:34] [INFO] Mean Velocity Dispersion Change: -6.30 km/s[0m
[1;32m[13:04:34] [SUCCESS] Updated /Users/matthewsmawfield/www/Temporal Equivalence Principle/TEP-H0/data/processed/hosts_processed.csv with homogenized velocity dispersions.[0m
[1;32m[13:04:34] [SUCCESS] Step 1b Complete.[0m
[1;32m[13:04:34] [SUCCESS] Step 1b (Aperture Correction) completed successfully.[0m
[0;37m[13:04:34] [INFO] [0m
[0;37m[13:04:34] [INFO] ================================================================================[0m
[0;37m[13:04:34] [INFO]    >>> STEP 2: STRATIFICATION[0m
[0;37m[13:04:34] [INFO] ================================================================================[0m
[0;37m[13:04:34] [INFO] [0m
[0;37m[13:04:34] [INFO] [0m
[0;37m[13:04:34] [INFO] ================================================================================[0m
[0;37m[13:04:34] [INFO]    Starting Step 2: Stratification[0m
[0;37m[13:04:34] [INFO] ================================================================================[0m
[0;37m[13:04:34] [INFO] [0m
[0;37m[13:04:34] [INFO] Loading and Merging Datasets...[0m
[0;37m[13:04:34] [INFO] Merged 39 galaxies (Distances + Properties).[0m
[0;37m[13:04:34] [INFO] Calculating Individual H0 Values...[0m
[1;33m[13:04:34] [WARNING] Excluded 7 low-z hosts (z < 0.0035) to minimize peculiar velocity errors.[0m
[1;32m[13:04:34] [SUCCESS] Final Sample Size: 29 SN Ia Hosts[0m
[0;37m[13:04:34] [INFO] Sample H0 Calculations[0m
[0;37m[13:04:34] [INFO] +----------+--------+----------+---------+---------------+[0m
[0;37m[13:04:34] [INFO] | Host     | z_HD   | mu (mag) | D (Mpc) | H0 (km/s/Mpc) |[0m
[0;37m[13:04:34] [INFO] +----------+--------+----------+---------+---------------+[0m
[0;37m[13:04:34] [INFO] | NGC 0691 | 0.0086 | 32.822   | 36.7    | 69.88         |[0m
[0;37m[13:04:34] [INFO] | NGC 1015 | 0.0081 | 32.618   | 33.4    | 73.19         |[0m
[0;37m[13:04:34] [INFO] | NGC 105  | 0.0168 | 34.493   | 79.2    | 63.68         |[0m
[0;37m[13:04:34] [INFO] | NGC 1309 | 0.0072 | 32.509   | 31.8    | 67.88         |[0m
[0;37m[13:04:34] [INFO] | NGC 1365 | 0.0048 | 31.325   | 18.4    | 78.65         |[0m
[0;37m[13:04:34] [INFO] +----------+--------+----------+---------+---------------+[0m
[0;37m[13:04:34] [INFO] Estimating Host Environmental Densities & Shear Suppression...[0m
[0;37m[13:04:34] [INFO] Calculated densities for 29 hosts.[0m
[0;37m[13:04:34] [INFO] Mean Host Density: 0.1132 M_sun/pc^3[0m
[0;37m[13:04:34] [INFO] Density Range: [0.0001, 1.7591][0m
[0;37m[13:04:34] [INFO] Mean Shear Suppression (S): 0.946[0m
[0;37m[13:04:34] [INFO] Suppression Range: [0.075, 1.000][0m
[1;33m[13:04:34] [WARNING] Hosts with appreciable shear suppression (S < 0.8, N=2):[0m
[1;33m[13:04:34] [WARNING]   - NGC 2442: rho=1.759, S=0.075[0m
[1;33m[13:04:34] [WARNING]   - NGC 3021: rho=0.256, S=0.793[0m
[0;37m[13:04:34] [INFO] Annotating Large-Scale Environment (Tully 2015 groups)...[0m
[0;37m[13:04:34] [INFO] Matched 26/29 hosts to Tully 2015 group catalog.[0m
[0;37m[13:04:34] [INFO] Stratification Analysis (Low vs High Potential)[0m
[0;37m[13:04:34] [INFO] Stratified H0 Results[0m
[0;37m[13:04:34] [INFO] +----------------+-------------+----+---------+---------+[0m
[0;37m[13:04:34] [INFO] | Bin            | Sigma Range | N  | Mean H0 | Std Err |[0m
[0;37m[13:04:34] [INFO] +----------------+-------------+----+---------+---------+[0m
[0;37m[13:04:34] [INFO] | Low Potential  | <= 89.5     | 15 | 67.82   | 0.90    |[0m
[0;37m[13:04:34] [INFO] | High Potential | > 89.5      | 14 | 72.45   | 1.04    |[0m
[0;37m[13:04:34] [INFO] | Difference     | -           | -  | +4.63   | -       |[0m
[0;37m[13:04:34] [INFO] +----------------+-------------+----+---------+---------+[0m
[0;37m[13:04:34] [INFO] Median Velocity Dispersion: 89.54 km/s[0m
[1;35m[13:04:34] [TEST] Correlation (Sigma vs H0): r = 0.462[0m
[1;33m[13:04:34] [WARNING] Significant Environmental Bias Detected (+4.63 km/s/Mpc)[0m
[1;32m[13:04:34] [SUCCESS] Saved stratified data to /Users/matthewsmawfield/www/Temporal Equivalence Principle/TEP-H0/results/outputs/stratified_h0.csv[0m
[1;32m[13:04:34] [SUCCESS] Saved analysis metrics to /Users/matthewsmawfield/www/Temporal Equivalence Principle/TEP-H0/results/outputs/stratification_results.json[0m
[0;34m[13:04:34] [PROCESS] Generating Diagnostic Plots...[0m
[1;32m[13:04:35] [SUCCESS] Saved plot to /Users/matthewsmawfield/www/Temporal Equivalence Principle/TEP-H0/results/figures/h0_vs_sigma.png[0m
[1;32m[13:04:35] [SUCCESS] Copied plot to /Users/matthewsmawfield/www/Temporal Equivalence Principle/TEP-H0/site/public/figures/h0_vs_sigma.png[0m
[1;32m[13:04:35] [SUCCESS] Step 2 Complete.[0m
[1;32m[13:04:35] [SUCCESS] Step 2 (Stratification) completed successfully.[0m
[0;37m[13:04:35] [INFO] [0m
[0;37m[13:04:35] [INFO] ================================================================================[0m
[0;37m[13:04:35] [INFO]    >>> STEP 3: TEP CORRECTION[0m
[0;37m[13:04:35] [INFO] ================================================================================[0m
[0;37m[13:04:35] [INFO] [0m
[0;37m[13:04:35] [INFO] [0m
[0;37m[13:04:35] [INFO] ================================================================================[0m
[0;37m[13:04:35] [INFO]    Starting Step 3: TEP Correction[0m
[0;37m[13:04:35] [INFO] ================================================================================[0m
[0;37m[13:04:35] [INFO] [0m
[0;37m[13:04:35] [INFO] Loading Data...[0m
[0;37m[13:04:35] [INFO] Loaded 29 hosts for correction.[0m
[0;37m[13:04:35] [INFO] Calculating Effective Calibrator Sigma...[0m
[0;37m[13:04:35] [INFO] Using SH0ES-motivated weights (based on P-L contribution).[0m
[0;37m[13:04:35] [INFO] Geometric Anchor Sample[0m
[0;37m[13:04:35] [INFO] +--------+--------------+--------+----------------------------+[0m
[0;37m[13:04:35] [INFO] | Anchor | Sigma (km/s) | Weight | Description                |[0m
[0;37m[13:04:35] [INFO] +--------+--------------+--------+----------------------------+[0m
[0;37m[13:04:35] [INFO] | MW     | 30.0         | 0.20   | Milky Way Disk (Bovy+2012) |[0m
[0;37m[13:04:35] [INFO] | LMC    | 24.0         | 0.25   | LMC Disk (vdMarel+2002)    |[0m
[0;37m[13:04:35] [INFO] | N4258  | 115.0        | 0.55   | NGC 4258 Disk (K&H2013)    |[0m
[0;37m[13:04:35] [INFO] +--------+--------------+--------+----------------------------+[0m
[1;32m[13:04:35] [SUCCESS] Effective Reference Sigma (σ_ref): 75.25 km/s[0m
[0;37m[13:04:35] [INFO] Optimizing TEP Coupling (Alpha)...[0m
[0;37m[13:04:35] [INFO] Optimization converged: True[0m
[1;32m[13:04:35] [SUCCESS] Optimal Coupling Constant (α): 1.050e+06 mag  (σ^2/c^2 units)[0m
[0;37m[13:04:35] [INFO] Mean effective coupling (α·⟨S⟩): 9.932e+05[0m
[0;37m[13:04:35] [INFO] Applying Conformal Correction...[0m
[0;37m[13:04:35] [INFO] Sample Corrections (Suppression-Aware)[0m
[0;37m[13:04:35] [INFO] +----------+-------+--------+----------+------------+----------+[0m
[0;37m[13:04:35] [INFO] | Host     | Sigma | S(rho) | H0 (Raw) | Corr (mag) | H0 (TEP) |[0m
[0;37m[13:04:35] [INFO] +----------+-------+--------+----------+------------+----------+[0m
[0;37m[13:04:35] [INFO] | NGC 5917 | 53.1  | 0.998  | 72.56    | -0.0331    | 73.68    |[0m
[0;37m[13:04:35] [INFO] | NGC 2608 | 83.0  | 0.971  | 76.42    | +0.0140    | 75.93    |[0m
[0;37m[13:04:35] [INFO] | NGC 3370 | 89.5  | 0.995  | 65.72    | +0.0274    | 64.90    |[0m
[0;37m[13:04:35] [INFO] | NGC 4639 | 91.4  | 0.995  | 47.25    | +0.0312    | 46.58    |[0m
[0;37m[13:04:35] [INFO] | NGC 976  | 212.4 | 0.824  | 76.91    | +0.3793    | 64.58    |[0m
[0;37m[13:04:35] [INFO] +----------+-------+--------+----------+------------+----------+[0m
[0;37m[13:04:35] [INFO] ------------------------------------------------------------[0m
[1;32m[13:04:35] [SUCCESS] UNIFIED H0 (Statistical): 68.17 +/- 1.30 km/s/Mpc[0m
[0;37m[13:04:35] [INFO] Note: This error (SEM) assumes alpha is fixed/known perfectly.[0m
[0;37m[13:04:35] [INFO] ------------------------------------------------------------[0m
[0;34m[13:04:35] [PROCESS] Generating Comparison Plots...[0m
[1;32m[13:04:35] [SUCCESS] Saved comparison plot to /Users/matthewsmawfield/www/Temporal Equivalence Principle/TEP-H0/results/figures/tep_correction_comparison.png[0m
[1;32m[13:04:35] [SUCCESS] Copied comparison plot to /Users/matthewsmawfield/www/Temporal Equivalence Principle/TEP-H0/site/public/figures/tep_correction_comparison.png[0m
[0;37m[13:04:35] [INFO] Bootstrap Uncertainty Analysis (N=1000)...[0m
[0;37m[13:04:36] [INFO] Bootstrap Results (Includes Optimization Uncertainty)[0m
[0;37m[13:04:36] [INFO] +--------------+-----------+------------------------+------------------------+[0m
[0;37m[13:04:36] [INFO] | Parameter    | Mean      | Std Dev (Robust Error) | 95% CI                 |[0m
[0;37m[13:04:36] [INFO] +--------------+-----------+------------------------+------------------------+[0m
[0;37m[13:04:36] [INFO] | Alpha (α)    | 1.158e+06 | 4.273e+05              | [6.320e+05, 2.408e+06] |[0m
[0;37m[13:04:36] [INFO] | H0 (Unified) | 68.14     | 1.49                   | [65.07, 70.93]         |[0m
[0;37m[13:04:36] [INFO] +--------------+-----------+------------------------+------------------------+[0m
[0;34m[13:04:36] [PROCESS] Sensitivity Analysis (Sigma Ref Scan)...[0m
[0;37m[13:04:36] [INFO] Optimizing TEP Coupling (Alpha)...[0m
[0;37m[13:04:36] [INFO] Optimization converged: True[0m
[1;32m[13:04:36] [SUCCESS] Optimal Coupling Constant (α): 1.072e+06 mag  (σ^2/c^2 units)[0m
[0;37m[13:04:36] [INFO] Mean effective coupling (α·⟨S⟩): 1.014e+06[0m
[0;37m[13:04:36] [INFO] Optimizing TEP Coupling (Alpha)...[0m
[0;37m[13:04:36] [INFO] Optimization converged: True[0m
[1;32m[13:04:36] [SUCCESS] Optimal Coupling Constant (α): 1.070e+06 mag  (σ^2/c^2 units)[0m
[0;37m[13:04:36] [INFO] Mean effective coupling (α·⟨S⟩): 1.013e+06[0m
[0;37m[13:04:36] [INFO] Optimizing TEP Coupling (Alpha)...[0m
[0;37m[13:04:36] [INFO] Optimization converged: True[0m
[1;32m[13:04:36] [SUCCESS] Optimal Coupling Constant (α): 1.068e+06 mag  (σ^2/c^2 units)[0m
[0;37m[13:04:36] [INFO] Mean effective coupling (α·⟨S⟩): 1.011e+06[0m
[0;37m[13:04:36] [INFO] Optimizing TEP Coupling (Alpha)...[0m
[0;37m[13:04:36] [INFO] Optimization converged: True[0m
[1;32m[13:04:36] [SUCCESS] Optimal Coupling Constant (α): 1.066e+06 mag  (σ^2/c^2 units)[0m
[0;37m[13:04:36] [INFO] Mean effective coupling (α·⟨S⟩): 1.009e+06[0m
[0;37m[13:04:36] [INFO] Optimizing TEP Coupling (Alpha)...[0m
[0;37m[13:04:36] [INFO] Optimization converged: True[0m
[1;32m[13:04:36] [SUCCESS] Optimal Coupling Constant (α): 1.064e+06 mag  (σ^2/c^2 units)[0m
[0;37m[13:04:36] [INFO] Mean effective coupling (α·⟨S⟩): 1.007e+06[0m
[0;37m[13:04:36] [INFO] Optimizing TEP Coupling (Alpha)...[0m
[0;37m[13:04:36] [INFO] Optimization converged: True[0m
[1;32m[13:04:36] [SUCCESS] Optimal Coupling Constant (α): 1.061e+06 mag  (σ^2/c^2 units)[0m
[0;37m[13:04:36] [INFO] Mean effective coupling (α·⟨S⟩): 1.004e+06[0m
[0;37m[13:04:36] [INFO] Optimizing TEP Coupling (Alpha)...[0m
[0;37m[13:04:36] [INFO] Optimization converged: True[0m
[1;32m[13:04:36] [SUCCESS] Optimal Coupling Constant (α): 1.058e+06 mag  (σ^2/c^2 units)[0m
[0;37m[13:04:36] [INFO] Mean effective coupling (α·⟨S⟩): 1.001e+06[0m
[0;37m[13:04:36] [INFO] Optimizing TEP Coupling (Alpha)...[0m
[0;37m[13:04:36] [INFO] Optimization converged: True[0m
[1;32m[13:04:36] [SUCCESS] Optimal Coupling Constant (α): 1.055e+06 mag  (σ^2/c^2 units)[0m
[0;37m[13:04:36] [INFO] Mean effective coupling (α·⟨S⟩): 9.983e+05[0m
[0;37m[13:04:36] [INFO] Optimizing TEP Coupling (Alpha)...[0m
[0;37m[13:04:36] [INFO] Optimization converged: True[0m
[1;32m[13:04:36] [SUCCESS] Optimal Coupling Constant (α): 1.052e+06 mag  (σ^2/c^2 units)[0m
[0;37m[13:04:36] [INFO] Mean effective coupling (α·⟨S⟩): 9.952e+05[0m
[0;37m[13:04:36] [INFO] Optimizing TEP Coupling (Alpha)...[0m
[0;37m[13:04:36] [INFO] Optimization converged: True[0m
[1;32m[13:04:36] [SUCCESS] Optimal Coupling Constant (α): 1.048e+06 mag  (σ^2/c^2 units)[0m
[0;37m[13:04:36] [INFO] Mean effective coupling (α·⟨S⟩): 9.918e+05[0m
[0;37m[13:04:36] [INFO] Optimizing TEP Coupling (Alpha)...[0m
[0;37m[13:04:36] [INFO] Optimization converged: True[0m
[1;32m[13:04:36] [SUCCESS] Optimal Coupling Constant (α): 1.044e+06 mag  (σ^2/c^2 units)[0m
[0;37m[13:04:36] [INFO] Mean effective coupling (α·⟨S⟩): 9.882e+05[0m
[0;37m[13:04:36] [INFO] Optimizing TEP Coupling (Alpha)...[0m
[0;37m[13:04:36] [INFO] Optimization converged: True[0m
[1;32m[13:04:36] [SUCCESS] Optimal Coupling Constant (α): 1.040e+06 mag  (σ^2/c^2 units)[0m
[0;37m[13:04:36] [INFO] Mean effective coupling (α·⟨S⟩): 9.844e+05[0m
[0;37m[13:04:36] [INFO] Optimizing TEP Coupling (Alpha)...[0m
[0;37m[13:04:36] [INFO] Optimization converged: True[0m
[1;32m[13:04:36] [SUCCESS] Optimal Coupling Constant (α): 1.036e+06 mag  (σ^2/c^2 units)[0m
[0;37m[13:04:36] [INFO] Mean effective coupling (α·⟨S⟩): 9.804e+05[0m
[0;37m[13:04:36] [INFO] Optimizing TEP Coupling (Alpha)...[0m
[0;37m[13:04:36] [INFO] Optimization converged: True[0m
[1;32m[13:04:36] [SUCCESS] Optimal Coupling Constant (α): 1.032e+06 mag  (σ^2/c^2 units)[0m
[0;37m[13:04:36] [INFO] Mean effective coupling (α·⟨S⟩): 9.763e+05[0m
[0;37m[13:04:36] [INFO] Optimizing TEP Coupling (Alpha)...[0m
[0;37m[13:04:36] [INFO] Optimization converged: True[0m
[1;32m[13:04:36] [SUCCESS] Optimal Coupling Constant (α): 1.027e+06 mag  (σ^2/c^2 units)[0m
[0;37m[13:04:36] [INFO] Mean effective coupling (α·⟨S⟩): 9.720e+05[0m
[0;37m[13:04:36] [INFO] Optimizing TEP Coupling (Alpha)...[0m
[0;37m[13:04:36] [INFO] Optimization converged: True[0m
[1;32m[13:04:36] [SUCCESS] Optimal Coupling Constant (α): 1.022e+06 mag  (σ^2/c^2 units)[0m
[0;37m[13:04:36] [INFO] Mean effective coupling (α·⟨S⟩): 9.675e+05[0m
[0;37m[13:04:36] [INFO] Optimizing TEP Coupling (Alpha)...[0m
[0;37m[13:04:36] [INFO] Optimization converged: True[0m
[1;32m[13:04:36] [SUCCESS] Optimal Coupling Constant (α): 1.017e+06 mag  (σ^2/c^2 units)[0m
[0;37m[13:04:36] [INFO] Mean effective coupling (α·⟨S⟩): 9.628e+05[0m
[0;37m[13:04:36] [INFO] Optimizing TEP Coupling (Alpha)...[0m
[0;37m[13:04:36] [INFO] Optimization converged: True[0m
[1;32m[13:04:36] [SUCCESS] Optimal Coupling Constant (α): 1.012e+06 mag  (σ^2/c^2 units)[0m
[0;37m[13:04:36] [INFO] Mean effective coupling (α·⟨S⟩): 9.580e+05[0m
[0;37m[13:04:36] [INFO] Optimizing TEP Coupling (Alpha)...[0m
[0;37m[13:04:36] [INFO] Optimization converged: True[0m
[1;32m[13:04:36] [SUCCESS] Optimal Coupling Constant (α): 1.007e+06 mag  (σ^2/c^2 units)[0m
[0;37m[13:04:36] [INFO] Mean effective coupling (α·⟨S⟩): 9.531e+05[0m
[0;37m[13:04:36] [INFO] Optimizing TEP Coupling (Alpha)...[0m
[0;37m[13:04:36] [INFO] Optimization converged: True[0m
[1;32m[13:04:36] [SUCCESS] Optimal Coupling Constant (α): 1.002e+06 mag  (σ^2/c^2 units)[0m
[0;37m[13:04:36] [INFO] Mean effective coupling (α·⟨S⟩): 9.480e+05[0m
[1;32m[13:04:36] [SUCCESS] Saved sensitivity plot to /Users/matthewsmawfield/www/Temporal Equivalence Principle/TEP-H0/results/figures/sensitivity_h0_vs_sigmaref.png[0m
[1;32m[13:04:36] [SUCCESS] Copied sensitivity plot to /Users/matthewsmawfield/www/Temporal Equivalence Principle/TEP-H0/site/public/figures/sensitivity_h0_vs_sigmaref.png[0m
[0;37m[13:04:36] [INFO] Final Tension Analysis[0m
[0;37m[13:04:36] [INFO] Planck 2018 Value: 67.4 +/- 0.5[0m
[0;37m[13:04:36] [INFO] ------------------------------------------------------------[0m
[0;37m[13:04:36] [INFO] TEP Unified Value: 68.17[0m
[0;37m[13:04:36] [INFO]   +/- 1.30 (Statistical SEM)[0m
[0;37m[13:04:36] [INFO]   +/- 1.49 (Robust Bootstrap)[0m
[0;37m[13:04:36] [INFO] ------------------------------------------------------------[0m
[0;37m[13:04:36] [INFO] Tension (Statistical): 0.55 sigma[0m
[0;37m[13:04:36] [INFO] Tension (Robust):      0.49 sigma[0m
[1;32m[13:04:36] [SUCCESS] CONCLUSION: Result is consistent with Planck CMB (Robust).[0m
[1;32m[13:04:36] [SUCCESS] Saved results JSON to /Users/matthewsmawfield/www/Temporal Equivalence Principle/TEP-H0/results/outputs/tep_correction_results.json[0m
[1;32m[13:04:36] [SUCCESS] Saved corrected data to /Users/matthewsmawfield/www/Temporal Equivalence Principle/TEP-H0/results/outputs/tep_corrected_h0.csv[0m
[1;32m[13:04:36] [SUCCESS] Step 3 (Optimization) completed successfully.[0m
[0;37m[13:04:36] [INFO] [0m
[0;37m[13:04:36] [INFO] ================================================================================[0m
[0;37m[13:04:36] [INFO]    >>> STEP 4: ROBUSTNESS CHECKS[0m
[0;37m[13:04:36] [INFO] ================================================================================[0m
[0;37m[13:04:36] [INFO] [0m
[0;34m[13:04:36] [PROCESS] Running Jackknife and Bivariate Analysis...[0m
[0;37m[13:04:36] [INFO] [0m
[0;37m[13:04:36] [INFO] ================================================================================[0m
[0;37m[13:04:36] [INFO]    Starting Step 4: Robustness Checks[0m
[0;37m[13:04:36] [INFO] ================================================================================[0m
[0;37m[13:04:36] [INFO] [0m
[0;37m[13:04:36] [INFO] Initiating Jackknife Analysis...[0m
[0;37m[13:04:36] [INFO] Loaded 29 hosts for Jackknife stability test.[0m
[0;37m[13:04:40] [INFO] Correlation Tests (H0 vs Sigma)[0m
[0;37m[13:04:40] [INFO] +------------------+-----------+---------+----------------------------+[0m
[0;37m[13:04:40] [INFO] | Test             | Statistic | p-value | Interpretation             |[0m
[0;37m[13:04:40] [INFO] +------------------+-----------+---------+----------------------------+[0m
[0;37m[13:04:40] [INFO] | Pearson r        | 0.4622    | 0.0116  | Parametric                 |[0m
[0;37m[13:04:40] [INFO] | Spearman ρ       | 0.5113    | 0.0046  | Non-parametric (rank)      |[0m
[0;37m[13:04:40] [INFO] | Bootstrap p      | -         | 0.0127  | Permutation (N=10000)      |[0m
[0;37m[13:04:40] [INFO] | GLS slope        | 11.172    | 0.0000  | Covariance-aware Wald test |[0m
[0;37m[13:04:40] [INFO] | Pearson p (cov)  | 0.4622    | 0.0266  | Parametric MVN null        |[0m
[0;37m[13:04:40] [INFO] | Spearman p (cov) | 0.5113    | 0.0080  | Parametric MVN null        |[0m
[0;37m[13:04:40] [INFO] +------------------+-----------+---------+----------------------------+[0m
[1;32m[13:04:40] [SUCCESS] Saved covariance-aware results to /Users/matthewsmawfield/www/Temporal Equivalence Principle/TEP-H0/results/outputs/covariance_robustness.json[0m
[1;32m[13:04:40] [SUCCESS] Bootstrap p = 0.0127 < 0.05: Correlation is SIGNIFICANT.[0m
[0;37m[13:04:40] [INFO] Jackknife Range: r in [0.4291, 0.5416][0m
[1;32m[13:04:40] [SUCCESS] CONCLUSION: Correlation is ROBUST. No single host drives the trend.[0m
[0;37m[13:04:40] [INFO] Most Influential Hosts (Supports Trend)[0m
[0;37m[13:04:40] [INFO] +----------+-------------+---------+[0m
[0;37m[13:04:40] [INFO] | Host     | r (without) | Delta r |[0m
[0;37m[13:04:40] [INFO] +----------+-------------+---------+[0m
[0;37m[13:04:40] [INFO] | NGC 3147 | 0.4291      | -0.0331 |[0m
[0;37m[13:04:40] [INFO] | NGC 5728 | 0.4301      | -0.0320 |[0m
[0;37m[13:04:40] [INFO] | NGC 7250 | 0.4327      | -0.0295 |[0m
[0;37m[13:04:40] [INFO] +----------+-------------+---------+[0m
[0;34m[13:04:40] [PROCESS] Generating Jackknife influence plot...[0m
[1;32m[13:04:41] [SUCCESS] Saved Jackknife plot to /Users/matthewsmawfield/www/Temporal Equivalence Principle/TEP-H0/results/figures/jackknife_influence.png[0m
[1;32m[13:04:41] [SUCCESS] Copied Jackknife plot to /Users/matthewsmawfield/www/Temporal Equivalence Principle/TEP-H0/site/public/figures/jackknife_influence.png[0m
[0;37m[13:04:41] [INFO] Initiating Out-of-Sample Validation (Alpha)[0m
[0;37m[13:04:41] [INFO] Out-of-Sample Validation Summary[0m
[0;37m[13:04:41] [INFO] +------------+------------------------+-------------------------+[0m
[0;37m[13:04:41] [INFO] | Validation | Metric                 | Value                   |[0m
[0;37m[13:04:41] [INFO] +------------+------------------------+-------------------------+[0m
[0;37m[13:04:41] [INFO] | Baseline   | Slope dH0/dsigma       | 0.0851                  |[0m
[0;37m[13:04:41] [INFO] | Baseline   | Pearson r (p)          | 0.462 (0.0116)          |[0m
[0;37m[13:04:41] [INFO] | Baseline   | Spearman rho (p)       | 0.511 (0.0046)          |[0m
[0;37m[13:04:41] [INFO] | Train/Test | alpha mean ± std       | 950071.472 ± 215207.659 |[0m
[0;37m[13:04:41] [INFO] | Train/Test | test slope median      | 0.0109                  |[0m
[0;37m[13:04:41] [INFO] | Train/Test | test |r| median        | 0.250                   |[0m
[0;37m[13:04:41] [INFO] | Train/Test | test H0 mean (median)  | 67.87                   |[0m
[0;37m[13:04:41] [INFO] | LOOCV      | alpha mean ± std       | 944241.859 ± 54742.731  |[0m
[0;37m[13:04:41] [INFO] | LOOCV      | pred slope dH0/dsigma  | -0.0078                 |[0m
[0;37m[13:04:41] [INFO] | LOOCV      | Pearson r (p)          | -0.046 (0.8107)         |[0m
[0;37m[13:04:41] [INFO] | LOOCV      | Spearman rho (p)       | 0.030 (0.8770)          |[0m
[0;37m[13:04:41] [INFO] | LOOCV      | H0 mean ± SEM          | 68.03 ± 1.31            |[0m
[0;37m[13:04:41] [INFO] | LOOCV      | Planck tension (sigma) | 0.45                    |[0m
[0;37m[13:04:41] [INFO] +------------+------------------------+-------------------------+[0m
[1;32m[13:04:41] [SUCCESS] Saved out-of-sample validation to /Users/matthewsmawfield/www/Temporal Equivalence Principle/TEP-H0/results/outputs/out_of_sample_validation.json[0m
[0;37m[13:04:41] [INFO] Initiating Bivariate Analysis...[0m
[0;37m[13:04:41] [INFO] Loaded 29 hosts for Bivariate Analysis.[0m
[0;37m[13:04:41] [INFO] Bivariate Analysis Results[0m
[0;37m[13:04:41] [INFO] +----------------------+------------------+-------------+---------+[0m
[0;37m[13:04:41] [INFO] | Relation             | Correlation Type | Coefficient | p-value |[0m
[0;37m[13:04:41] [INFO] +----------------------+------------------+-------------+---------+[0m
[0;37m[13:04:41] [INFO] | H0 vs Sigma          | Pearson (Raw)    | 0.462       | 0.0116  |[0m
[0;37m[13:04:41] [INFO] | H0 vs Metallicity    | Pearson (Raw)    | 0.304       | 0.1087  |[0m
[0;37m[13:04:41] [INFO] | Sigma vs Metallicity | Pearson (Raw)    | 0.191       | 0.3217  |[0m
[0;37m[13:04:41] [INFO] | H0 vs Sigma | Z      | Partial          | 0.432       | 0.0216  |[0m
[0;37m[13:04:41] [INFO] | H0 vs Z | Sigma      | Partial          | 0.248       | 0.2030  |[0m
[0;37m[13:04:41] [INFO] +----------------------+------------------+-------------+---------+[0m
[1;32m[13:04:41] [SUCCESS] Saved stats to /Users/matthewsmawfield/www/Temporal Equivalence Principle/TEP-H0/results/outputs/bivariate_stats.txt[0m
[1;32m[13:04:41] [SUCCESS] Saved bivariate plot to /Users/matthewsmawfield/www/Temporal Equivalence Principle/TEP-H0/results/figures/bivariate_h0_sigma_metallicity.png[0m
[1;32m[13:04:41] [SUCCESS] Copied bivariate plot to /Users/matthewsmawfield/www/Temporal Equivalence Principle/TEP-H0/site/public/figures/bivariate_h0_sigma_metallicity.png[0m
[0;37m[13:04:41] [INFO] Redshift Cut Sensitivity Scan...[0m
[1;32m[13:04:42] [SUCCESS] Saved redshift cut sensitivity results to /Users/matthewsmawfield/www/Temporal Equivalence Principle/TEP-H0/results/outputs/redshift_cut_sensitivity.txt[0m
[0;37m[13:04:42] [INFO] Redshift Cut Sensitivity (H0 vs Sigma)[0m
[0;37m[13:04:42] [INFO] +--------+----+-----------+------------+--------+[0m
[0;37m[13:04:42] [INFO] | z_cut  | N  | Pearson r | Spearman ρ | Perm p |[0m
[0;37m[13:04:42] [INFO] +--------+----+-----------+------------+--------+[0m
[0;37m[13:04:42] [INFO] | 0.0035 | 29 | 0.462     | 0.511      | 0.0108 |[0m
[0;37m[13:04:42] [INFO] | 0.0050 | 23 | 0.439     | 0.365      | 0.0320 |[0m
[0;37m[13:04:42] [INFO] | 0.0100 | 5  | 0.920     | 0.800      | 0.0702 |[0m
[0;37m[13:04:42] [INFO] | 0.0200 | 0  | nan       | nan        | nan    |[0m
[0;37m[13:04:42] [INFO] +--------+----+-----------+------------+--------+[0m
[0;37m[13:04:42] [INFO] Flow/Environment Confound Robustness...[0m
[1;32m[13:04:44] [SUCCESS] Saved flow/environment robustness results to /Users/matthewsmawfield/www/Temporal Equivalence Principle/TEP-H0/results/outputs/flow_environment_robustness.txt[0m
[0;37m[13:04:44] [INFO] Flow + Environment Controls[0m
[0;37m[13:04:44] [INFO] +-----------------------------+-----------+---------+----+[0m
[0;37m[13:04:44] [INFO] | Test                        | Statistic | p-value | N  |[0m
[0;37m[13:04:44] [INFO] +-----------------------------+-----------+---------+----+[0m
[0;37m[13:04:44] [INFO] | Baseline r(H0,Sigma)        | 0.462     | 0.0108  | 29 |[0m
[0;37m[13:04:44] [INFO] | Partial r(H0,Sigma|z)       | 0.418     | 0.0268  | 29 |[0m
[0;37m[13:04:44] [INFO] | Partial r(H0,Sigma|z,Nmb)   | 0.359     | 0.0657  | 29 |[0m
[0;37m[13:04:44] [INFO] | Partial r(H0,Sigma|z,logpK) | 0.550     | 0.0054  | 26 |[0m
[0;37m[13:04:44] [INFO] +-----------------------------+-----------+---------+----+[0m
[0;37m[13:04:44] [INFO] v_pec Monte Carlo Robustness[0m
[0;37m[13:04:44] [INFO] +-----------+----------------+[0m
[0;37m[13:04:44] [INFO] | MC Metric | Value          |[0m
[0;37m[13:04:44] [INFO] +-----------+----------------+[0m
[0;37m[13:04:44] [INFO] | N_hosts   | 29             |[0m
[0;37m[13:04:44] [INFO] | r_mean    | 0.309          |[0m
[0;37m[13:04:44] [INFO] | r_std     | 0.116          |[0m
[0;37m[13:04:44] [INFO] | r_95CI    | [0.073, 0.525] |[0m
[0;37m[13:04:44] [INFO] | P(r<=0)   | 0.0054         |[0m
[0;37m[13:04:44] [INFO] +-----------+----------------+[0m
[1;32m[13:04:44] [SUCCESS] Step 4 Complete.[0m
[0;34m[13:04:44] [PROCESS] Running Aperture Sensitivity Analysis...[0m
[0;37m[13:04:44] [INFO] [0m
[0;37m[13:04:44] [INFO] ================================================================================[0m
[0;37m[13:04:44] [INFO]    Starting Step 4b: Aperture Sensitivity Analysis[0m
[0;37m[13:04:44] [INFO] ================================================================================[0m
[0;37m[13:04:44] [INFO] [0m
[0;37m[13:04:44] [INFO] Using regenerated sigma catalog for provenance: /Users/matthewsmawfield/www/Temporal Equivalence Principle/TEP-H0/data/raw/external/velocity_dispersions_literature_regenerated.csv[0m
[1;32m[13:04:44] [SUCCESS] Saved sigma provenance table to /Users/matthewsmawfield/www/Temporal Equivalence Principle/TEP-H0/results/outputs/sigma_provenance_table.csv[0m
[0;37m[13:04:44] [INFO] Analyzing 29 hosts with both Raw and Corrected data.[0m
[1;32m[13:04:44] [SUCCESS] Saved aperture sensitivity grid to /Users/matthewsmawfield/www/Temporal Equivalence Principle/TEP-H0/results/outputs/aperture_sensitivity_grid.csv[0m
[1;32m[13:04:44] [SUCCESS] Saved aperture sensitivity summary to /Users/matthewsmawfield/www/Temporal Equivalence Principle/TEP-H0/results/outputs/aperture_sensitivity_summary.json[0m
[0;37m[13:04:44] [INFO] Sensitivity Results[0m
[0;37m[13:04:44] [INFO] +-----------------+-------------------------+-----------------------+[0m
[0;37m[13:04:44] [INFO] | Metric          | Raw Sigma (Uncorrected) | Corrected Sigma (Ref) |[0m
[0;37m[13:04:44] [INFO] +-----------------+-------------------------+-----------------------+[0m
[0;37m[13:04:44] [INFO] | Correlation (r) | 0.4659                  | 0.4622                |[0m
[0;37m[13:04:44] [INFO] | P-value         | 1.0854e-02              | 1.1600e-02            |[0m
[0;37m[13:04:44] [INFO] | Significance    | Weak                    | Significant (>99%)    |[0m
[0;37m[13:04:44] [INFO] +-----------------+-------------------------+-----------------------+[0m
[1;32m[13:04:44] [SUCCESS] CONCLUSION: The signal is ROBUST. It exists independently of aperture corrections.[0m
[0;34m[13:04:44] [PROCESS] Generating sensitivity plot...[0m
[1;32m[13:04:44] [SUCCESS] Saved plot to /Users/matthewsmawfield/www/Temporal Equivalence Principle/TEP-H0/results/figures/aperture_sensitivity.png[0m
[1;32m[13:04:44] [SUCCESS] Step 4b Complete.[0m
[1;32m[13:04:44] [SUCCESS] Step 4 (Robustness) completed successfully.[0m
[0;37m[13:04:44] [INFO] [0m
[0;37m[13:04:44] [INFO] ================================================================================[0m
[0;37m[13:04:44] [INFO]    >>> STEP 5: M31 ANALYSIS[0m
[0;37m[13:04:44] [INFO] ================================================================================[0m
[0;37m[13:04:44] [INFO] [0m
[0;37m[13:04:44] [INFO] [0m
[0;37m[13:04:44] [INFO] ================================================================================[0m
[0;37m[13:04:44] [INFO]    Starting Step 5: M31 Analysis[0m
[0;37m[13:04:44] [INFO] ================================================================================[0m
[0;37m[13:04:44] [INFO] [0m
[0;37m[13:04:44] [INFO] Initiating M31 Differential Analysis[0m
[0;34m[13:04:44] [PROCESS] Fetching M31 Cepheid data (Kodric et al. 2018)...[0m
[0;37m[13:04:45] [INFO] Retrieved main table.[0m
[1;32m[13:04:45] [SUCCESS] Retrieved 5356 Cepheids from Vizier.[0m
[0;37m[13:04:45] [INFO] Calculating Galactocentric Properties...[0m
[0;37m[13:04:45] [INFO] Radial Range: 0.6 - 93.5 kpc[0m
[0;37m[13:04:45] [INFO] M31 Subsamples[0m
[0;37m[13:04:45] [INFO] +--------+--------------+---------------------------+--------------+[0m
[0;37m[13:04:45] [INFO] | Region | Radius (kpc) | Mean Density (M_sun/pc^3) | N (Cepheids) |[0m
[0;37m[13:04:45] [INFO] +--------+--------------+---------------------------+--------------+[0m
[0;37m[13:04:45] [INFO] | Inner  | < 5.0        | 0.3092                    | 153          |[0m
[0;37m[13:04:45] [INFO] | Outer  | > 15.0       | 0.0060                    | 919          |[0m
[0;37m[13:04:45] [INFO] +--------+--------------+---------------------------+--------------+[0m
[0;37m[13:04:45] [INFO] Screening Threshold Summary (rho_trans=0.5 M_sun/pc^3)[0m
[0;37m[13:04:45] [INFO] +------------+--------------+---------------------------+-----+--------------+--------------+[0m
[0;37m[13:04:45] [INFO] | Region     | Cut          | Mean Density (M_sun/pc^3) | N   | N(ρ>ρ_trans) | f(ρ>ρ_trans) |[0m
[0;37m[13:04:45] [INFO] +------------+--------------+---------------------------+-----+--------------+--------------+[0m
[0;37m[13:04:45] [INFO] | Inner      | R < 5.0 kpc  | 0.3092                    | 153 | 14           | 0.092        |[0m
[0;37m[13:04:45] [INFO] | Inner core | R < 1.0 kpc  | 2.1591                    | 5   | 5            | 1.000        |[0m
[0;37m[13:04:45] [INFO] | Outer      | R > 15.0 kpc | 0.0060                    | 919 | 0            | 0.000        |[0m
[0;37m[13:04:45] [INFO] +------------+--------------+---------------------------+-----+--------------+--------------+[0m
[0;37m[13:04:45] [INFO] Fitting Period-Luminosity Relations...[0m
[0;37m[13:04:45] [INFO] P-L Fit Results (W = a + b*logP)[0m
[0;37m[13:04:45] [INFO] +--------+---------------+--------+---------------+[0m
[0;37m[13:04:45] [INFO] | Region | Intercept (a) | Error  | Slope (Fixed) |[0m
[0;37m[13:04:45] [INFO] +--------+---------------+--------+---------------+[0m
[0;37m[13:04:45] [INFO] | Inner  | 24.4306       | 0.1256 | -3.3          |[0m
[0;37m[13:04:45] [INFO] | Outer  | 24.0746       | 0.0516 | -3.3          |[0m
[0;37m[13:04:45] [INFO] | Offset | +0.3560       | 0.1357 | -             |[0m
[0;37m[13:04:45] [INFO] +--------+---------------+--------+---------------+[0m
[0;37m[13:04:45] [INFO] Detected Offset (Inner - Outer): +0.3560 mag (2.6 sigma)[0m
[1;32m[13:04:45] [SUCCESS] CONCLUSION: Significant environmental P-L offset detected.[0m
[1;32m[13:04:45] [SUCCESS] Saved results to /Users/matthewsmawfield/www/Temporal Equivalence Principle/TEP-H0/results/outputs/m31_results.csv[0m
[0;37m[13:04:45] [INFO] Running M31 robustness suite (matched subsamples and sensitivity tests)...[0m
[0;34m[13:04:45] [PROCESS] Fetching PHAT footprint for spatial restriction...[0m
[0;37m[13:04:45] [INFO] Identified 1683 Cepheids within PHAT footprint.[0m
[0;37m[13:04:45] [INFO] PHAT-restricted Offset: +0.6304 +/- 0.1948 mag[0m
[0;37m[13:05:21] [INFO] Inferred Wesenheit form: anchor='i', R0=2.88 (MAD score: i=0.005, r=0.005)[0m
[1;32m[13:05:21] [SUCCESS] Saved robustness summary to /Users/matthewsmawfield/www/Temporal Equivalence Principle/TEP-H0/results/outputs/m31_robustness_summary.csv[0m
[1;32m[13:05:21] [SUCCESS] Saved robustness summary JSON to /Users/matthewsmawfield/www/Temporal Equivalence Principle/TEP-H0/results/outputs/m31_robustness_summary.json[0m
[0;37m[13:05:21] [INFO] M31 Differential Robustness Summary[0m
[0;37m[13:05:21] [INFO] +--------------------+------+-------+-----------+-------------+---------+--------------------+[0m
[0;37m[13:05:21] [INFO] | Test               | N_in | N_out | N_matched | Delta (mag) | Std/Err | Central 68%        |[0m
[0;37m[13:05:21] [INFO] +--------------------+------+-------+-----------+-------------+---------+--------------------+[0m
[0;37m[13:05:21] [INFO] | Baseline           | 153  | 919   | -         | +0.3560     | 0.1357  | -                  |[0m
[0;37m[13:05:21] [INFO] | Matched logP       | 153  | 919   | 152.0     | +0.2529     | 0.1615  | [+0.1029, +0.4130] |[0m
[0;37m[13:05:21] [INFO] | Matched logP+color | 60   | 444   | 55.0      | -0.0170     | 0.1275  | [-0.1420, +0.1122] |[0m
[0;37m[13:05:21] [INFO] | Matched logP+eW    | 153  | 919   | 150.0     | -0.1030     | 0.1289  | [-0.2228, +0.0267] |[0m
[0;37m[13:05:21] [INFO] | MV match (Type)    | 153  | 919   | 29        | -0.1758     | 0.1043  | [-0.2809, -0.0745] |[0m
[0;37m[13:05:21] [INFO] | MV match (Strict)  | 20   | 205   | 10        | -0.1869     | 0.0630  | [-0.2475, -0.1235] |[0m
[0;37m[13:05:21] [INFO] | OLS inner (ctrl)   | 153  | 919   | -         | +0.1587     | 0.1156  | -                  |[0m
[0;37m[13:05:21] [INFO] | Metallicity γ req  | 153  | 919   | -         | +0.741      | -       | -                  |[0m
[0;37m[13:05:21] [INFO] +--------------------+------+-------+-----------+-------------+---------+--------------------+[0m
[0;34m[13:05:21] [PROCESS] Generating Differential P-L Plot...[0m
[1;32m[13:05:21] [SUCCESS] Saved plot to /Users/matthewsmawfield/www/Temporal Equivalence Principle/TEP-H0/results/figures/m31_differential_pl.png[0m
[0;34m[13:05:21] [PROCESS] Generating M31 robustness plot...[0m
[1;32m[13:05:24] [SUCCESS] Saved robustness plot to /Users/matthewsmawfield/www/Temporal Equivalence Principle/TEP-H0/results/figures/m31_differential_robustness.png[0m
[1;32m[13:05:24] [SUCCESS] Copied robustness plot to public figures directory.[0m
[1;32m[13:05:24] [SUCCESS] Copied plot to public figures directory.[0m
[1;32m[13:05:24] [SUCCESS] Step 5 Complete.[0m
[1;32m[13:05:24] [SUCCESS] Step 5 (M31 Differential Test) completed successfully.[0m
[0;37m[13:05:24] [INFO] [0m
[0;37m[13:05:24] [INFO] ================================================================================[0m
[0;37m[13:05:24] [INFO]    >>> STEP 6: MULTIVARIATE ANALYSIS[0m
[0;37m[13:05:24] [INFO] ================================================================================[0m
[0;37m[13:05:24] [INFO] [0m
[0;37m[13:05:24] [INFO] [0m
[0;37m[13:05:24] [INFO] ================================================================================[0m
[0;37m[13:05:24] [INFO]    Starting Step 6: Multivariate Analysis[0m
[0;37m[13:05:24] [INFO] ================================================================================[0m
[0;37m[13:05:24] [INFO] [0m
[0;37m[13:05:24] [INFO] Loading and Merging Data...[0m
[0;37m[13:05:24] [INFO] Merged Data: N=29 hosts available for analysis.[0m
[0;37m[13:05:24] [INFO] Running Multivariate Regression...[0m
[1;32m[13:05:24] [SUCCESS] Saved regression summaries to /Users/matthewsmawfield/www/Temporal Equivalence Principle/TEP-H0/results/outputs/multivariate_analysis_summary.txt[0m
[1;32m[13:05:24] [SUCCESS] Saved structured results to /Users/matthewsmawfield/www/Temporal Equivalence Principle/TEP-H0/results/outputs/multivariate_analysis_results.json[0m
[1;33m[13:05:24] [WARNING] Sigma loses significance in full model (p=0.0750).[0m
[0;34m[13:05:24] [PROCESS] Generating Robustness Plot...[0m
[1;32m[13:05:24] [SUCCESS] Saved plot to /Users/matthewsmawfield/www/Temporal Equivalence Principle/TEP-H0/site/public/figures/multivariate_robustness.png[0m
[1;32m[13:05:24] [SUCCESS] Step 6 Complete.[0m
[1;32m[13:05:24] [SUCCESS] Step 6 (Multivariate Analysis) completed successfully.[0m
[0;37m[13:05:24] [INFO] [0m
[0;37m[13:05:24] [INFO] ================================================================================[0m
[0;37m[13:05:24] [INFO]    >>> STEP 6b: ENHANCED ROBUSTNESS[0m
[0;37m[13:05:24] [INFO] ================================================================================[0m
[0;37m[13:05:24] [INFO] [0m
[0;37m[13:05:24] [INFO] ============================================================[0m
[0;37m[13:05:24] [INFO] STEP 6: ENHANCED ROBUSTNESS ANALYSIS[0m
[0;37m[13:05:24] [INFO] Addressing referee concerns on σ heterogeneity and environment[0m
[0;37m[13:05:24] [INFO] ============================================================[0m
[0;37m[13:05:24] [INFO] Loaded 29 hosts from stratified analysis[0m
[0;37m[13:05:24] [INFO] Loaded 29 entries from σ provenance table[0m
[0;37m[13:05:24] [INFO] 
--- STELLAR ABSORPTION SUBSAMPLE ---[0m
[0;37m[13:05:24] [INFO] Stellar absorption hosts: 16[0m
[0;37m[13:05:24] [INFO] HI linewidth proxy hosts: 13[0m
[0;37m[13:05:24] [INFO] 
Subsample Comparison:[0m
[0;37m[13:05:24] [INFO] +-------------------------+----+-----------+---------+------------+---------+[0m
[0;37m[13:05:24] [INFO] | Subsample               | N  | Pearson r | p-value | Spearman ρ | p-value |[0m
[0;37m[13:05:24] [INFO] +-------------------------+----+-----------+---------+------------+---------+[0m
[0;37m[13:05:24] [INFO] | Full Sample             | 29 | 0.462     | 0.0116  | 0.511      | 0.0046  |[0m
[0;37m[13:05:24] [INFO] | Stellar Absorption Only | 16 | 0.554     | 0.0261  | 0.597      | 0.0146  |[0m
[0;37m[13:05:24] [INFO] +-------------------------+----+-----------+---------+------------+---------+[0m
[0;37m[13:05:24] [INFO] 
Stellar-only stratification: ΔH0 = 9.17 km/s/Mpc (high - low σ)[0m
[0;37m[13:05:24] [INFO] 
--- GOLD STANDARD σ SUBSAMPLE ---[0m
[0;37m[13:05:24] [INFO] Gold standard hosts (K&H13 + SDSS + Ho09): 7[0m
[0;37m[13:05:24] [INFO]   - Kormendy&Ho2013: 0 hosts[0m
[0;37m[13:05:24] [INFO]   - SDSS DR7: 0 hosts[0m
[0;37m[13:05:24] [INFO]   - Ho+2009: 0 hosts[0m
[0;37m[13:05:24] [INFO] Gold standard subsample: r = 0.587, p = 0.1660[0m
[0;37m[13:05:24] [INFO] 
--- LOCAL DENSITY CONTROL ---[0m
[0;37m[13:05:24] [INFO] Hosts with valid local density: 29/29[0m
[0;37m[13:05:24] [INFO] 
Density Control Results:[0m
[0;37m[13:05:24] [INFO] +--------------------------+---------------------+[0m
[0;37m[13:05:24] [INFO] | Metric                   | Value               |[0m
[0;37m[13:05:24] [INFO] +--------------------------+---------------------+[0m
[0;37m[13:05:24] [INFO] | Baseline r(H0, σ)        | 0.462 (p = 0.0116)  |[0m
[0;37m[13:05:24] [INFO] | Partial r(H0, σ | log ρ) | 0.493 (p = 0.0066)  |[0m
[0;37m[13:05:24] [INFO] | r(H0, log ρ)             | 0.104 (p = 0.5904)  |[0m
[0;37m[13:05:24] [INFO] | r(σ, log ρ)              | -0.185 (p = 0.3357) |[0m
[0;37m[13:05:24] [INFO] +--------------------------+---------------------+[0m
[0;37m[13:05:24] [INFO] 
Signal after density control: r = 0.493 (p = 0.0066)[0m
[0;37m[13:05:24] [INFO] 
--- TEP CORRECTION ON SUBSAMPLES ---[0m
[0;37m[13:05:24] [INFO] 
TEP Correction Comparison:[0m
[0;37m[13:05:24] [INFO] +---------------+----+-------------+-----------------------+[0m
[0;37m[13:05:24] [INFO] | Subsample     | N  | α_opt       | Unified H0 (km/s/Mpc) |[0m
[0;37m[13:05:24] [INFO] +---------------+----+-------------+-----------------------+[0m
[0;37m[13:05:24] [INFO] | Full Sample   | 29 | 941253.662  | 68.14 ± 1.26          |[0m
[0;37m[13:05:24] [INFO] | Stellar Only  | 16 | 941876.221  | 66.23 ± 1.60          |[0m
[0;37m[13:05:24] [INFO] | Gold Standard | 7  | 1217889.404 | 61.97 ± 2.67          |[0m
[0;37m[13:05:24] [INFO] +---------------+----+-------------+-----------------------+[0m
[0;37m[13:05:24] [INFO] 
Summary written to: /Users/matthewsmawfield/www/Temporal Equivalence Principle/TEP-H0/results/outputs/subsample_sensitivity.txt[0m
[0;37m[13:05:24] [INFO] ============================================================[0m
[0;37m[13:05:24] [INFO] ENHANCED ROBUSTNESS ANALYSIS COMPLETE[0m
[0;37m[13:05:24] [INFO] ============================================================[0m
[1;32m[13:05:24] [SUCCESS] Step 6b (Enhanced Robustness) completed successfully.[0m
[0;37m[13:05:24] [INFO] [0m
[0;37m[13:05:24] [INFO] ================================================================================[0m
[0;37m[13:05:24] [INFO]    >>> STEP 7: LMC REPLICATION[0m
[0;37m[13:05:24] [INFO] ================================================================================[0m
[0;37m[13:05:24] [INFO] [0m
[0;37m[13:05:24] [INFO] [0m
[0;37m[13:05:24] [INFO] ================================================================================[0m
[0;37m[13:05:24] [INFO]    Starting Step 7: LMC Replication[0m
[0;37m[13:05:24] [INFO] ================================================================================[0m
[0;37m[13:05:24] [INFO] [0m
[0;37m[13:05:24] [INFO] Initiating LMC replication (OGLE classical Cepheids)[0m
[0;34m[13:05:24] [PROCESS] Fetching OGLE-IV Cepheid catalog from VizieR...[0m
[1;32m[13:05:25] [SUCCESS] Retrieved 4706 OGLE objects (raw table).[0m
[0;37m[13:05:25] [INFO] After LMC sky cut (<= 12.0 deg): N=4705[0m
[0;37m[13:05:25] [INFO] After fundamental-mode filter: N=2314[0m
[0;37m[13:05:25] [INFO] After period cut (2.5 < P < 100.0 d): N=2093[0m
[0;37m[13:05:25] [INFO] LMC Subsamples[0m
[0;37m[13:05:25] [INFO] +--------+--------------------------+--------------+[0m
[0;37m[13:05:25] [INFO] | Region | Radius selection         | N (Cepheids) |[0m
[0;37m[13:05:25] [INFO] +--------+--------------------------+--------------+[0m
[0;37m[13:05:25] [INFO] | Inner  | R_kpc <= 0.92 (20th pct) | 419          |[0m
[0;37m[13:05:25] [INFO] | Outer  | R_kpc >= 2.93 (80th pct) | 419          |[0m
[0;37m[13:05:25] [INFO] +--------+--------------------------+--------------+[0m
[0;37m[13:05:25] [INFO] Detected Offset (Inner - Outer): +0.0284 mag (3.3 sigma)[0m
[1;32m[13:05:25] [SUCCESS] Saved results to /Users/matthewsmawfield/www/Temporal Equivalence Principle/TEP-H0/results/outputs/lmc_results.csv[0m
[0;37m[13:05:25] [INFO] Running LMC robustness suite...[0m
[1;32m[13:05:43] [SUCCESS] Saved robustness summary to /Users/matthewsmawfield/www/Temporal Equivalence Principle/TEP-H0/results/outputs/lmc_robustness_summary.csv[0m
[1;32m[13:05:43] [SUCCESS] Saved robustness summary JSON to /Users/matthewsmawfield/www/Temporal Equivalence Principle/TEP-H0/results/outputs/lmc_robustness_summary.json[0m
[0;37m[13:05:43] [INFO] LMC Differential Robustness Summary[0m
[0;37m[13:05:43] [INFO] +--------------------+------+-------+-----------+-------------+---------+--------------------+[0m
[0;37m[13:05:43] [INFO] | Test               | N_in | N_out | N_matched | Delta (mag) | Std/Err | Central 68%        |[0m
[0;37m[13:05:43] [INFO] +--------------------+------+-------+-----------+-------------+---------+--------------------+[0m
[0;37m[13:05:43] [INFO] | Baseline           | 419  | 419   | -         | +0.0284     | 0.0086  | -                  |[0m
[0;37m[13:05:43] [INFO] | Matched logP       | 419  | 419   | 340.0     | +0.0285     | 0.0092  | [+0.0191, +0.0378] |[0m
[0;37m[13:05:43] [INFO] | Matched logP+color | 419  | 419   | 300.0     | +0.0361     | 0.0076  | [+0.0285, +0.0437] |[0m
[0;37m[13:05:43] [INFO] | MV match (Type)    | 419  | 419   | 414       | +0.0304     | 0.0054  | [+0.0251, +0.0358] |[0m
[0;37m[13:05:43] [INFO] +--------------------+------+-------+-----------+-------------+---------+--------------------+[0m
[0;34m[13:05:43] [PROCESS] Generating LMC differential P–L plot...[0m
[1;32m[13:05:44] [SUCCESS] Saved plot to /Users/matthewsmawfield/www/Temporal Equivalence Principle/TEP-H0/results/figures/lmc_differential_pl.png[0m
[0;34m[13:05:44] [PROCESS] Generating LMC robustness plot...[0m
[1;32m[13:05:44] [SUCCESS] Saved robustness plot to /Users/matthewsmawfield/www/Temporal Equivalence Principle/TEP-H0/results/figures/lmc_differential_robustness.png[0m
[1;32m[13:05:44] [SUCCESS] Copied robustness plot to public figures directory.[0m
[1;32m[13:05:44] [SUCCESS] Copied plot to public figures directory.[0m
[1;32m[13:05:44] [SUCCESS] Step 7 Complete.[0m
[1;32m[13:05:44] [SUCCESS] Step 7 (LMC Replication) completed successfully.[0m
[0;37m[13:05:44] [INFO] [0m
[0;37m[13:05:44] [INFO] ================================================================================[0m
[0;37m[13:05:44] [INFO]    >>> STEP 7b: TRGB COMPARISON[0m
[0;37m[13:05:44] [INFO] ================================================================================[0m
[0;37m[13:05:44] [INFO] [0m
[0;37m[13:05:44] [INFO] STEP 7: TRGB-CEPHEID COMPARATIVE ANALYSIS[0m
[0;37m[13:05:44] [INFO] Comparing H0-σ correlations across distance indicators[0m
[0;37m[13:05:44] [INFO] Loading TRGB distances from Freedman et al. (2024)[0m
[0;37m[13:05:44] [INFO] Source: arXiv:2408.06153, Table 2[0m
[0;37m[13:05:44] [INFO] Loaded 20 TRGB distances from CCHP catalog[0m
[0;37m[13:05:44] [INFO] 
--- CROSS-MATCHING TRGB HOSTS WITH σ DATA ---[0m
[0;37m[13:05:44] [INFO] Unmatched TRGB hosts: NGC 4039, NGC 4526[0m
[0;37m[13:05:44] [INFO] Matched 18/20 TRGB hosts with σ data[0m
[0;37m[13:05:44] [INFO] 
--- COMPUTING H0 FROM TRGB DISTANCES ---[0m
[0;37m[13:05:44] [INFO] TRGB H0 range: 43.8 - 114.9 km/s/Mpc[0m
[0;37m[13:05:44] [INFO] TRGB H0 mean: 69.25 ± 16.95 km/s/Mpc[0m
[0;37m[13:05:44] [INFO] TRGB host data saved to: /Users/matthewsmawfield/www/Temporal Equivalence Principle/TEP-H0/results/outputs/trgb_hosts_data.csv[0m
[0;37m[13:05:44] [INFO] 
--- TRGB H0-σ CORRELATION ANALYSIS ---[0m
[0;37m[13:05:44] [INFO] TRGB H0-σ Correlation Results[0m
[0;37m[13:05:44] [INFO] +------------------+---------------+-----------------+[0m
[0;37m[13:05:44] [INFO] | Metric           | Value         | Interpretation  |[0m
[0;37m[13:05:44] [INFO] +------------------+---------------+-----------------+[0m
[0;37m[13:05:44] [INFO] | N hosts          | 18            |                 |[0m
[0;37m[13:05:44] [INFO] | Pearson r        | 0.315         | Moderate        |[0m
[0;37m[13:05:44] [INFO] | Pearson p        | 0.2028        | Not significant |[0m
[0;37m[13:05:44] [INFO] | Spearman ρ       | 0.447         | Moderate        |[0m
[0;37m[13:05:44] [INFO] | Spearman p       | 0.0630        | Not significant |[0m
[0;37m[13:05:44] [INFO] | ΔH0 (high-low σ) | 3.50 km/s/Mpc | Moderate        |[0m
[0;37m[13:05:44] [INFO] +------------------+---------------+-----------------+[0m
[0;37m[13:05:44] [INFO] 
--- COMPARISON: TRGB vs CEPHEIDS ---[0m
[0;37m[13:05:44] [INFO] +-----------------+------------+---------+----------------+--------------+[0m
[0;37m[13:05:44] [INFO] | Indicator       | Spearman ρ | p-value | ΔH0 (km/s/Mpc) | Significant? |[0m
[0;37m[13:05:44] [INFO] +-----------------+------------+---------+----------------+--------------+[0m
[0;37m[13:05:44] [INFO] | Cepheids (N=29) | 0.511      | 0.0046  | 4.63           | YES          |[0m
[0;37m[13:05:44] [INFO] | TRGB (N=18)     | 0.447      | 0.0630  | 3.50           | NO           |[0m
[0;37m[13:05:44] [INFO] +-----------------+------------+---------+----------------+--------------+[0m
[0;37m[13:05:44] [INFO] 
============================================================[0m
[0;37m[13:05:44] [INFO] COMPARATIVE ANALYSIS CONCLUSION[0m
[0;37m[13:05:44] [INFO] ============================================================[0m
[1;32m[13:05:44] [SUCCESS] ✓ Cepheids show significant H0-σ correlation[0m
[0;37m[13:05:44] [INFO] • TRGB does not show significant H0-σ correlation[0m
[0;37m[13:05:44] [INFO] [0m
[0;37m[13:05:44] [INFO]   INTERPRETATION:[0m
[0;37m[13:05:44] [INFO]   ───────────────[0m
[0;37m[13:05:44] [INFO]   This pattern is consistent with TWO superimposed effects:[0m
[0;37m[13:05:44] [INFO] [0m
[0;37m[13:05:44] [INFO]   1. COMMON EFFECT (can affect multiple indicators):[0m
[0;37m[13:05:44] [INFO]      → Peculiar velocities correlate with host mass/σ[0m
[0;37m[13:05:44] [INFO]      → Can induce baseline H0-σ structure in multiple indicators[0m
[0;37m[13:05:44] [INFO] [0m
[0;37m[13:05:44] [INFO]   2. CEPHEID-SPECIFIC EFFECT (TEP):[0m
[0;37m[13:05:44] [INFO]      → Period contraction in high-σ environments[0m
[0;37m[13:05:44] [INFO]      → Isolated by DIFFERENTIAL test: Δμ = μ_TRGB - μ_Ceph[0m
[0;37m[13:05:44] [INFO]      → See step_7_trgb_reanalysis.py for differential analysis[0m
[0;37m[13:05:44] [INFO] Saved plot to /Users/matthewsmawfield/www/Temporal Equivalence Principle/TEP-H0/results/figures/trgb_h0_vs_sigma.png[0m
[0;37m[13:05:44] [INFO] Results saved to /Users/matthewsmawfield/www/Temporal Equivalence Principle/TEP-H0/results/outputs/trgb_comparison_results.json[0m
[0;37m[13:05:44] [INFO] ============================================================[0m
[0;37m[13:05:44] [INFO] TRGB-CEPHEID COMPARISON COMPLETE[0m
[0;37m[13:05:44] [INFO] ============================================================[0m
[1;32m[13:05:44] [SUCCESS] Step 7b (TRGB Comparison) completed successfully.[0m
[0;37m[13:05:44] [INFO] [0m
[0;37m[13:05:44] [INFO] ================================================================================[0m
[0;37m[13:05:44] [INFO]    >>> STEP 7c: TRGB DIFFERENTIAL REANALYSIS[0m
[0;37m[13:05:44] [INFO] ================================================================================[0m
[0;37m[13:05:44] [INFO] [0m
[0;37m[13:05:44] [INFO] STEP 7: TRGB RE-ANALYSIS (DIFFERENTIAL TEST)[0m
[0;37m[13:05:44] [INFO] Matched 13 hosts for differential analysis[0m
[0;37m[13:05:44] [INFO] 
Differential Modulus (TRGB - Cepheid) vs Sigma:[0m
[0;37m[13:05:44] [INFO] +-----------------+---------------+--------------+[0m
[0;37m[13:05:44] [INFO] | Metric          | Value         | Significance |[0m
[0;37m[13:05:44] [INFO] +-----------------+---------------+--------------+[0m
[0;37m[13:05:44] [INFO] | Pearson r       | 0.513         | p=0.0731     |[0m
[0;37m[13:05:44] [INFO] | Spearman ρ      | 0.571         | p=0.0413     |[0m
[0;37m[13:05:44] [INFO] | Slope (mag/dex) | 0.147 ± 0.067 | p=0.0505     |[0m
[0;37m[13:05:44] [INFO] +-----------------+---------------+--------------+[0m
[0;37m[13:05:44] [INFO] 
Interpretation Check:[0m
[0;37m[13:05:44] [INFO]   POSITIVE correlation detected.[0m
[0;37m[13:05:44] [INFO]   High-σ hosts have μ_TRGB > μ_Ceph.[0m
[0;37m[13:05:44] [INFO]   Implies μ_Ceph is UNDERESTIMATED at high σ.[0m
[1;32m[13:05:44] [SUCCESS]   → CONSISTENT WITH TEP PREDICTION.[0m
[0;37m[13:05:44] [INFO] Plot saved to /Users/matthewsmawfield/www/Temporal Equivalence Principle/TEP-H0/results/figures/trgb_cepheid_residual.png[0m
[0;37m[13:05:44] [INFO] Results saved to /Users/matthewsmawfield/www/Temporal Equivalence Principle/TEP-H0/results/outputs/trgb_differential_results.json[0m
[1;32m[13:05:44] [SUCCESS] Step 7c (TRGB Differential Reanalysis) completed successfully.[0m
[0;37m[13:05:44] [INFO] [0m
[0;37m[13:05:44] [INFO] ================================================================================[0m
[0;37m[13:05:44] [INFO]    >>> STEP 8: M31 PHAT ANALYSIS[0m
[0;37m[13:05:44] [INFO] ================================================================================[0m
[0;37m[13:05:44] [INFO] [0m
[0;37m[13:05:44] [INFO] [0m
[0;37m[13:05:44] [INFO] ================================================================================[0m
[0;37m[13:05:44] [INFO]    Starting Step 8: M31 HST Differential Analysis[0m
[0;37m[13:05:44] [INFO] ================================================================================[0m
[0;37m[13:05:44] [INFO] [0m
[0;34m[13:05:44] [PROCESS] Fetching Kodric 2018 HST J/H catalog (J/ApJ/864/59)...[0m
[1;32m[13:05:44] [SUCCESS] Downloaded 1113 Cepheids with HST J/H photometry[0m
[0;37m[13:05:44] [INFO] After quality cuts: 391 classical Cepheids (P=10-60d)[0m
[0;37m[13:05:44] [INFO] M31 HST Sample[0m
[0;37m[13:05:44] [INFO] +--------+--------------+----+----------+----------+[0m
[0;37m[13:05:44] [INFO] | Region | Cut          | N  | Mean W_H | Mean J-H |[0m
[0;37m[13:05:44] [INFO] +--------+--------------+----+----------+----------+[0m
[0;37m[13:05:44] [INFO] | Inner  | R < 5.0 kpc  | 78 | 18.31    | 0.680    |[0m
[0;37m[13:05:44] [INFO] | Outer  | R > 15.0 kpc | 69 | 18.00    | 0.544    |[0m
[0;37m[13:05:44] [INFO] +--------+--------------+----+----------+----------+[0m
[0;37m[13:05:44] [INFO] === BASELINE ANALYSIS (No Color Matching) ===[0m
[0;37m[13:05:44] [INFO] Baseline: ΔW = +0.681 ± 0.187 mag (3.6σ) [INNER FAINTER][0m
[0;37m[13:05:44] [INFO] === COLOR-MATCHED ANALYSIS (Metallicity Control) ===[0m
[0;37m[13:05:45] [INFO] Color-matched (N=73): ΔW = +0.620 ± 0.154 mag (4.0σ) [INNER FAINTER][0m
[0;37m[13:05:45] [INFO] ============================================================[0m
[0;37m[13:05:45] [INFO] [0m
[0;37m[13:05:45] [INFO] ================================================================================[0m
[0;37m[13:05:45] [INFO]    SUMMARY[0m
[0;37m[13:05:45] [INFO] ================================================================================[0m
[0;37m[13:05:45] [INFO] [0m
[0;37m[13:05:45] [INFO] Baseline:      ΔW = +0.681 ± 0.187 mag [INNER FAINTER][0m
[0;37m[13:05:45] [INFO] Color-matched: ΔW = +0.620 ± 0.154 mag [INNER FAINTER][0m
[0;37m[13:05:45] [INFO] [0m
[1;32m[13:05:45] [SUCCESS] *** M31 HST shows INNER FAINTER - CONSISTENT WITH SCREENED TEP ***[0m
[0;37m[13:05:45] [INFO] Inner region (high density) is SCREENED (Standard); Outer is ACTIVE (Brighter).[0m
[0;37m[13:05:45] [INFO] Relative to Outer (Brighter), Inner appears Fainter. Matches Screening Inversion.[0m
[1;32m[13:05:45] [SUCCESS] Results saved to /Users/matthewsmawfield/www/Temporal Equivalence Principle/TEP-H0/results/outputs/m31_phat_robustness_summary.json[0m
[1;32m[13:05:45] [SUCCESS] Plot saved to /Users/matthewsmawfield/www/Temporal Equivalence Principle/TEP-H0/results/figures/m31_phat_differential_pl.png[0m
[1;32m[13:05:45] [SUCCESS] Step 8 complete.[0m
[1;32m[13:05:45] [SUCCESS] Step 8 (M31 PHAT Analysis) completed successfully.[0m
[0;37m[13:05:45] [INFO] [0m
[0;37m[13:05:45] [INFO] ================================================================================[0m
[0;37m[13:05:45] [INFO]    >>> STEP 9: FINAL SYNTHESIS[0m
[0;37m[13:05:45] [INFO] ================================================================================[0m
[0;37m[13:05:45] [INFO] [0m
[0;37m[13:05:45] [INFO] [0m
[0;37m[13:05:45] [INFO] ================================================================================[0m
[0;37m[13:05:45] [INFO]    Starting Step 9: Final Synthesis[0m
[0;37m[13:05:45] [INFO] ================================================================================[0m
[0;37m[13:05:45] [INFO] [0m
[1;32m[13:05:45] [SUCCESS] Saved comparison plot to /Users/matthewsmawfield/www/Temporal Equivalence Principle/TEP-H0/results/figures/robustness_synthesis_plot.png[0m
[1;32m[13:05:45] [SUCCESS] Report written to /Users/matthewsmawfield/www/Temporal Equivalence Principle/TEP-H0/results/outputs/TEP_FINAL_ROBUSTNESS_REPORT.md[0m
[1;32m[13:05:45] [SUCCESS] Step 9 Complete. Report generated.[0m
[1;32m[13:05:45] [SUCCESS] Step 9 (Final Synthesis) completed successfully.[0m
[0;37m[13:05:45] [INFO] [0m
[0;37m[13:05:45] [INFO] ================================================================================[0m
[0;37m[13:05:45] [INFO]    >>> STEP 10: ANCHOR STRATIFICATION TEST[0m
[0;37m[13:05:45] [INFO] ================================================================================[0m
[0;37m[13:05:45] [INFO] [0m
[0;37m[13:05:45] [INFO] ======================================================================[0m
[0;37m[13:05:45] [INFO] STEP 10: ANCHOR STRATIFICATION TEST[0m
[0;37m[13:05:45] [INFO] Testing for internal P-L tension in geometric anchors[0m
[0;37m[13:05:45] [INFO] ======================================================================[0m
[0;37m[13:05:45] [INFO] Loaded 3130 Cepheid measurements[0m
[0;37m[13:05:45] [INFO] Anchor Sample Sizes:[0m
[0;37m[13:05:45] [INFO] +--------+-----+----------+--------+[0m
[0;37m[13:05:45] [INFO] | Anchor | N   | σ (km/s) | μ_geo  |[0m
[0;37m[13:05:45] [INFO] +--------+-----+----------+--------+[0m
[0;37m[13:05:45] [INFO] | N4258  | 443 | 115      | 29.397 |[0m
[0;37m[13:05:45] [INFO] | LMC    | 339 | 24       | 18.477 |[0m
[0;37m[13:05:45] [INFO] | M31    | 55  | 160      | 24.407 |[0m
[0;37m[13:05:45] [INFO] +--------+-----+----------+--------+[0m
[0;37m[13:05:45] [INFO] Independent P-L Fit Results:[0m
[0;37m[13:05:45] [INFO] +--------+-----+-----+-----------+-------+--------+-------+[0m
[0;37m[13:05:45] [INFO] | Anchor | N   | σ   | M_W (abs) | ± err | b_W    | ± err |[0m
[0;37m[13:05:45] [INFO] +--------+-----+-----+-----------+-------+--------+-------+[0m
[0;37m[13:05:45] [INFO] | N4258  | 443 | 115 | -5.837    | 0.022 | -3.288 | 0.078 |[0m
[0;37m[13:05:45] [INFO] | LMC    | 339 | 24  | -5.878    | 0.005 | -3.291 | 0.019 |[0m
[0;37m[13:05:45] [INFO] | M31    | 55  | 160 | -5.876    | 0.024 | -3.313 | 0.077 |[0m
[0;37m[13:05:45] [INFO] +--------+-----+-----+-----------+-------+--------+-------+[0m
[0;37m[13:05:45] [INFO] Multi-Anchor Regression (sigma^2/c^2 form):[0m
[0;37m[13:05:45] [INFO]   α_anchor = 5.047e+00 ± 6.633e+02 mag[0m
[0;37m[13:05:45] [INFO]   Significance: 0.0σ[0m
[0;37m[13:05:45] [INFO]   Pearson r = 0.040 (p = 0.9743)[0m
[0;37m[13:05:45] [INFO]   Tension with host α: 2.5σ[0m
[1;32m[13:05:45] [SUCCESS] Figure saved: /Users/matthewsmawfield/www/Temporal Equivalence Principle/TEP-H0/results/figures/anchor_stratification_test.png[0m
[1;32m[13:05:45] [SUCCESS] Results saved: /Users/matthewsmawfield/www/Temporal Equivalence Principle/TEP-H0/results/outputs/anchor_stratification_test.json[0m
[0;37m[13:05:45] [INFO] ======================================================================[0m
[0;37m[13:05:45] [INFO] ANCHOR STRATIFICATION SUMMARY[0m
[0;37m[13:05:45] [INFO] ======================================================================[0m
[1;33m[13:05:45] [WARNING] Marginal tension (2.5σ) - more data needed[0m
[1;32m[13:05:45] [SUCCESS] Step 10 (Anchor Stratification) completed successfully.[0m
[0;37m[13:05:45] [INFO] [0m
[0;37m[13:05:45] [INFO] ================================================================================[0m
[0;37m[13:05:45] [INFO]    >>> STEP 11: PIPELINE AUDIT[0m
[0;37m[13:05:45] [INFO] ================================================================================[0m
[0;37m[13:05:45] [INFO] [0m
[1;32m[13:05:45] [SUCCESS] Wrote pipeline audit report: /Users/matthewsmawfield/www/Temporal Equivalence Principle/TEP-H0/results/outputs/pipeline_audit_report.json[0m
[1;32m[13:05:45] [SUCCESS] Step 11 (Audit) PASSED: All outputs consistent.[0m
[0;37m[13:05:45] [INFO] [0m
[0;37m[13:05:45] [INFO] ================================================================================[0m
[0;37m[13:05:45] [INFO]    PIPELINE EXECUTION SUMMARY[0m
[0;37m[13:05:45] [INFO] ================================================================================[0m
[0;37m[13:05:45] [INFO] [0m
[0;37m[13:05:45] [INFO] Execution Timing[0m
[0;37m[13:05:45] [INFO] +---------+--------------+-----------+[0m
[0;37m[13:05:45] [INFO] | Step    | Duration (s) | Status    |[0m
[0;37m[13:05:45] [INFO] +---------+--------------+-----------+[0m
[0;37m[13:05:45] [INFO] | Step 0  | 0.00         | COMPLETED |[0m
[0;37m[13:05:45] [INFO] | Step 1  | 0.77         | COMPLETED |[0m
[0;37m[13:05:45] [INFO] | Step 1b | 0.08         | COMPLETED |[0m
[0;37m[13:05:45] [INFO] | Step 2  | 0.40         | COMPLETED |[0m
[0;37m[13:05:45] [INFO] | Step 3  | 1.36         | COMPLETED |[0m
[0;37m[13:05:45] [INFO] | Step 4  | 7.98         | COMPLETED |[0m
[0;37m[13:05:45] [INFO] | Step 5  | 39.91        | COMPLETED |[0m
[0;37m[13:05:45] [INFO] | Step 6  | 0.19         | COMPLETED |[0m
[0;37m[13:05:45] [INFO] | Step 6b | 0.02         | COMPLETED |[0m
[0;37m[13:05:45] [INFO] | Step 7  | 19.52        | COMPLETED |[0m
[0;37m[13:05:45] [INFO] | Step 7b | 0.21         | COMPLETED |[0m
[0;37m[13:05:45] [INFO] | Step 7c | 0.26         | COMPLETED |[0m
[0;37m[13:05:45] [INFO] | Step 8  | 0.53         | COMPLETED |[0m
[0;37m[13:05:45] [INFO] | Step 9  | 0.13         | COMPLETED |[0m
[0;37m[13:05:45] [INFO] | Step 10 | 0.20         | COMPLETED |[0m
[0;37m[13:05:45] [INFO] | Step 11 | 0.01         | COMPLETED |[0m
[0;37m[13:05:45] [INFO] | TOTAL   | 71.60        | SUCCESS   |[0m
[0;37m[13:05:45] [INFO] +---------+--------------+-----------+[0m
[1;32m[13:05:45] [SUCCESS] Total Execution Time: 71.60 seconds[0m
[0;37m[13:05:45] [INFO] Results Directory: /Users/matthewsmawfield/www/Temporal Equivalence Principle/TEP-H0/results/[0m
[0;37m[13:05:45] [INFO] Logs Directory:    /Users/matthewsmawfield/www/Temporal Equivalence Principle/TEP-H0/logs/[0m
[1;32m[13:05:45] [SUCCESS] Pipeline finished.[0m
