[01:37:52] [INFO] 
[01:37:52] [INFO] ================================================================================
[01:37:52] [INFO]    Starting Step 4b: Aperture Sensitivity Analysis
[01:37:52] [INFO] ================================================================================
[01:37:52] [INFO] 
[01:37:52] [INFO] Using master sigma catalog for provenance: /Users/matthewsmawfield/www/Temporal Equivalence Principle/TEP-H0/data/raw/external/velocity_dispersions_literature.csv
[01:37:52] [SUCCESS] Saved sigma provenance table to /Users/matthewsmawfield/www/Temporal Equivalence Principle/TEP-H0/results/outputs/step_07_sigma_provenance_table.csv
[01:37:52] [INFO] Analyzing 29 hosts with both Raw and Corrected data.
[01:37:52] [SUCCESS] Saved aperture sensitivity grid to /Users/matthewsmawfield/www/Temporal Equivalence Principle/TEP-H0/results/outputs/step_07_aperture_sensitivity_grid.csv
[01:37:52] [SUCCESS] Saved aperture sensitivity summary to /Users/matthewsmawfield/www/Temporal Equivalence Principle/TEP-H0/results/outputs/step_07_aperture_sensitivity_summary.json
[01:37:52] [INFO] Sensitivity Results
[01:37:52] [INFO] +-----------------+-------------------------+-----------------------+
[01:37:52] [INFO] | Metric          | Raw Sigma (Uncorrected) | Corrected Sigma (Ref) |
[01:37:52] [INFO] +-----------------+-------------------------+-----------------------+
[01:37:52] [INFO] | Correlation (r) | 0.4817                  | 0.4659                |
[01:37:52] [INFO] | P-value         | 8.1420e-03              | 1.0855e-02            |
[01:37:52] [INFO] | Significance    | Significant (>99%)      | Significant (>99%)    |
[01:37:52] [INFO] +-----------------+-------------------------+-----------------------+
[01:37:52] [SUCCESS] Conclusion: the signal is robust. It exists independently of aperture corrections.
[01:37:52] [PROCESS] Generating sensitivity plot...
[01:37:52] [SUCCESS] Step 4b Complete.
