[19:01:58] [INFO] 
[19:01:58] [INFO] ================================================================================
[19:01:58] [INFO]    Full-Ladder Likelihood Analysis
[19:01:58] [INFO] ================================================================================
[19:01:58] [INFO] 
[19:01:58] [INFO] Loading SH0ES Data...
[19:01:58] [INFO] Design matrix shape: (3490, 46)
[19:01:58] [INFO] Data vector length: 3490
[19:01:58] [INFO] Covariance matrix shape: (3490, 3490)
[19:01:58] [INFO] Number of parameters: 46
[19:01:58] [INFO] Loading Host Metadata...
[19:01:58] [INFO] Loaded 44 hosts
[19:01:58] [INFO] Mapped M1337 -> N1337
[19:01:58] [INFO] Mapped N105A -> N105
[19:01:58] [INFO] Mapped N976A -> N976
[19:01:58] [INFO] Created 122 name mappings
[19:01:58] [INFO] Calculating Effective Calibrator Sigma...
[19:01:58] [SUCCESS] Effective sigma_ref: 87.17 km/s
[19:01:58] [INFO] Running Baseline SH0ES Fit...
[19:01:58] [INFO] Using SH0ES reference GLS method
[19:01:59] [INFO] Covariance inversion successful
[19:01:59] [SUCCESS] Baseline H0: 73.04 +/- 1.01 km/s/Mpc
[19:01:59] [INFO] Baseline Chi2/dof: 1.03
[19:01:59] [INFO] Stage 1: Summary-Likelihood Analysis
[19:01:59] [INFO] Fitting 38 hosts with TEP regressor
[19:01:59] [INFO] X range: [-7.799e-08, 4.708e-07]
[19:01:59] [INFO] mu range: [29.16, 34.49]
[19:01:59] [INFO] Condition number of ATWA: 1.53e+14
[19:01:59] [INFO] Baseline mu_true: 31.377 mag
[19:01:59] [SUCCESS] TEP coefficient kappa_Cep: 2.750e+06 +/- 1.098e+05 mag
[19:01:59] [INFO] Chi2/dof: 581.32
[19:01:59] [WARNING] WARNING: Very high chi2/dof suggests model misspecification
[19:01:59] [WARNING] The simple linear model mu = mu_true + kappa*X may not be appropriate
[19:01:59] [INFO] Mean mu shift: -0.0891 mag
[19:01:59] [INFO] Stage 2: Matrix-Level Likelihood Analysis
[19:01:59] [INFO] Found 40 host distance modulus parameters
[19:01:59] [INFO] TEP column has 3209/3490 non-zero entries
[19:02:00] [INFO] Baseline H0: 73.04 +/- 1.01 km/s/Mpc
[19:02:00] [INFO] Variant A: Free kappa with full latent host distances
[19:02:00] [INFO] Row class counts:
[19:02:00] [INFO]   Anchor_prior        :    2 rows (no TEP)
[19:02:00] [INFO]   Cepheid             : 3132 rows (TEP applied)
[19:02:00] [INFO]   Other               :    2 rows (no TEP)
[19:02:00] [INFO]   SN_Hubble           :  277 rows (no TEP)
[19:02:00] [INFO]   SN_calibrator       :   77 rows (no TEP)
[19:02:00] [INFO] Host-level TEP application:
[19:02:00] [INFO] Host       Cepheid rows          X_i  TEP?
[19:02:00] [INFO] ---------------------------------------------
[19:02:00] [INFO] LMC                 482   -8.078e-08   yes
[19:02:00] [INFO] M101                259   -7.799e-08   yes
[19:02:00] [INFO] M1337                15   -5.785e-10   yes
[19:02:00] [INFO] M31                  55    9.931e-08   yes
[19:02:00] [INFO] N0691                28    3.088e-08   yes
[19:02:00] [INFO] N1015                18    3.020e-08   yes
[19:02:00] [INFO] N105A                 8   -6.294e-09   yes
[19:02:00] [INFO] N1309                53   -3.219e-09   yes
[19:02:00] [INFO] N1365                46    1.208e-07   yes
[19:02:00] [INFO] N1448                73   -6.574e-10   yes
[19:02:00] [INFO] N1559               110   -3.181e-08   yes
[19:02:00] [INFO] N2442               177    1.132e-07   yes
[19:02:00] [INFO] N2525                73   -1.702e-08   yes
[19:02:00] [INFO] N2608                22   -7.118e-09   yes
[19:02:00] [INFO] N3021                16   -5.185e-08   yes
[19:02:00] [INFO] N3147                27    4.708e-07   yes
[19:02:00] [INFO] N3254                48    4.878e-08   yes
[19:02:00] [INFO] N3370                73   -1.252e-08   yes
[19:02:00] [INFO] N3447               101   -5.477e-08   yes
[19:02:00] [INFO] N3583                54    3.281e-08   yes
[19:02:00] [INFO] N3972                52   -2.489e-08   yes
[19:02:00] [INFO] N3982                27   -6.727e-09   yes
[19:02:00] [INFO] N4038                29    2.505e-08   yes
[19:02:00] [INFO] N4258               443    2.986e-08   yes
[19:02:00] [INFO] N4424                 9   -4.288e-08   yes
[19:02:00] [INFO] N4536                40    1.541e-08   yes
[19:02:00] [INFO] N4639                30    1.887e-08   yes
[19:02:00] [INFO] N4680                11    2.805e-08   yes
[19:02:00] [INFO] N5468                93   -3.776e-08   yes
[19:02:00] [INFO] N5584               165    1.067e-08   yes
[19:02:00] [INFO] N5643               251    2.627e-08   yes
[19:02:00] [INFO] N5728                20    2.248e-07   yes
[19:02:00] [INFO] N5861                41    4.096e-08   yes
[19:02:00] [INFO] N5917                14   -5.370e-08   yes
[19:02:00] [INFO] N7250                21   -5.626e-08   yes
[19:02:00] [INFO] N7329                31    6.621e-08   yes
[19:02:00] [INFO] N7541                33   -4.204e-08   yes
[19:02:00] [INFO] N7678                16    3.235e-08   yes
[19:02:00] [INFO] N976A                33    4.189e-07   yes
[19:02:00] [INFO] U9391                33   -2.550e-08   yes
[19:02:00] [INFO] TEP column: 3130/3490 non-zero entries
[19:02:00] [INFO] X range: [-8.078e-08, 4.708e-07]
[19:02:00] [INFO] X_scaled range: [-8.078e-02, 4.708e-01]
[19:02:00] [INFO] L_aug rank: 47 (full: 47)
[19:02:00] [INFO] LTCL_aug rank: 47
[19:02:00] [INFO] Parameter correlations with kappa:
[19:02:00] [INFO]   corr(kappa, MHW1    ) =  -0.167
[19:02:00] [INFO]   corr(kappa, MB      ) =  -0.241
[19:02:00] [INFO]   corr(kappa, bW      ) =   0.000
[19:02:00] [INFO]   corr(kappa, ZW      ) =   0.208
[19:02:00] [INFO]   corr(kappa, 5logH0  ) =  -0.240
[19:02:00] [INFO] Free kappa: -6.665e+04 +/- 2.103e+05 mag
[19:02:00] [INFO] Significance: 0.32 sigma
[19:02:00] [INFO] H0 (free kappa): 73.12 km/s/Mpc
[19:02:00] [INFO] Chi2/dof: 1.03
[19:02:00] [INFO] Variant B: Prior-constrained kappa
[19:02:00] [INFO] Prior kappa: 1.578e+05 +/- 1.861e+05 mag
[19:02:00] [INFO] H0 (prior): 72.86 +/- 1.03 km/s/Mpc
[19:02:00] [INFO] Chi2/dof: 1.03
[19:02:00] [INFO] Variant C: Fixed-kappa sensitivity test
[19:02:00] [INFO] Fixed kappa = 9.700e+05 mag
[19:02:00] [INFO] Baseline H0: 73.04 +/- 1.01 km/s/Mpc
[19:02:00] [SUCCESS] Fixed-kappa H0: 71.90 +/- 0.99 km/s/Mpc
[19:02:00] [INFO] Baseline Chi2/dof: 1.03
[19:02:00] [INFO] Fixed-kappa Chi2/dof: 1.04
[19:02:00] [INFO] Delta Chi2: -24.2074 (dof=0)
[19:02:00] [INFO] Delta AIC: -24.2074
[19:02:00] [INFO] Delta BIC: -24.2074 (not valid for model selection)
[19:02:01] [INFO] Host-Summary Reconstruction Audit
[19:02:01] [INFO] Total hosts with both published and matrix mu: 40
[19:02:01] [INFO] After anchor exclusion and z>0.0035 cut: 29
[19:02:01] [INFO] --- Paper Discovery Statistic Reproduction ---
[19:02:01] [INFO] Published H0 vs sigma:  r=+0.466 (p=0.0109), rho=+0.517
[19:02:01] [INFO] Matrix H0 vs sigma:     r=+0.466 (p=0.0109), rho=+0.517
[19:02:01] [INFO] Published mu vs sigma:  r=+0.266 (p=0.1623)
[19:02:01] [INFO] Matrix mu vs sigma:    r=+0.266 (p=0.1623)
[19:02:01] [INFO] Delta mu vs sigma:     r=+0.212 (p=0.2687)
[19:02:01] [INFO] Delta H0 vs sigma:     r=-0.195 (p=0.3107)
[19:02:01] [INFO] Manuscript claims: r=0.466, rho=0.517
[19:02:01] [SUCCESS] ✓ Published H0-sigma reproduces manuscript r within 0.1
[19:02:01] [SUCCESS] ✓ Published H0-sigma reproduces manuscript rho within 0.1
[19:02:01] [SUCCESS] ✓ Matrix-derived H0 reproduces published H0 trend
[19:02:01] [INFO] Hosts with largest H0 discrepancy (published vs matrix):
[19:02:01] [INFO]   N2525        sigma=  77.9 H0_pub=  71.47 H0_fit=  71.47 dH0=  +0.00
[19:02:01] [INFO]   N5728        sigma= 166.7 H0_pub=  77.96 H0_fit=  77.96 dH0=  +0.00
[19:02:01] [INFO]   N1365        sigma= 135.9 H0_pub=  78.65 H0_fit=  78.65 dH0=  +0.00
[19:02:01] [INFO]   U9391        sigma=  72.8 H0_pub=  61.23 H0_fit=  61.23 dH0=  +0.00
[19:02:01] [INFO]   N3147        sigma= 223.4 H0_pub=  77.93 H0_fit=  77.93 dH0=  -0.00
[19:02:01] [SUCCESS] Saved audit to /Users/matthewsmawfield/www/Temporal Equivalence Principle/TEP-H0/results/outputs/step_34_host_summary_audit.csv
[19:02:01] [SUCCESS] Saved comparison to /Users/matthewsmawfield/www/Temporal Equivalence Principle/TEP-H0/results/outputs/step_34_matrix_vs_paper_host_residuals.csv
[19:02:01] [INFO] Injection test: kappa_inj = 9.700e+05 mag
[19:02:02] [INFO] Injected:  9.700e+05
[19:02:02] [INFO] Recovered: 9.683e+05 +/- 2.103e+05
[19:02:02] [INFO] Recovery fraction: 0.998
[19:02:02] [INFO] Negative injection: injected -9.700e+05, recovered -9.735e+05
[19:02:02] [INFO] Injection Tests for All Model Classes
[19:02:03] [INFO]   cepheid_offset            kappa0_6     injected=9.700e+05 recovered=9.712e+05 frac=1.001
[19:02:03] [INFO]   sn_offset                 kappaSN_6    injected=9.700e+05 recovered=9.715e+05 frac=1.002
[19:02:03] [INFO]   cepheid_plus_sn           kappaCep_6   injected=9.700e+05 recovered=9.682e+05 frac=0.998
[19:02:03] [INFO]   cepheid_plus_sn           kappaSN_6    injected=9.700e+05 recovered=9.666e+05 frac=0.997
[19:02:03] [SUCCESS] Saved injection tests to /Users/matthewsmawfield/www/Temporal Equivalence Principle/TEP-H0/results/outputs/step_34_injection_tests_all_models.csv
[19:02:03] [INFO] Running TEP Model Grid
[19:02:14] [SUCCESS] Saved model grid to /Users/matthewsmawfield/www/Temporal Equivalence Principle/TEP-H0/results/outputs/step_34_model_grid.csv
[19:02:14] [INFO] Model Grid Summary (key results):
[19:02:14] [INFO]   cepheid_offset                      centered           H0=73.12 dchi2=0.10 kappa0_6=-6.67e+04 kappaP_6=nan kappaZ_6=nan kappaSN_6=nan kappaCep_6=nan
[19:02:14] [INFO]   cepheid_period                      centered           H0=73.60 dchi2=2.92 kappa0_6=nan kappaP_6=-3.69e+05 kappaZ_6=nan kappaSN_6=nan kappaCep_6=nan
[19:02:14] [INFO]   cepheid_offset_plus_period          centered           H0=73.53 dchi2=3.47 kappa0_6=1.88e+05 kappaP_6=-4.75e+05 kappaZ_6=nan kappaSN_6=nan kappaCep_6=nan
[19:02:14] [INFO]   cepheid_offset_plus_metallicity     centered           H0=73.19 dchi2=0.26 kappa0_6=-6.22e+04 kappaP_6=nan kappaZ_6=3.05e+05 kappaSN_6=nan kappaCep_6=nan
[19:02:14] [INFO]   sn_offset                           centered           H0=73.14 dchi2=0.54 kappa0_6=nan kappaP_6=nan kappaZ_6=nan kappaSN_6=1.78e+05 kappaCep_6=nan
[19:02:14] [INFO]   cepheid_plus_sn                     centered           H0=72.96 dchi2=0.94 kappa0_6=nan kappaP_6=nan kappaZ_6=nan kappaSN_6=4.38e+05 kappaCep_6=2.62e+05
[19:02:14] [INFO]   cepheid_offset                      centered           H0=73.14 dchi2=0.54 kappa0_6=-1.78e+05 kappaP_6=nan kappaZ_6=nan kappaSN_6=nan kappaCep_6=nan
[19:02:14] [INFO]   cepheid_period                      centered           H0=73.10 dchi2=0.21 kappa0_6=nan kappaP_6=-1.52e+05 kappaZ_6=nan kappaSN_6=nan kappaCep_6=nan
[19:02:14] [INFO]   cepheid_offset_plus_period          centered           H0=73.11 dchi2=0.80 kappa0_6=-4.43e+05 kappaP_6=3.97e+05 kappaZ_6=nan kappaSN_6=nan kappaCep_6=nan
[19:02:14] [INFO]   cepheid_offset_plus_metallicity     centered           H0=73.17 dchi2=1.83 kappa0_6=-2.41e+05 kappaP_6=nan kappaZ_6=1.65e+06 kappaSN_6=nan kappaCep_6=nan
[19:02:14] [INFO]   sn_offset                           centered           H0=73.14 dchi2=0.54 kappa0_6=nan kappaP_6=nan kappaZ_6=nan kappaSN_6=1.78e+05 kappaCep_6=nan
[19:02:14] [INFO]   cepheid_plus_sn                     centered           H0=73.14 dchi2=0.54 kappa0_6=nan kappaP_6=nan kappaZ_6=nan kappaSN_6=-1.58e+07 kappaCep_6=-1.60e+07
[19:02:14] [INFO]   cepheid_offset                      raw_sigma2         H0=73.23 dchi2=0.12 kappa0_6=-7.25e+04 kappaP_6=nan kappaZ_6=nan kappaSN_6=nan kappaCep_6=nan
[19:02:14] [INFO]   cepheid_period                      raw_sigma2         H0=73.60 dchi2=2.92 kappa0_6=nan kappaP_6=-3.69e+05 kappaZ_6=nan kappaSN_6=nan kappaCep_6=nan
[19:02:14] [INFO]   cepheid_offset_plus_period          raw_sigma2         H0=73.27 dchi2=3.51 kappa0_6=1.94e+05 kappaP_6=-4.86e+05 kappaZ_6=nan kappaSN_6=nan kappaCep_6=nan
[19:02:14] [INFO]   cepheid_offset_plus_metallicity     raw_sigma2         H0=73.31 dchi2=0.31 kappa0_6=-7.03e+04 kappaP_6=nan kappaZ_6=3.52e+05 kappaSN_6=nan kappaCep_6=nan
[19:02:14] [INFO]   sn_offset                           raw_sigma2         H0=73.65 dchi2=0.54 kappa0_6=nan kappaP_6=nan kappaZ_6=nan kappaSN_6=1.78e+05 kappaCep_6=nan
[19:02:14] [INFO]   cepheid_plus_sn                     raw_sigma2         H0=73.81 dchi2=0.81 kappa0_6=nan kappaP_6=nan kappaZ_6=nan kappaSN_6=3.78e+05 kappaCep_6=2.00e+05
[19:02:14] [INFO]   cepheid_offset                      raw_sigma2         H0=73.65 dchi2=0.54 kappa0_6=-1.78e+05 kappaP_6=nan kappaZ_6=nan kappaSN_6=nan kappaCep_6=nan
[19:02:14] [INFO]   cepheid_period                      raw_sigma2         H0=74.09 dchi2=2.71 kappa0_6=nan kappaP_6=-4.80e+05 kappaZ_6=nan kappaSN_6=nan kappaCep_6=nan
[19:02:14] [INFO]   cepheid_offset_plus_period          raw_sigma2         H0=73.55 dchi2=3.81 kappa0_6=4.42e+05 kappaP_6=-9.15e+05 kappaZ_6=nan kappaSN_6=nan kappaCep_6=nan
[19:02:14] [INFO]   cepheid_offset_plus_metallicity     raw_sigma2         H0=73.59 dchi2=0.56 kappa0_6=-1.73e+05 kappaP_6=nan kappaZ_6=-1.04e+05 kappaSN_6=nan kappaCep_6=nan
[19:02:14] [INFO]   sn_offset                           raw_sigma2         H0=73.65 dchi2=0.54 kappa0_6=nan kappaP_6=nan kappaZ_6=nan kappaSN_6=1.78e+05 kappaCep_6=nan
[19:02:14] [INFO]   cepheid_plus_sn                     raw_sigma2         H0=73.65 dchi2=0.54 kappa0_6=nan kappaP_6=nan kappaZ_6=nan kappaSN_6=-4.70e+07 kappaCep_6=-4.72e+07
[19:02:14] [INFO]   cepheid_offset                      unscreened_centered H0=73.12 dchi2=0.10 kappa0_6=-6.67e+04 kappaP_6=nan kappaZ_6=nan kappaSN_6=nan kappaCep_6=nan
[19:02:14] [INFO]   cepheid_period                      unscreened_centered H0=73.60 dchi2=2.92 kappa0_6=nan kappaP_6=-3.69e+05 kappaZ_6=nan kappaSN_6=nan kappaCep_6=nan
[19:02:14] [INFO]   cepheid_offset_plus_period          unscreened_centered H0=73.53 dchi2=3.47 kappa0_6=1.88e+05 kappaP_6=-4.75e+05 kappaZ_6=nan kappaSN_6=nan kappaCep_6=nan
[19:02:14] [INFO]   cepheid_offset_plus_metallicity     unscreened_centered H0=73.19 dchi2=0.26 kappa0_6=-6.22e+04 kappaP_6=nan kappaZ_6=3.05e+05 kappaSN_6=nan kappaCep_6=nan
[19:02:14] [INFO]   sn_offset                           unscreened_centered H0=73.14 dchi2=0.54 kappa0_6=nan kappaP_6=nan kappaZ_6=nan kappaSN_6=1.78e+05 kappaCep_6=nan
[19:02:14] [INFO]   cepheid_plus_sn                     unscreened_centered H0=72.96 dchi2=0.94 kappa0_6=nan kappaP_6=nan kappaZ_6=nan kappaSN_6=4.38e+05 kappaCep_6=2.62e+05
[19:02:14] [INFO]   cepheid_offset                      unscreened_centered H0=73.14 dchi2=0.54 kappa0_6=-1.78e+05 kappaP_6=nan kappaZ_6=nan kappaSN_6=nan kappaCep_6=nan
[19:02:14] [INFO]   cepheid_period                      unscreened_centered H0=73.10 dchi2=0.21 kappa0_6=nan kappaP_6=-1.52e+05 kappaZ_6=nan kappaSN_6=nan kappaCep_6=nan
[19:02:14] [INFO]   cepheid_offset_plus_period          unscreened_centered H0=73.11 dchi2=0.80 kappa0_6=-4.43e+05 kappaP_6=3.97e+05 kappaZ_6=nan kappaSN_6=nan kappaCep_6=nan
[19:02:14] [INFO]   cepheid_offset_plus_metallicity     unscreened_centered H0=73.17 dchi2=1.83 kappa0_6=-2.41e+05 kappaP_6=nan kappaZ_6=1.65e+06 kappaSN_6=nan kappaCep_6=nan
[19:02:14] [INFO]   sn_offset                           unscreened_centered H0=73.14 dchi2=0.54 kappa0_6=nan kappaP_6=nan kappaZ_6=nan kappaSN_6=1.78e+05 kappaCep_6=nan
[19:02:14] [INFO]   cepheid_plus_sn                     unscreened_centered H0=73.14 dchi2=0.54 kappa0_6=nan kappaP_6=nan kappaZ_6=nan kappaSN_6=-1.58e+07 kappaCep_6=-1.60e+07
[19:02:14] [INFO] Leave-One-Host-Out Diagnostic
[19:02:24] [SUCCESS] Saved leave-one-host-out to /Users/matthewsmawfield/www/Temporal Equivalence Principle/TEP-H0/results/outputs/step_34_leave_one_host_out.csv
[19:02:24] [INFO] Hosts with largest kappa influence:
[19:02:24] [INFO]   N976A      sigma= 212.7 kappa=   8.381e+04 +/-    2.397e+05
[19:02:24] [INFO]   N1365      sigma= 135.9 kappa=   6.260e+04 +/-    2.165e+05
[19:02:24] [INFO]   N3147      sigma= 223.4 kappa=  -1.779e+05 +/-    2.429e+05
[19:02:24] [INFO]   LMC        sigma=  18.4 kappa=  -1.367e+05 +/-    2.393e+05
[19:02:24] [INFO]   M101       sigma=  24.3 kappa=  -1.320e+05 +/-    2.158e+05
[19:02:24] [INFO] Residual-After-Fit Audit
[19:02:25] [INFO] Baseline residual-sigma: r=0.443, rho=0.041
[19:02:25] [INFO] TEP residual-sigma:      r=0.409, rho=0.004
[19:02:25] [SUCCESS] ✓ TEP fit reduces residual-sigma correlation
[19:02:25] [SUCCESS] Saved residual audit to /Users/matthewsmawfield/www/Temporal Equivalence Principle/TEP-H0/results/outputs/step_34_residual_after_fit.csv
[19:02:25] [INFO] Host Covariate Table (B)
[19:02:25] [INFO] Host-level correlations:
[19:02:25] [INFO]   r(sigma, mean period term         ) = +0.202 (p=0.2939)
[19:02:25] [INFO]   r(sigma, mean period contrib      ) = -0.202 (p=0.2939)
[19:02:25] [INFO]   r(sigma, mean Z term              ) = +0.531 (p=0.0031)
[19:02:25] [INFO]   r(sigma, mean Z contrib           ) = -0.531 (p=0.0031)
[19:02:25] [INFO]   r(sigma, fraction logP > 1.5      ) = +nan (p=nan)
[19:02:25] [INFO] ---
[19:02:25] [INFO]   r(H0, mean period term         ) = +0.279 (p=0.1428)
[19:02:25] [INFO]   r(H0, mean period contrib      ) = -0.279 (p=0.1428)
[19:02:25] [INFO]   r(H0, mean Z term              ) = +0.323 (p=0.0875)
[19:02:25] [INFO]   r(H0, mean Z contrib           ) = -0.323 (p=0.0875)
[19:02:25] [INFO]   r(H0, fraction logP > 1.5      ) = +nan (p=nan)
[19:02:25] [SUCCESS] Saved host covariate table to /Users/matthewsmawfield/www/Temporal Equivalence Principle/TEP-H0/results/outputs/step_34_host_covariate_table.csv
[19:02:25] [INFO] Nested Absorption Test (P6) — Decomposition
[19:02:25] [INFO]   full_baseline       : r=+0.466 rho=+0.517 dH0= +7.86  (Full baseline (mu_i + all corrections))
[19:02:25] [INFO]   no_period           : r=+0.402 rho=+0.398 dH0=+12.27  (Remove period correction)
[19:02:25] [INFO]   no_Z                : r=+0.507 rho=+0.557 dH0= +8.61  (Remove metallicity correction)
[19:02:25] [INFO]   no_PZ               : r=+0.428 rho=+0.434 dH0=+13.07  (Remove period + metallicity)
[19:02:25] [INFO]   → Removing period correction weakens the H0-sigma trend
[19:02:25] [INFO]   → Period distribution contributes to the apparent trend
[19:02:25] [WARNING]   → Removing metallicity correction STRENGTHENS the H0-sigma trend
[19:02:25] [WARNING]   → Z_W was SUPPRESSING an environmental signal
[19:02:25] [SUCCESS] Saved nested absorption test to /Users/matthewsmawfield/www/Temporal Equivalence Principle/TEP-H0/results/outputs/step_34_nested_absorption_test.csv
[19:02:25] [INFO] SN-Channel Scope Validation (C)
[19:02:25] [INFO] SN calibrator rows total:           77
[19:02:25] [INFO] SN calibrator rows with X_SN != 0:  77
[19:02:25] [INFO] SN Hubble rows total:               0
[19:02:25] [INFO] SN Hubble rows with X_SN != 0:      0
[19:02:25] [INFO] TEP–Metallicity Disentanglement (A)
[19:02:27] [INFO]   Orthogonalization: X = +4.815e-02 + +3.364e-01 * Z_mean
[19:02:27] [INFO]   r(host_X, host_Z_mean) = +0.402
[19:02:27] [INFO] Disentanglement Results:
[19:02:27] [INFO] Model                     n_par     H0       chi2    dchi2       kappa0   sig0       kappaZ   sigZ
[19:02:27] [INFO]   1_baseline                 46  73.04    3552.71    +0.00          n/a    n/a          n/a    n/a
[19:02:27] [INFO]   2_noZ_plus_TEP             46   1.07    3575.18   -22.48    +1.41e+05    0.7          n/a    n/a
[19:02:27] [INFO]   3_baseline_plus_TEP        47  73.12    3552.61    +0.10    -6.67e+04    0.3          n/a    n/a
[19:02:27] [INFO]   4_baseline_TEP_Zint        48  73.19    3552.45    +0.26    -6.22e+04    0.3    +3.05e+05    0.4
[19:02:27] [INFO]   6_orthogonalized_TEP       47  72.99    3552.59    +0.11    -8.16e+04    0.3          n/a    n/a
[19:02:27] [SUCCESS] Saved disentanglement results to /Users/matthewsmawfield/www/Temporal Equivalence Principle/TEP-H0/results/outputs/step_34_tep_metallicity_disentanglement.csv
[19:02:27] [INFO] Generating Comparison Table...
[19:02:27] [SUCCESS] Saved comparison table to /Users/matthewsmawfield/www/Temporal Equivalence Principle/TEP-H0/results/outputs/step_34_ladder_likelihood_comparison.csv
[19:02:27] [INFO] Full-Ladder Likelihood Comparison
[19:02:27] [INFO] +----------------------------------+--------------------+--------------------+---------------------+-------------------+--------------------+--------------------+------+--------------------+------------------------+------------------------------------------------+
[19:02:27] [INFO] | model                            | kappa_Cep          | kappa_err          | kappa_significance  | H0                | H0_err             | chi2               | dof  | chi2_reduced       | delta_chi2_vs_baseline | notes                                          |
[19:02:27] [INFO] +----------------------------------+--------------------+--------------------+---------------------+-------------------+--------------------+--------------------+------+--------------------+------------------------+------------------------------------------------+
[19:02:27] [INFO] | Baseline SH0ES                   | 0.0                | 0.0                | 0                   | 73.0434215754375  | 1.0071562538179564 | 3552.706270469558  | 3444 | 1.031563957743774  | 0                      | Standard SH0ES                                 |
[19:02:27] [INFO] | TEP Summary Likelihood (Stage 1) | 2750371.0730964756 | 109848.63318825097 | 25.037826992194617  | —                 | —                  | 20927.51062104372  | 36   | 581.3197394734366  | —                      | Discarded: model broken                        |
[19:02:27] [INFO] | Variant A: Free kappa            | -66654.76095201241 | 210262.03802276557 | 0.31700806088826905 | 73.1224746708568  | —                  | 3552.6057763588924 | 3443 | 1.0318343817481535 | —                      | kappa=-6.7e4+/-2.1e5 (0.3sigma; opposite sign) |
[19:02:27] [INFO] | Variant B: Prior kappa           | 157774.05356363475 | 186115.36388053387 | —                   | 72.8566406526538  | 1.0283992548480665 | 3553.745069523117  | 3443 | 1.0321652830447623 | —                      | Prior dominates                                |
[19:02:27] [INFO] | Variant C: Fixed kappa           | 970000.0           | 0.0                | —                   | 71.90261815779357 | 0.9914263321949617 | 3576.913626705653  | 3444 | 1.0385928068251025 | -24.20735623609471     | Sensitivity test only                          |
[19:02:27] [INFO] +----------------------------------+--------------------+--------------------+---------------------+-------------------+--------------------+--------------------+------+--------------------+------------------------+------------------------------------------------+
[19:02:27] [SUCCESS] Saved results to /Users/matthewsmawfield/www/Temporal Equivalence Principle/TEP-H0/results/outputs/step_34_full_ladder_likelihood_results.json
[19:02:27] [SUCCESS] Full-Ladder Likelihood Analysis Complete
