[06:16:08] [INFO] 
[06:16:08] [INFO] ================================================================================
[06:16:08] [INFO]    Starting Step 8: M31 PHAT Analysis (Kodric Cross-Match)
[06:16:08] [INFO] ================================================================================
[06:16:08] [INFO] 
[06:16:08] [PROCESS] Fetching Kodric Cepheid catalog...
[06:16:08] [INFO] Candidate sources in PHAT region: 2846
[06:16:08] [PROCESS] Querying PHAT photometry in 114 batches (r=1.5") using parallel execution...
[06:16:39] [INFO]   Completed 10/114 batches, 0 matches so far...
[06:16:57] [INFO]   Completed 20/114 batches, 0 matches so far...
[06:17:16] [INFO]   Completed 30/114 batches, 0 matches so far...
[06:17:37] [INFO]   Completed 40/114 batches, 0 matches so far...
[06:18:05] [INFO]   Completed 50/114 batches, 0 matches so far...
[06:18:25] [INFO]   Completed 60/114 batches, 0 matches so far...
[06:18:45] [INFO]   Completed 70/114 batches, 0 matches so far...
[06:19:02] [INFO]   Completed 80/114 batches, 0 matches so far...
[06:19:30] [INFO]   Completed 90/114 batches, 0 matches so far...
[06:19:49] [INFO]   Completed 100/114 batches, 0 matches so far...
[06:20:07] [INFO]   Completed 110/114 batches, 0 matches so far...
[06:20:18] [INFO]   Completed 114/114 batches, 0 matches so far...
[06:20:18] [WARNING] Total matches found: 0
[06:20:18] [WARNING] No PHAT matches found.
