[15:38:15] [INFO] ======================================================================
[15:38:15] [INFO] STEP 5b: M31 RADIAL SHEAR-SUPPRESSION MODEL
[15:38:15] [INFO] ======================================================================
[15:38:15] [PROCESS] Fetching M31 Cepheid data (Kodric et al. 2018)...
[15:38:16] [SUCCESS] Retrieved 5356 Cepheids.
[15:38:16] [PROCESS] Fetching HST/PHAT catalog for cross-match (J/ApJ/864/59)...
[15:38:16] [SUCCESS] Cross-matched 302 HST Cepheids (2 arcsec tol).
[15:38:16] [INFO] Sample after cuts: N = 1917
[15:38:16] [INFO] Radial range: 0.6 - 93.5 kpc
[15:38:16] [INFO] Density range: 0.0000 - 3.1221 M_sun/pc^3
[15:38:16] [INFO] Suppression range: 0.025 - 1.000
[15:38:16] [INFO] Model Comparison (Lower AIC = Better)
[15:38:16] [INFO] +----------------+---+---------+---------+-------+-------+
[15:38:16] [INFO] | Model          | k | chi2    | AIC     | ΔAIC  | w     |
[15:38:16] [INFO] +----------------+---+---------+---------+-------+-------+
[15:38:16] [INFO] | A (Null)       | 2 | 4050.85 | 4054.85 | 11.72 | 0.003 |
[15:38:16] [INFO] | B (Step)       | 3 | 4037.13 | 4043.13 | 0.00  | 0.995 |
[15:38:16] [INFO] | C (Continuous) | 3 | 4049.88 | 4055.88 | 12.75 | 0.002 |
[15:38:16] [INFO] +----------------+---+---------+---------+-------+-------+
[15:38:16] [PROCESS] Generating radial suppression figure...
[15:38:16] [SUCCESS] Saved figure to /Users/matthewsmawfield/www/Temporal Equivalence Principle/TEP-H0/results/figures/figure_09_m31_radial_suppression.png
[15:38:16] [SUCCESS] Copied figure to /Users/matthewsmawfield/www/Temporal Equivalence Principle/TEP-H0/site/public/figures/figure_09_m31_radial_suppression.png
[15:38:16] [SUCCESS] Saved results to /Users/matthewsmawfield/www/Temporal Equivalence Principle/TEP-H0/results/outputs/m31_radial_suppression.json
[15:38:16] [SUCCESS] Step 5b Complete.
