[01:39:47] [INFO] 
[01:39:47] [INFO] ================================================================================
[01:39:47] [INFO]    >>> STEP 17: Primary TEP regressor audit
[01:39:47] [INFO] ================================================================================
[01:39:47] [INFO] 
[01:39:47] [INFO] Regressor comparison (sorted by |Pearson r|):
[01:39:47] [INFO] TEP Regressor Audit
[01:39:47] [INFO] +------------------+----+-----------+--------+------------+--------+---------+
[01:39:47] [INFO] | Regressor        | N  | Pearson r | p      | Spearman ρ | p      | Scatter |
[01:39:47] [INFO] +------------------+----+-----------+--------+------------+--------+---------+
[01:39:47] [INFO] | sigma            | 29 | 0.466     | 0.0109 | 0.517      | 0.0041 | 6.74    |
[01:39:47] [INFO] | S_total_sigma_sq | 29 | 0.441     | 0.0167 | 0.388      | 0.0374 | 6.84    |
[01:39:47] [INFO] | S_local_sigma_sq | 29 | 0.436     | 0.0180 | 0.438      | 0.0175 | 6.85    |
[01:39:47] [INFO] | TEP_full         | 29 | 0.434     | 0.0186 | 0.525      | 0.0035 | 6.86    |
[01:39:47] [INFO] | sigma_sq         | 29 | 0.426     | 0.0212 | 0.517      | 0.0041 | 6.89    |
[01:39:47] [INFO] | host_logmass     | 29 | 0.304     | 0.1087 | 0.419      | 0.0238 | 7.26    |
[01:39:47] [INFO] | z_hd             | 29 | 0.259     | 0.1750 | 0.272      | 0.1531 | 7.36    |
[01:39:47] [INFO] | sigma_shuffled   | 29 | 0.157     | 0.4163 | 0.113      | 0.5584 | 7.52    |
[01:39:47] [INFO] | m_b_corr         | 29 | 0.065     | 0.7388 | -0.009     | 0.9636 | 7.60    |
[01:39:47] [INFO] +------------------+----+-----------+--------+------------+--------+---------+
[01:39:47] [SUCCESS] Best TEP regressor: S_total_sigma_sq (r=0.441, p=0.0167)
[01:39:47] [SUCCESS] Step 17 complete
