[18:34:57] [INFO] Calculating Effective Calibrator Sigma...
[18:34:57] [INFO] Using SH0ES-motivated weights (based on P-L contribution).
[18:34:57] [INFO] Geometric Anchor Sample (S from Nmb formula)
[18:34:57] [INFO] +----------+--------------+-----+-------+--------+----------------------------+
[18:34:57] [INFO] | Anchor   | Sigma (km/s) | Nmb | S     | Weight | Description                |
[18:34:57] [INFO] +----------+--------------+-----+-------+--------+----------------------------+
[18:34:57] [INFO] | MW       | 30.0         | 7   | 0.605 | 0.20   | Milky Way Disk (Bovy+2012) |
[18:34:57] [INFO] | LMC      | 24.0         | 2   | 0.873 | 0.25   | LMC Disk (vdMarel+2002)    |
[18:34:57] [INFO] | NGC 4258 | 115.0        | 65  | 0.096 | 0.55   | NGC 4258 Disk (K&H2013)    |
[18:34:57] [INFO] +----------+--------------+-----+-------+--------+----------------------------+
[18:34:57] [SUCCESS] Standard Reference Sigma (σ_ref):       87.17 km/s
[18:34:57] [SUCCESS] Screened-Effective Sigma (σ_ref,scr):   30.51 km/s  (NGC 4258 contribution down-weighted by S=0.10)
[18:34:58] [INFO] Optimizing TEP Coupling (κ_Cep)...
[18:34:58] [INFO] Optimization converged: True
[18:34:58] [SUCCESS] Optimal Observable Response Coefficient (κ_Cep): 1.403e+06 mag
[18:34:58] [INFO] Mean effective coupling (κ_Cep·⟨S⟩): 1.403e+06
[18:34:58] [INFO] Applying Conformal Correction...
[18:34:58] [INFO] Sample Corrections (Suppression-Aware)
[18:34:58] [INFO] +----------+-------+--------+----------+------------+----------+
[18:34:58] [INFO] | Host     | Sigma | S(rho) | H0 (Raw) | Corr (mag) | H0 (TEP) |
[18:34:58] [INFO] +----------+-------+--------+----------+------------+----------+
[18:34:58] [INFO] | NGC 7250 | 50.4  | 1.000  | 61.82    | -0.0789    | 64.11    |
[18:34:58] [INFO] | UGC 9391 | 72.8  | 1.000  | 61.23    | -0.0358    | 62.24    |
[18:34:58] [INFO] | NGC 5643 | 99.8  | 1.000  | 78.52    | +0.0369    | 77.20    |
[18:34:58] [INFO] | NGC 3583 | 102.7 | 1.000  | 71.09    | +0.0460    | 69.60    |
[18:34:58] [INFO] | NGC 3254 | 109.5 | 1.000  | 64.24    | +0.0684    | 62.24    |
[18:34:58] [INFO] +----------+-------+--------+----------+------------+----------+
[18:34:58] [INFO] ------------------------------------------------------------
[18:34:58] [SUCCESS] UNIFIED H0 (Statistical): 66.03 +/- 1.46 km/s/Mpc
[18:34:58] [INFO] Note: This error (SEM) assumes κ_Cep is fixed/known perfectly.
[18:34:58] [INFO] ------------------------------------------------------------
[18:34:58] [INFO] Optimizing TEP Coupling (κ_Cep)...
[18:34:58] [INFO] Optimization converged: True
[18:34:58] [SUCCESS] Optimal Observable Response Coefficient (κ_Cep): 1.254e+06 mag
[18:34:58] [INFO] Mean effective coupling (κ_Cep·⟨S⟩): 1.254e+06
[18:34:58] [INFO] Optimizing TEP Coupling (κ_Cep)...
[18:34:58] [INFO] Optimization converged: True
[18:34:58] [SUCCESS] Optimal Observable Response Coefficient (κ_Cep): 1.398e+06 mag
[18:34:58] [INFO] Mean effective coupling (κ_Cep·⟨S⟩): 1.398e+06
[18:34:58] [INFO] Optimizing TEP Coupling (κ_Cep)...
[18:34:58] [INFO] Optimization converged: True
[18:34:58] [SUCCESS] Optimal Observable Response Coefficient (κ_Cep): 1.394e+06 mag
[18:34:58] [INFO] Mean effective coupling (κ_Cep·⟨S⟩): 1.394e+06
[18:34:58] [INFO] Optimizing TEP Coupling (κ_Cep)...
[18:34:58] [INFO] Optimization converged: True
[18:34:58] [SUCCESS] Optimal Observable Response Coefficient (κ_Cep): 1.399e+06 mag
[18:34:58] [INFO] Mean effective coupling (κ_Cep·⟨S⟩): 1.399e+06
[18:34:58] [INFO] Optimizing TEP Coupling (κ_Cep)...
[18:34:58] [INFO] Optimization converged: True
[18:34:58] [SUCCESS] Optimal Observable Response Coefficient (κ_Cep): 1.408e+06 mag
[18:34:58] [INFO] Mean effective coupling (κ_Cep·⟨S⟩): 1.408e+06
[18:34:58] [INFO] Optimizing TEP Coupling (κ_Cep)...
[18:34:58] [INFO] Optimization converged: True
[18:34:58] [SUCCESS] Optimal Observable Response Coefficient (κ_Cep): 1.341e+06 mag
[18:34:58] [INFO] Mean effective coupling (κ_Cep·⟨S⟩): 1.341e+06
[18:34:58] [INFO] Optimizing TEP Coupling (κ_Cep)...
[18:34:58] [INFO] Optimization converged: True
[18:34:58] [SUCCESS] Optimal Observable Response Coefficient (κ_Cep): 1.384e+06 mag
[18:34:58] [INFO] Mean effective coupling (κ_Cep·⟨S⟩): 1.384e+06
[18:34:58] [INFO] Optimizing TEP Coupling (κ_Cep)...
[18:34:58] [INFO] Optimization converged: True
[18:34:58] [SUCCESS] Optimal Observable Response Coefficient (κ_Cep): 1.392e+06 mag
[18:34:58] [INFO] Mean effective coupling (κ_Cep·⟨S⟩): 1.392e+06
[18:34:58] [INFO] Optimizing TEP Coupling (κ_Cep)...
[18:34:58] [INFO] Optimization converged: True
[18:34:58] [SUCCESS] Optimal Observable Response Coefficient (κ_Cep): 1.372e+06 mag
[18:34:58] [INFO] Mean effective coupling (κ_Cep·⟨S⟩): 1.372e+06
[18:34:58] [INFO] Optimizing TEP Coupling (κ_Cep)...
[18:34:58] [INFO] Optimization converged: True
[18:34:58] [SUCCESS] Optimal Observable Response Coefficient (κ_Cep): 1.426e+06 mag
[18:34:58] [INFO] Mean effective coupling (κ_Cep·⟨S⟩): 1.426e+06
[18:34:58] [INFO] Optimizing TEP Coupling (κ_Cep)...
[18:34:58] [INFO] Optimization converged: True
[18:34:58] [SUCCESS] Optimal Observable Response Coefficient (κ_Cep): 1.428e+06 mag
[18:34:58] [INFO] Mean effective coupling (κ_Cep·⟨S⟩): 1.428e+06
[18:34:58] [INFO] Optimizing TEP Coupling (κ_Cep)...
[18:34:58] [INFO] Optimization converged: True
[18:34:58] [SUCCESS] Optimal Observable Response Coefficient (κ_Cep): 1.436e+06 mag
[18:34:58] [INFO] Mean effective coupling (κ_Cep·⟨S⟩): 1.436e+06
[18:34:58] [INFO] Optimizing TEP Coupling (κ_Cep)...
[18:34:58] [INFO] Optimization converged: True
[18:34:58] [SUCCESS] Optimal Observable Response Coefficient (κ_Cep): 1.764e+06 mag
[18:34:58] [INFO] Mean effective coupling (κ_Cep·⟨S⟩): 1.764e+06
[18:34:58] [INFO] Optimizing TEP Coupling (κ_Cep)...
[18:34:58] [INFO] Optimization converged: True
[18:34:58] [SUCCESS] Optimal Observable Response Coefficient (κ_Cep): 1.413e+06 mag
[18:34:58] [INFO] Mean effective coupling (κ_Cep·⟨S⟩): 1.413e+06
[18:34:58] [INFO] Optimizing TEP Coupling (κ_Cep)...
[18:34:58] [INFO] Optimization converged: True
[18:34:58] [SUCCESS] Optimal Observable Response Coefficient (κ_Cep): 1.405e+06 mag
[18:34:58] [INFO] Mean effective coupling (κ_Cep·⟨S⟩): 1.405e+06
[18:34:58] [INFO] Optimizing TEP Coupling (κ_Cep)...
[18:34:58] [INFO] Optimization converged: True
[18:34:58] [SUCCESS] Optimal Observable Response Coefficient (κ_Cep): 1.339e+06 mag
[18:34:58] [INFO] Mean effective coupling (κ_Cep·⟨S⟩): 1.339e+06
[18:34:58] [INFO] Optimizing TEP Coupling (κ_Cep)...
[18:34:58] [INFO] Optimization converged: True
[18:34:58] [SUCCESS] Optimal Observable Response Coefficient (κ_Cep): 1.396e+06 mag
[18:34:58] [INFO] Mean effective coupling (κ_Cep·⟨S⟩): 1.396e+06
[18:34:58] [INFO] Optimizing TEP Coupling (κ_Cep)...
[18:34:58] [INFO] Optimization converged: True
[18:34:58] [SUCCESS] Optimal Observable Response Coefficient (κ_Cep): 1.312e+06 mag
[18:34:58] [INFO] Mean effective coupling (κ_Cep·⟨S⟩): 1.312e+06
[18:34:58] [INFO] Optimizing TEP Coupling (κ_Cep)...
[18:34:58] [INFO] Optimization converged: True
[18:34:58] [SUCCESS] Optimal Observable Response Coefficient (κ_Cep): 1.359e+06 mag
[18:34:58] [INFO] Mean effective coupling (κ_Cep·⟨S⟩): 1.359e+06
[18:34:58] [INFO] Optimizing TEP Coupling (κ_Cep)...
[18:34:58] [INFO] Optimization converged: True
[18:34:58] [SUCCESS] Optimal Observable Response Coefficient (κ_Cep): 1.391e+06 mag
[18:34:58] [INFO] Mean effective coupling (κ_Cep·⟨S⟩): 1.391e+06
[18:34:58] [INFO] Optimizing TEP Coupling (κ_Cep)...
[18:34:58] [INFO] Optimization converged: True
[18:34:58] [SUCCESS] Optimal Observable Response Coefficient (κ_Cep): 1.311e+06 mag
[18:34:58] [INFO] Mean effective coupling (κ_Cep·⟨S⟩): 1.311e+06
[18:34:58] [INFO] Optimizing TEP Coupling (κ_Cep)...
[18:34:58] [INFO] Optimization converged: True
[18:34:58] [SUCCESS] Optimal Observable Response Coefficient (κ_Cep): 1.403e+06 mag
[18:34:58] [INFO] Mean effective coupling (κ_Cep·⟨S⟩): 1.403e+06
[18:34:58] [INFO] Optimizing TEP Coupling (κ_Cep)...
[18:34:58] [INFO] Optimization converged: True
[18:34:58] [SUCCESS] Optimal Observable Response Coefficient (κ_Cep): 1.410e+06 mag
[18:34:58] [INFO] Mean effective coupling (κ_Cep·⟨S⟩): 1.410e+06
[18:34:58] [INFO] Optimizing TEP Coupling (κ_Cep)...
[18:34:58] [INFO] Optimization converged: True
[18:34:58] [SUCCESS] Optimal Observable Response Coefficient (κ_Cep): 1.388e+06 mag
[18:34:58] [INFO] Mean effective coupling (κ_Cep·⟨S⟩): 1.388e+06
[18:34:58] [INFO] Optimizing TEP Coupling (κ_Cep)...
[18:34:58] [INFO] Optimization converged: True
[18:34:58] [SUCCESS] Optimal Observable Response Coefficient (κ_Cep): 1.416e+06 mag
[18:34:58] [INFO] Mean effective coupling (κ_Cep·⟨S⟩): 1.416e+06
[18:34:58] [INFO] Optimizing TEP Coupling (κ_Cep)...
[18:34:58] [INFO] Optimization converged: True
[18:34:58] [SUCCESS] Optimal Observable Response Coefficient (κ_Cep): 1.409e+06 mag
[18:34:58] [INFO] Mean effective coupling (κ_Cep·⟨S⟩): 1.409e+06
[18:34:58] [INFO] Optimizing TEP Coupling (κ_Cep)...
[18:34:58] [INFO] Optimization converged: True
[18:34:58] [SUCCESS] Optimal Observable Response Coefficient (κ_Cep): 1.391e+06 mag
[18:34:58] [INFO] Mean effective coupling (κ_Cep·⟨S⟩): 1.391e+06
[18:34:58] [INFO] Optimizing TEP Coupling (κ_Cep)...
[18:34:58] [INFO] Optimization converged: True
[18:34:58] [SUCCESS] Optimal Observable Response Coefficient (κ_Cep): 1.370e+06 mag
[18:34:58] [INFO] Mean effective coupling (κ_Cep·⟨S⟩): 1.370e+06
[18:34:58] [INFO] Optimizing TEP Coupling (κ_Cep)...
[18:34:58] [INFO] Optimization converged: True
[18:34:58] [SUCCESS] Optimal Observable Response Coefficient (κ_Cep): 1.389e+06 mag
[18:34:58] [INFO] Mean effective coupling (κ_Cep·⟨S⟩): 1.389e+06
[18:34:58] [INFO] Optimizing TEP Coupling (κ_Cep)...
[18:34:58] [INFO] Optimization converged: True
[18:34:58] [SUCCESS] Optimal Observable Response Coefficient (κ_Cep): 1.486e+06 mag
[18:34:58] [INFO] Mean effective coupling (κ_Cep·⟨S⟩): 1.486e+06
[18:34:58] [INFO] Optimizing TEP Coupling (κ_Cep)...
[18:34:58] [INFO] Optimization converged: True
[18:34:58] [SUCCESS] Optimal Observable Response Coefficient (κ_Cep): 1.390e+06 mag
[18:34:58] [INFO] Mean effective coupling (κ_Cep·⟨S⟩): 1.390e+06
[18:34:58] [INFO] Optimizing TEP Coupling (κ_Cep)...
[18:34:58] [INFO] Optimization converged: True
[18:34:58] [SUCCESS] Optimal Observable Response Coefficient (κ_Cep): 1.402e+06 mag
[18:34:58] [INFO] Mean effective coupling (κ_Cep·⟨S⟩): 1.402e+06
[18:34:58] [INFO] Optimizing TEP Coupling (κ_Cep)...
[18:34:58] [INFO] Optimization converged: True
[18:34:58] [SUCCESS] Optimal Observable Response Coefficient (κ_Cep): 1.475e+06 mag
[18:34:58] [INFO] Mean effective coupling (κ_Cep·⟨S⟩): 1.475e+06
[18:34:58] [INFO] Optimizing TEP Coupling (κ_Cep)...
[18:34:58] [INFO] Optimization converged: True
[18:34:58] [SUCCESS] Optimal Observable Response Coefficient (κ_Cep): 1.397e+06 mag
[18:34:58] [INFO] Mean effective coupling (κ_Cep·⟨S⟩): 1.397e+06
[18:34:58] [INFO] Optimizing TEP Coupling (κ_Cep)...
[18:34:58] [INFO] Optimization converged: True
[18:34:58] [SUCCESS] Optimal Observable Response Coefficient (κ_Cep): 1.654e+06 mag
[18:34:58] [INFO] Mean effective coupling (κ_Cep·⟨S⟩): 1.654e+06
[18:34:58] [INFO] Optimizing TEP Coupling (κ_Cep)...
[18:34:58] [INFO] Optimization converged: True
[18:34:58] [SUCCESS] Optimal Observable Response Coefficient (κ_Cep): 1.387e+06 mag
[18:34:58] [INFO] Mean effective coupling (κ_Cep·⟨S⟩): 1.387e+06
[18:34:59] [INFO] Optimizing TEP Coupling (κ_Cep)...
[18:34:59] [INFO] Optimization converged: True
[18:34:59] [SUCCESS] Optimal Observable Response Coefficient (κ_Cep): 9.134e+05 mag
[18:34:59] [INFO] Mean effective coupling (κ_Cep·⟨S⟩): 9.134e+05
[18:34:59] [INFO] Applying Conformal Correction...
[18:34:59] [INFO] Sample Corrections (Suppression-Aware)
[18:34:59] [INFO] +----------+-------+--------+----------+------------+----------+
[18:34:59] [INFO] | Host     | Sigma | S(rho) | H0 (Raw) | Corr (mag) | H0 (TEP) |
[18:34:59] [INFO] +----------+-------+--------+----------+------------+----------+
[18:34:59] [INFO] | NGC 5917 | 52.6  | 1.000  | 72.56    | -0.0491    | 74.22    |
[18:34:59] [INFO] | NGC 3370 | 80.5  | 1.000  | 65.72    | -0.0114    | 66.07    |
[18:34:59] [INFO] | NGC 2608 | 83.4  | 1.000  | 76.42    | -0.0065    | 76.65    |
[18:34:59] [INFO] | NGC 4639 | 96.4  | 1.000  | 47.25    | +0.0172    | 46.88    |
[18:34:59] [INFO] | NGC 976  | 212.7 | 1.000  | 76.91    | +0.3826    | 64.49    |
[18:34:59] [INFO] +----------+-------+--------+----------+------------+----------+
[18:34:59] [INFO] ------------------------------------------------------------
[18:34:59] [SUCCESS] UNIFIED H0 (Statistical): 68.67 +/- 1.30 km/s/Mpc
[18:34:59] [INFO] Note: This error (SEM) assumes κ_Cep is fixed/known perfectly.
[18:34:59] [INFO] ------------------------------------------------------------
[18:34:59] [INFO] Optimizing TEP Coupling (κ_Cep)...
[18:34:59] [INFO] Optimization converged: True
[18:34:59] [SUCCESS] Optimal Observable Response Coefficient (κ_Cep): 9.130e+05 mag
[18:34:59] [INFO] Mean effective coupling (κ_Cep·⟨S⟩): 9.130e+05
[18:34:59] [INFO] Optimizing TEP Coupling (κ_Cep)...
[18:34:59] [INFO] Optimization converged: True
[18:34:59] [SUCCESS] Optimal Observable Response Coefficient (κ_Cep): 9.117e+05 mag
[18:34:59] [INFO] Mean effective coupling (κ_Cep·⟨S⟩): 9.117e+05
[18:34:59] [INFO] Optimizing TEP Coupling (κ_Cep)...
[18:34:59] [INFO] Optimization converged: True
[18:34:59] [SUCCESS] Optimal Observable Response Coefficient (κ_Cep): 8.969e+05 mag
[18:34:59] [INFO] Mean effective coupling (κ_Cep·⟨S⟩): 8.969e+05
[18:34:59] [INFO] Optimizing TEP Coupling (κ_Cep)...
[18:34:59] [INFO] Optimization converged: True
[18:34:59] [SUCCESS] Optimal Observable Response Coefficient (κ_Cep): 9.123e+05 mag
[18:34:59] [INFO] Mean effective coupling (κ_Cep·⟨S⟩): 9.123e+05
[18:34:59] [INFO] Optimizing TEP Coupling (κ_Cep)...
[18:34:59] [INFO] Optimization converged: True
[18:34:59] [SUCCESS] Optimal Observable Response Coefficient (κ_Cep): 8.622e+05 mag
[18:34:59] [INFO] Mean effective coupling (κ_Cep·⟨S⟩): 8.622e+05
[18:34:59] [INFO] Optimizing TEP Coupling (κ_Cep)...
[18:34:59] [INFO] Optimization converged: True
[18:34:59] [SUCCESS] Optimal Observable Response Coefficient (κ_Cep): 8.754e+05 mag
[18:34:59] [INFO] Mean effective coupling (κ_Cep·⟨S⟩): 8.754e+05
[18:34:59] [INFO] Optimizing TEP Coupling (κ_Cep)...
[18:34:59] [INFO] Optimization converged: True
[18:34:59] [SUCCESS] Optimal Observable Response Coefficient (κ_Cep): 8.927e+05 mag
[18:34:59] [INFO] Mean effective coupling (κ_Cep·⟨S⟩): 8.927e+05
[18:34:59] [INFO] Optimizing TEP Coupling (κ_Cep)...
[18:34:59] [INFO] Optimization converged: True
[18:34:59] [SUCCESS] Optimal Observable Response Coefficient (κ_Cep): 9.311e+05 mag
[18:34:59] [INFO] Mean effective coupling (κ_Cep·⟨S⟩): 9.311e+05
[18:34:59] [INFO] Optimizing TEP Coupling (κ_Cep)...
[18:34:59] [INFO] Optimization converged: True
[18:34:59] [SUCCESS] Optimal Observable Response Coefficient (κ_Cep): 9.423e+05 mag
[18:34:59] [INFO] Mean effective coupling (κ_Cep·⟨S⟩): 9.423e+05
[18:34:59] [INFO] Optimizing TEP Coupling (κ_Cep)...
[18:35:00] [INFO] Optimization converged: True
[18:35:00] [SUCCESS] Optimal Observable Response Coefficient (κ_Cep): 9.160e+05 mag
[18:35:00] [INFO] Mean effective coupling (κ_Cep·⟨S⟩): 9.160e+05
[18:35:00] [INFO] Optimizing TEP Coupling (κ_Cep)...
[18:35:00] [INFO] Optimization converged: True
[18:35:00] [SUCCESS] Optimal Observable Response Coefficient (κ_Cep): 1.113e+06 mag
[18:35:00] [INFO] Mean effective coupling (κ_Cep·⟨S⟩): 1.113e+06
[18:35:00] [INFO] Optimizing TEP Coupling (κ_Cep)...
[18:35:00] [INFO] Optimization converged: True
[18:35:00] [SUCCESS] Optimal Observable Response Coefficient (κ_Cep): 9.257e+05 mag
[18:35:00] [INFO] Mean effective coupling (κ_Cep·⟨S⟩): 9.257e+05
[18:35:00] [INFO] Optimizing TEP Coupling (κ_Cep)...
[18:35:00] [INFO] Optimization converged: True
[18:35:00] [SUCCESS] Optimal Observable Response Coefficient (κ_Cep): 9.035e+05 mag
[18:35:00] [INFO] Mean effective coupling (κ_Cep·⟨S⟩): 9.035e+05
[18:35:00] [INFO] Optimizing TEP Coupling (κ_Cep)...
[18:35:00] [INFO] Optimization converged: True
[18:35:00] [SUCCESS] Optimal Observable Response Coefficient (κ_Cep): 7.926e+05 mag
[18:35:00] [INFO] Mean effective coupling (κ_Cep·⟨S⟩): 7.926e+05
[18:35:00] [INFO] Optimizing TEP Coupling (κ_Cep)...
[18:35:00] [INFO] Optimization converged: True
[18:35:00] [SUCCESS] Optimal Observable Response Coefficient (κ_Cep): 9.121e+05 mag
[18:35:00] [INFO] Mean effective coupling (κ_Cep·⟨S⟩): 9.121e+05
[18:35:00] [INFO] Optimizing TEP Coupling (κ_Cep)...
[18:35:00] [INFO] Optimization converged: True
[18:35:00] [SUCCESS] Optimal Observable Response Coefficient (κ_Cep): 9.143e+05 mag
[18:35:00] [INFO] Mean effective coupling (κ_Cep·⟨S⟩): 9.143e+05
[18:35:00] [INFO] Optimizing TEP Coupling (κ_Cep)...
[18:35:00] [INFO] Optimization converged: True
[18:35:00] [SUCCESS] Optimal Observable Response Coefficient (κ_Cep): 8.946e+05 mag
[18:35:00] [INFO] Mean effective coupling (κ_Cep·⟨S⟩): 8.946e+05
[18:35:00] [INFO] Optimizing TEP Coupling (κ_Cep)...
[18:35:00] [INFO] Optimization converged: True
[18:35:00] [SUCCESS] Optimal Observable Response Coefficient (κ_Cep): 9.112e+05 mag
[18:35:00] [INFO] Mean effective coupling (κ_Cep·⟨S⟩): 9.112e+05
[18:35:00] [INFO] Optimizing TEP Coupling (κ_Cep)...
[18:35:00] [INFO] Optimization converged: True
[18:35:00] [SUCCESS] Optimal Observable Response Coefficient (κ_Cep): 9.026e+05 mag
[18:35:00] [INFO] Mean effective coupling (κ_Cep·⟨S⟩): 9.026e+05
[18:35:00] [INFO] Optimizing TEP Coupling (κ_Cep)...
[18:35:00] [INFO] Optimization converged: True
[18:35:00] [SUCCESS] Optimal Observable Response Coefficient (κ_Cep): 9.294e+05 mag
[18:35:00] [INFO] Mean effective coupling (κ_Cep·⟨S⟩): 9.294e+05
[18:35:00] [INFO] Optimizing TEP Coupling (κ_Cep)...
[18:35:00] [INFO] Optimization converged: True
[18:35:00] [SUCCESS] Optimal Observable Response Coefficient (κ_Cep): 8.708e+05 mag
[18:35:00] [INFO] Mean effective coupling (κ_Cep·⟨S⟩): 8.708e+05
[18:35:00] [INFO] Optimizing TEP Coupling (κ_Cep)...
[18:35:00] [INFO] Optimization converged: True
[18:35:00] [SUCCESS] Optimal Observable Response Coefficient (κ_Cep): 9.077e+05 mag
[18:35:00] [INFO] Mean effective coupling (κ_Cep·⟨S⟩): 9.077e+05
[18:35:00] [INFO] Optimizing TEP Coupling (κ_Cep)...
[18:35:00] [INFO] Optimization converged: True
[18:35:00] [SUCCESS] Optimal Observable Response Coefficient (κ_Cep): 9.754e+05 mag
[18:35:00] [INFO] Mean effective coupling (κ_Cep·⟨S⟩): 9.754e+05
[18:35:00] [INFO] Optimizing TEP Coupling (κ_Cep)...
[18:35:00] [INFO] Optimization converged: True
[18:35:00] [SUCCESS] Optimal Observable Response Coefficient (κ_Cep): 8.539e+05 mag
[18:35:00] [INFO] Mean effective coupling (κ_Cep·⟨S⟩): 8.539e+05
[18:35:00] [INFO] Optimizing TEP Coupling (κ_Cep)...
[18:35:00] [INFO] Optimization converged: True
[18:35:00] [SUCCESS] Optimal Observable Response Coefficient (κ_Cep): 9.202e+05 mag
[18:35:00] [INFO] Mean effective coupling (κ_Cep·⟨S⟩): 9.202e+05
[18:35:00] [INFO] Optimizing TEP Coupling (κ_Cep)...
[18:35:00] [INFO] Optimization converged: True
[18:35:00] [SUCCESS] Optimal Observable Response Coefficient (κ_Cep): 9.747e+05 mag
[18:35:00] [INFO] Mean effective coupling (κ_Cep·⟨S⟩): 9.747e+05
[18:35:00] [INFO] Optimizing TEP Coupling (κ_Cep)...
[18:35:00] [INFO] Optimization converged: True
[18:35:00] [SUCCESS] Optimal Observable Response Coefficient (κ_Cep): 9.125e+05 mag
[18:35:00] [INFO] Mean effective coupling (κ_Cep·⟨S⟩): 9.125e+05
[18:35:00] [INFO] Optimizing TEP Coupling (κ_Cep)...
[18:35:00] [INFO] Optimization converged: True
[18:35:00] [SUCCESS] Optimal Observable Response Coefficient (κ_Cep): 1.055e+06 mag
[18:35:00] [INFO] Mean effective coupling (κ_Cep·⟨S⟩): 1.055e+06
[18:35:00] [INFO] Optimizing TEP Coupling (κ_Cep)...
[18:35:00] [INFO] Optimization converged: True
[18:35:00] [SUCCESS] Optimal Observable Response Coefficient (κ_Cep): 8.723e+05 mag
[18:35:00] [INFO] Mean effective coupling (κ_Cep·⟨S⟩): 8.723e+05
[18:35:01] [INFO] Optimizing TEP Coupling (κ_Cep)...
[18:35:01] [INFO] Optimization converged: True
[18:35:01] [SUCCESS] Optimal Observable Response Coefficient (κ_Cep): 8.946e+05 mag
[18:35:01] [INFO] Mean effective coupling (κ_Cep·⟨S⟩): 8.946e+05
[18:35:01] [INFO] Applying Conformal Correction...
[18:35:01] [INFO] Sample Corrections (Suppression-Aware)
[18:35:01] [INFO] +----------+-------+--------+----------+------------+----------+
[18:35:01] [INFO] | Host     | Sigma | S(rho) | H0 (Raw) | Corr (mag) | H0 (TEP) |
[18:35:01] [INFO] +----------+-------+--------+----------+------------+----------+
[18:35:01] [INFO] | NGC 5917 | 52.6  | 1.000  | 72.56    | -0.0480    | 74.18    |
[18:35:01] [INFO] | NGC 3021 | 54.2  | 1.000  | 67.07    | -0.0464    | 68.52    |
[18:35:01] [INFO] | NGC 2608 | 83.4  | 1.000  | 76.42    | -0.0064    | 76.65    |
[18:35:01] [INFO] | NGC 0691 | 101.8 | 1.000  | 69.88    | +0.0276    | 69.00    |
[18:35:01] [INFO] | NGC 7678 | 102.5 | 1.000  | 70.66    | +0.0289    | 69.72    |
[18:35:01] [INFO] +----------+-------+--------+----------+------------+----------+
[18:35:01] [INFO] ------------------------------------------------------------
[18:35:01] [SUCCESS] UNIFIED H0 (Statistical): 69.47 +/- 1.08 km/s/Mpc
[18:35:01] [INFO] Note: This error (SEM) assumes κ_Cep is fixed/known perfectly.
[18:35:01] [INFO] ------------------------------------------------------------
[18:35:01] [INFO] Optimizing TEP Coupling (κ_Cep)...
[18:35:01] [INFO] Optimization converged: True
[18:35:01] [SUCCESS] Optimal Observable Response Coefficient (κ_Cep): 8.947e+05 mag
[18:35:01] [INFO] Mean effective coupling (κ_Cep·⟨S⟩): 8.947e+05
[18:35:01] [INFO] Optimizing TEP Coupling (κ_Cep)...
[18:35:01] [INFO] Optimization converged: True
[18:35:01] [SUCCESS] Optimal Observable Response Coefficient (κ_Cep): 8.935e+05 mag
[18:35:01] [INFO] Mean effective coupling (κ_Cep·⟨S⟩): 8.935e+05
[18:35:01] [INFO] Optimizing TEP Coupling (κ_Cep)...
[18:35:01] [INFO] Optimization converged: True
[18:35:01] [SUCCESS] Optimal Observable Response Coefficient (κ_Cep): 8.746e+05 mag
[18:35:01] [INFO] Mean effective coupling (κ_Cep·⟨S⟩): 8.746e+05
[18:35:01] [INFO] Optimizing TEP Coupling (κ_Cep)...
[18:35:01] [INFO] Optimization converged: True
[18:35:01] [SUCCESS] Optimal Observable Response Coefficient (κ_Cep): 8.905e+05 mag
[18:35:01] [INFO] Mean effective coupling (κ_Cep·⟨S⟩): 8.905e+05
[18:35:01] [INFO] Optimizing TEP Coupling (κ_Cep)...
[18:35:01] [INFO] Optimization converged: True
[18:35:01] [SUCCESS] Optimal Observable Response Coefficient (κ_Cep): 8.508e+05 mag
[18:35:01] [INFO] Mean effective coupling (κ_Cep·⟨S⟩): 8.508e+05
[18:35:01] [INFO] Optimizing TEP Coupling (κ_Cep)...
[18:35:01] [INFO] Optimization converged: True
[18:35:01] [SUCCESS] Optimal Observable Response Coefficient (κ_Cep): 8.496e+05 mag
[18:35:01] [INFO] Mean effective coupling (κ_Cep·⟨S⟩): 8.496e+05
[18:35:01] [INFO] Optimizing TEP Coupling (κ_Cep)...
[18:35:01] [INFO] Optimization converged: True
[18:35:01] [SUCCESS] Optimal Observable Response Coefficient (κ_Cep): 8.807e+05 mag
[18:35:01] [INFO] Mean effective coupling (κ_Cep·⟨S⟩): 8.807e+05
[18:35:01] [INFO] Optimizing TEP Coupling (κ_Cep)...
[18:35:01] [INFO] Optimization converged: True
[18:35:01] [SUCCESS] Optimal Observable Response Coefficient (κ_Cep): 9.077e+05 mag
[18:35:01] [INFO] Mean effective coupling (κ_Cep·⟨S⟩): 9.077e+05
[18:35:01] [INFO] Optimizing TEP Coupling (κ_Cep)...
[18:35:01] [INFO] Optimization converged: True
[18:35:01] [SUCCESS] Optimal Observable Response Coefficient (κ_Cep): 9.203e+05 mag
[18:35:01] [INFO] Mean effective coupling (κ_Cep·⟨S⟩): 9.203e+05
[18:35:01] [INFO] Optimizing TEP Coupling (κ_Cep)...
[18:35:01] [INFO] Optimization converged: True
[18:35:01] [SUCCESS] Optimal Observable Response Coefficient (κ_Cep): 8.870e+05 mag
[18:35:01] [INFO] Mean effective coupling (κ_Cep·⟨S⟩): 8.870e+05
[18:35:01] [INFO] Optimizing TEP Coupling (κ_Cep)...
[18:35:01] [INFO] Optimization converged: True
[18:35:01] [SUCCESS] Optimal Observable Response Coefficient (κ_Cep): 1.124e+06 mag
[18:35:01] [INFO] Mean effective coupling (κ_Cep·⟨S⟩): 1.124e+06
[18:35:01] [INFO] Optimizing TEP Coupling (κ_Cep)...
[18:35:01] [INFO] Optimization converged: True
[18:35:01] [SUCCESS] Optimal Observable Response Coefficient (κ_Cep): 9.088e+05 mag
[18:35:01] [INFO] Mean effective coupling (κ_Cep·⟨S⟩): 9.088e+05
[18:35:01] [INFO] Optimizing TEP Coupling (κ_Cep)...
[18:35:01] [INFO] Optimization converged: True
[18:35:01] [SUCCESS] Optimal Observable Response Coefficient (κ_Cep): 8.805e+05 mag
[18:35:01] [INFO] Mean effective coupling (κ_Cep·⟨S⟩): 8.805e+05
[18:35:01] [INFO] Optimizing TEP Coupling (κ_Cep)...
[18:35:01] [INFO] Optimization converged: True
[18:35:01] [SUCCESS] Optimal Observable Response Coefficient (κ_Cep): 7.623e+05 mag
[18:35:01] [INFO] Mean effective coupling (κ_Cep·⟨S⟩): 7.623e+05
[18:35:01] [INFO] Optimizing TEP Coupling (κ_Cep)...
[18:35:01] [INFO] Optimization converged: True
[18:35:01] [SUCCESS] Optimal Observable Response Coefficient (κ_Cep): 8.941e+05 mag
[18:35:01] [INFO] Mean effective coupling (κ_Cep·⟨S⟩): 8.941e+05
[18:35:01] [INFO] Optimizing TEP Coupling (κ_Cep)...
[18:35:01] [INFO] Optimization converged: True
[18:35:01] [SUCCESS] Optimal Observable Response Coefficient (κ_Cep): 8.958e+05 mag
[18:35:01] [INFO] Mean effective coupling (κ_Cep·⟨S⟩): 8.958e+05
[18:35:01] [INFO] Optimizing TEP Coupling (κ_Cep)...
[18:35:01] [INFO] Optimization converged: True
[18:35:01] [SUCCESS] Optimal Observable Response Coefficient (κ_Cep): 8.929e+05 mag
[18:35:01] [INFO] Mean effective coupling (κ_Cep·⟨S⟩): 8.929e+05
[18:35:01] [INFO] Optimizing TEP Coupling (κ_Cep)...
[18:35:01] [INFO] Optimization converged: True
[18:35:01] [SUCCESS] Optimal Observable Response Coefficient (κ_Cep): 8.761e+05 mag
[18:35:01] [INFO] Mean effective coupling (κ_Cep·⟨S⟩): 8.761e+05
[18:35:01] [INFO] Optimizing TEP Coupling (κ_Cep)...
[18:35:01] [INFO] Optimization converged: True
[18:35:01] [SUCCESS] Optimal Observable Response Coefficient (κ_Cep): 9.094e+05 mag
[18:35:01] [INFO] Mean effective coupling (κ_Cep·⟨S⟩): 9.094e+05
[18:35:01] [INFO] Optimizing TEP Coupling (κ_Cep)...
[18:35:01] [INFO] Optimization converged: True
[18:35:01] [SUCCESS] Optimal Observable Response Coefficient (κ_Cep): 8.654e+05 mag
[18:35:01] [INFO] Mean effective coupling (κ_Cep·⟨S⟩): 8.654e+05
[18:35:01] [INFO] Optimizing TEP Coupling (κ_Cep)...
[18:35:01] [INFO] Optimization converged: True
[18:35:01] [SUCCESS] Optimal Observable Response Coefficient (κ_Cep): 8.904e+05 mag
[18:35:01] [INFO] Mean effective coupling (κ_Cep·⟨S⟩): 8.904e+05
[18:35:01] [INFO] Optimizing TEP Coupling (κ_Cep)...
[18:35:01] [INFO] Optimization converged: True
[18:35:01] [SUCCESS] Optimal Observable Response Coefficient (κ_Cep): 9.462e+05 mag
[18:35:01] [INFO] Mean effective coupling (κ_Cep·⟨S⟩): 9.462e+05
[18:35:01] [INFO] Optimizing TEP Coupling (κ_Cep)...
[18:35:01] [INFO] Optimization converged: True
[18:35:01] [SUCCESS] Optimal Observable Response Coefficient (κ_Cep): 8.236e+05 mag
[18:35:01] [INFO] Mean effective coupling (κ_Cep·⟨S⟩): 8.236e+05
[18:35:01] [INFO] Optimizing TEP Coupling (κ_Cep)...
[18:35:01] [INFO] Optimization converged: True
[18:35:01] [SUCCESS] Optimal Observable Response Coefficient (κ_Cep): 9.048e+05 mag
[18:35:01] [INFO] Mean effective coupling (κ_Cep·⟨S⟩): 9.048e+05
[18:35:01] [INFO] Optimizing TEP Coupling (κ_Cep)...
[18:35:01] [INFO] Optimization converged: True
[18:35:01] [SUCCESS] Optimal Observable Response Coefficient (κ_Cep): 9.478e+05 mag
[18:35:01] [INFO] Mean effective coupling (κ_Cep·⟨S⟩): 9.478e+05
[18:35:01] [INFO] Optimizing TEP Coupling (κ_Cep)...
[18:35:01] [INFO] Optimization converged: True
[18:35:01] [SUCCESS] Optimal Observable Response Coefficient (κ_Cep): 8.943e+05 mag
[18:35:01] [INFO] Mean effective coupling (κ_Cep·⟨S⟩): 8.943e+05
[18:35:01] [INFO] Optimizing TEP Coupling (κ_Cep)...
[18:35:01] [INFO] Optimization converged: True
[18:35:01] [SUCCESS] Optimal Observable Response Coefficient (κ_Cep): 1.062e+06 mag
[18:35:01] [INFO] Mean effective coupling (κ_Cep·⟨S⟩): 1.062e+06
[18:35:01] [INFO] Optimizing TEP Coupling (κ_Cep)...
[18:35:01] [INFO] Optimization converged: True
[18:35:01] [SUCCESS] Optimal Observable Response Coefficient (κ_Cep): 8.474e+05 mag
[18:35:01] [INFO] Mean effective coupling (κ_Cep·⟨S⟩): 8.474e+05
[18:35:02] [INFO] Optimizing TEP Coupling (κ_Cep)...
[18:35:02] [INFO] Optimization converged: True
[18:35:02] [SUCCESS] Optimal Observable Response Coefficient (κ_Cep): 5.580e+05 mag
[18:35:02] [INFO] Mean effective coupling (κ_Cep·⟨S⟩): 5.580e+05
[18:35:02] [INFO] Applying Conformal Correction...
[18:35:02] [INFO] Sample Corrections (Suppression-Aware)
[18:35:02] [INFO] +----------+-------+--------+----------+------------+----------+
[18:35:02] [INFO] | Host     | Sigma | S(rho) | H0 (Raw) | Corr (mag) | H0 (TEP) |
[18:35:02] [INFO] +----------+-------+--------+----------+------------+----------+
[18:35:02] [INFO] | NGC 5917 | 52.6  | 1.000  | 72.56    | -0.0300    | 73.57    |
[18:35:02] [INFO] | NGC 3370 | 80.5  | 1.000  | 65.72    | -0.0070    | 65.93    |
[18:35:02] [INFO] | NGC 0691 | 101.8 | 1.000  | 69.88    | +0.0172    | 69.33    |
[18:35:02] [INFO] | NGC 3254 | 109.5 | 1.000  | 64.24    | +0.0272    | 63.44    |
[18:35:02] [INFO] | NGC 5728 | 166.7 | 1.000  | 77.96    | +0.1254    | 73.59    |
[18:35:02] [INFO] +----------+-------+--------+----------+------------+----------+
[18:35:02] [INFO] ------------------------------------------------------------
[18:35:02] [SUCCESS] UNIFIED H0 (Statistical): 70.76 +/- 1.07 km/s/Mpc
[18:35:02] [INFO] Note: This error (SEM) assumes κ_Cep is fixed/known perfectly.
[18:35:02] [INFO] ------------------------------------------------------------
[18:35:02] [INFO] Optimizing TEP Coupling (κ_Cep)...
[18:35:02] [INFO] Optimization converged: True
[18:35:02] [SUCCESS] Optimal Observable Response Coefficient (κ_Cep): 5.579e+05 mag
[18:35:02] [INFO] Mean effective coupling (κ_Cep·⟨S⟩): 5.579e+05
[18:35:02] [INFO] Optimizing TEP Coupling (κ_Cep)...
[18:35:02] [INFO] Optimization converged: True
[18:35:02] [SUCCESS] Optimal Observable Response Coefficient (κ_Cep): 5.584e+05 mag
[18:35:02] [INFO] Mean effective coupling (κ_Cep·⟨S⟩): 5.584e+05
[18:35:02] [INFO] Optimizing TEP Coupling (κ_Cep)...
[18:35:02] [INFO] Optimization converged: True
[18:35:02] [SUCCESS] Optimal Observable Response Coefficient (κ_Cep): 5.248e+05 mag
[18:35:02] [INFO] Mean effective coupling (κ_Cep·⟨S⟩): 5.248e+05
[18:35:02] [INFO] Optimizing TEP Coupling (κ_Cep)...
[18:35:02] [INFO] Optimization converged: True
[18:35:02] [SUCCESS] Optimal Observable Response Coefficient (κ_Cep): 5.467e+05 mag
[18:35:02] [INFO] Mean effective coupling (κ_Cep·⟨S⟩): 5.467e+05
[18:35:02] [INFO] Optimizing TEP Coupling (κ_Cep)...
[18:35:02] [INFO] Optimization converged: True
[18:35:02] [SUCCESS] Optimal Observable Response Coefficient (κ_Cep): 5.654e+05 mag
[18:35:02] [INFO] Mean effective coupling (κ_Cep·⟨S⟩): 5.654e+05
[18:35:02] [INFO] Optimizing TEP Coupling (κ_Cep)...
[18:35:02] [INFO] Optimization converged: True
[18:35:02] [SUCCESS] Optimal Observable Response Coefficient (κ_Cep): 5.854e+05 mag
[18:35:02] [INFO] Mean effective coupling (κ_Cep·⟨S⟩): 5.854e+05
[18:35:02] [INFO] Optimizing TEP Coupling (κ_Cep)...
[18:35:02] [INFO] Optimization converged: True
[18:35:02] [SUCCESS] Optimal Observable Response Coefficient (κ_Cep): 5.247e+05 mag
[18:35:02] [INFO] Mean effective coupling (κ_Cep·⟨S⟩): 5.247e+05
[18:35:02] [INFO] Optimizing TEP Coupling (κ_Cep)...
[18:35:02] [INFO] Optimization converged: True
[18:35:02] [SUCCESS] Optimal Observable Response Coefficient (κ_Cep): 6.376e+05 mag
[18:35:02] [INFO] Mean effective coupling (κ_Cep·⟨S⟩): 6.376e+05
[18:35:02] [INFO] Optimizing TEP Coupling (κ_Cep)...
[18:35:02] [INFO] Optimization converged: True
[18:35:02] [SUCCESS] Optimal Observable Response Coefficient (κ_Cep): 5.715e+05 mag
[18:35:02] [INFO] Mean effective coupling (κ_Cep·⟨S⟩): 5.715e+05
[18:35:02] [INFO] Optimizing TEP Coupling (κ_Cep)...
[18:35:02] [INFO] Optimization converged: True
[18:35:02] [SUCCESS] Optimal Observable Response Coefficient (κ_Cep): 5.315e+05 mag
[18:35:02] [INFO] Mean effective coupling (κ_Cep·⟨S⟩): 5.315e+05
[18:35:02] [INFO] Optimizing TEP Coupling (κ_Cep)...
[18:35:02] [INFO] Optimization converged: True
[18:35:02] [SUCCESS] Optimal Observable Response Coefficient (κ_Cep): 5.581e+05 mag
[18:35:02] [INFO] Mean effective coupling (κ_Cep·⟨S⟩): 5.581e+05
[18:35:02] [INFO] Optimizing TEP Coupling (κ_Cep)...
[18:35:02] [INFO] Optimization converged: True
[18:35:02] [SUCCESS] Optimal Observable Response Coefficient (κ_Cep): 5.649e+05 mag
[18:35:02] [INFO] Mean effective coupling (κ_Cep·⟨S⟩): 5.649e+05
[18:35:02] [INFO] Optimizing TEP Coupling (κ_Cep)...
[18:35:02] [INFO] Optimization converged: True
[18:35:02] [SUCCESS] Optimal Observable Response Coefficient (κ_Cep): 5.617e+05 mag
[18:35:02] [INFO] Mean effective coupling (κ_Cep·⟨S⟩): 5.617e+05
[18:35:02] [INFO] Optimizing TEP Coupling (κ_Cep)...
[18:35:02] [INFO] Optimization converged: True
[18:35:02] [SUCCESS] Optimal Observable Response Coefficient (κ_Cep): 5.181e+05 mag
[18:35:02] [INFO] Mean effective coupling (κ_Cep·⟨S⟩): 5.181e+05
[18:35:02] [INFO] Optimizing TEP Coupling (κ_Cep)...
[18:35:02] [INFO] Optimization converged: True
[18:35:02] [SUCCESS] Optimal Observable Response Coefficient (κ_Cep): 5.779e+05 mag
[18:35:02] [INFO] Mean effective coupling (κ_Cep·⟨S⟩): 5.779e+05
[18:35:02] [INFO] Optimizing TEP Coupling (κ_Cep)...
[18:35:02] [INFO] Optimization converged: True
[18:35:02] [SUCCESS] Optimal Observable Response Coefficient (κ_Cep): 5.060e+05 mag
[18:35:02] [INFO] Mean effective coupling (κ_Cep·⟨S⟩): 5.060e+05
[18:35:02] [INFO] Optimizing TEP Coupling (κ_Cep)...
[18:35:02] [INFO] Optimization converged: True
[18:35:02] [SUCCESS] Optimal Observable Response Coefficient (κ_Cep): 5.560e+05 mag
[18:35:02] [INFO] Mean effective coupling (κ_Cep·⟨S⟩): 5.560e+05
[18:35:02] [INFO] Optimizing TEP Coupling (κ_Cep)...
[18:35:02] [INFO] Optimization converged: True
[18:35:02] [SUCCESS] Optimal Observable Response Coefficient (κ_Cep): 5.959e+05 mag
[18:35:02] [INFO] Mean effective coupling (κ_Cep·⟨S⟩): 5.959e+05
[18:35:02] [INFO] Optimizing TEP Coupling (κ_Cep)...
[18:35:02] [INFO] Optimization converged: True
[18:35:02] [SUCCESS] Optimal Observable Response Coefficient (κ_Cep): 5.701e+05 mag
[18:35:02] [INFO] Mean effective coupling (κ_Cep·⟨S⟩): 5.701e+05
[18:35:02] [INFO] Optimizing TEP Coupling (κ_Cep)...
[18:35:02] [INFO] Optimization converged: True
[18:35:02] [SUCCESS] Optimal Observable Response Coefficient (κ_Cep): 6.047e+05 mag
[18:35:02] [INFO] Mean effective coupling (κ_Cep·⟨S⟩): 6.047e+05
[18:35:02] [INFO] Optimizing TEP Coupling (κ_Cep)...
[18:35:02] [INFO] Optimization converged: True
[18:35:02] [SUCCESS] Optimal Observable Response Coefficient (κ_Cep): 5.581e+05 mag
[18:35:02] [INFO] Mean effective coupling (κ_Cep·⟨S⟩): 5.581e+05
[18:35:02] [INFO] Optimizing TEP Coupling (κ_Cep)...
[18:35:02] [INFO] Optimization converged: True
[18:35:02] [SUCCESS] Optimal Observable Response Coefficient (κ_Cep): 6.210e+05 mag
[18:35:02] [INFO] Mean effective coupling (κ_Cep·⟨S⟩): 6.210e+05
[18:35:02] [INFO] Optimizing TEP Coupling (κ_Cep)...
[18:35:02] [INFO] Optimization converged: True
[18:35:02] [SUCCESS] Optimal Observable Response Coefficient (κ_Cep): 4.863e+05 mag
[18:35:02] [INFO] Mean effective coupling (κ_Cep·⟨S⟩): 4.863e+05
[18:35:03] [INFO] Optimizing TEP Coupling (κ_Cep)...
[18:35:03] [INFO] Optimization converged: True
[18:35:03] [SUCCESS] Optimal Observable Response Coefficient (κ_Cep): 5.530e+05 mag
[18:35:03] [INFO] Mean effective coupling (κ_Cep·⟨S⟩): 5.530e+05
[18:35:03] [INFO] Applying Conformal Correction...
[18:35:03] [INFO] Sample Corrections (Suppression-Aware)
[18:35:03] [INFO] +----------+-------+--------+----------+------------+----------+
[18:35:03] [INFO] | Host     | Sigma | S(rho) | H0 (Raw) | Corr (mag) | H0 (TEP) |
[18:35:03] [INFO] +----------+-------+--------+----------+------------+----------+
[18:35:03] [INFO] | NGC 1015 | 101.5 | 1.000  | 73.19    | +0.0167    | 72.63    |
[18:35:03] [INFO] | NGC 0691 | 101.8 | 1.000  | 69.88    | +0.0171    | 69.33    |
[18:35:03] [INFO] | NGC 7678 | 102.5 | 1.000  | 70.66    | +0.0179    | 70.08    |
[18:35:03] [INFO] | NGC 976  | 212.7 | 1.000  | 76.91    | +0.2316    | 69.13    |
[18:35:03] [INFO] | NGC 3147 | 223.4 | 1.000  | 77.93    | +0.2604    | 69.12    |
[18:35:03] [INFO] +----------+-------+--------+----------+------------+----------+
[18:35:03] [INFO] ------------------------------------------------------------
[18:35:03] [SUCCESS] UNIFIED H0 (Statistical): 70.40 +/- 1.17 km/s/Mpc
[18:35:03] [INFO] Note: This error (SEM) assumes κ_Cep is fixed/known perfectly.
[18:35:03] [INFO] ------------------------------------------------------------
[18:35:03] [INFO] Optimizing TEP Coupling (κ_Cep)...
[18:35:03] [INFO] Optimization converged: True
[18:35:03] [SUCCESS] Optimal Observable Response Coefficient (κ_Cep): 5.513e+05 mag
[18:35:03] [INFO] Mean effective coupling (κ_Cep·⟨S⟩): 5.513e+05
[18:35:03] [INFO] Optimizing TEP Coupling (κ_Cep)...
[18:35:03] [INFO] Optimization converged: True
[18:35:03] [SUCCESS] Optimal Observable Response Coefficient (κ_Cep): 5.574e+05 mag
[18:35:03] [INFO] Mean effective coupling (κ_Cep·⟨S⟩): 5.574e+05
[18:35:03] [INFO] Optimizing TEP Coupling (κ_Cep)...
[18:35:03] [INFO] Optimization converged: True
[18:35:03] [SUCCESS] Optimal Observable Response Coefficient (κ_Cep): 5.059e+05 mag
[18:35:03] [INFO] Mean effective coupling (κ_Cep·⟨S⟩): 5.059e+05
[18:35:03] [INFO] Optimizing TEP Coupling (κ_Cep)...
[18:35:03] [INFO] Optimization converged: True
[18:35:03] [SUCCESS] Optimal Observable Response Coefficient (κ_Cep): 5.378e+05 mag
[18:35:03] [INFO] Mean effective coupling (κ_Cep·⟨S⟩): 5.378e+05
[18:35:03] [INFO] Optimizing TEP Coupling (κ_Cep)...
[18:35:03] [INFO] Optimization converged: True
[18:35:03] [SUCCESS] Optimal Observable Response Coefficient (κ_Cep): 5.957e+05 mag
[18:35:03] [INFO] Mean effective coupling (κ_Cep·⟨S⟩): 5.957e+05
[18:35:03] [INFO] Optimizing TEP Coupling (κ_Cep)...
[18:35:03] [INFO] Optimization converged: True
[18:35:03] [SUCCESS] Optimal Observable Response Coefficient (κ_Cep): 6.155e+05 mag
[18:35:03] [INFO] Mean effective coupling (κ_Cep·⟨S⟩): 6.155e+05
[18:35:03] [INFO] Optimizing TEP Coupling (κ_Cep)...
[18:35:03] [INFO] Optimization converged: True
[18:35:03] [SUCCESS] Optimal Observable Response Coefficient (κ_Cep): 5.534e+05 mag
[18:35:03] [INFO] Mean effective coupling (κ_Cep·⟨S⟩): 5.534e+05
[18:35:03] [INFO] Optimizing TEP Coupling (κ_Cep)...
[18:35:03] [INFO] Optimization converged: True
[18:35:03] [SUCCESS] Optimal Observable Response Coefficient (κ_Cep): 5.720e+05 mag
[18:35:03] [INFO] Mean effective coupling (κ_Cep·⟨S⟩): 5.720e+05
[18:35:03] [INFO] Optimizing TEP Coupling (κ_Cep)...
[18:35:03] [INFO] Optimization converged: True
[18:35:03] [SUCCESS] Optimal Observable Response Coefficient (κ_Cep): 5.047e+05 mag
[18:35:03] [INFO] Mean effective coupling (κ_Cep·⟨S⟩): 5.047e+05
[18:35:03] [INFO] Optimizing TEP Coupling (κ_Cep)...
[18:35:03] [INFO] Optimization converged: True
[18:35:03] [SUCCESS] Optimal Observable Response Coefficient (κ_Cep): 4.949e+05 mag
[18:35:03] [INFO] Mean effective coupling (κ_Cep·⟨S⟩): 4.949e+05
[18:35:03] [INFO] Optimizing TEP Coupling (κ_Cep)...
[18:35:03] [INFO] Optimization converged: True
[18:35:03] [SUCCESS] Optimal Observable Response Coefficient (κ_Cep): 6.064e+05 mag
[18:35:03] [INFO] Mean effective coupling (κ_Cep·⟨S⟩): 6.064e+05
[18:35:03] [INFO] Optimizing TEP Coupling (κ_Cep)...
[18:35:03] [INFO] Optimization converged: True
[18:35:03] [SUCCESS] Optimal Observable Response Coefficient (κ_Cep): 5.599e+05 mag
[18:35:03] [INFO] Mean effective coupling (κ_Cep·⟨S⟩): 5.599e+05
[18:35:03] [INFO] Optimizing TEP Coupling (κ_Cep)...
[18:35:03] [INFO] Optimization converged: True
[18:35:03] [SUCCESS] Optimal Observable Response Coefficient (κ_Cep): 6.179e+05 mag
[18:35:03] [INFO] Mean effective coupling (κ_Cep·⟨S⟩): 6.179e+05
[18:35:03] [INFO] Optimizing TEP Coupling (κ_Cep)...
[18:35:03] [INFO] Optimization converged: True
[18:35:03] [SUCCESS] Optimal Observable Response Coefficient (κ_Cep): 5.527e+05 mag
[18:35:03] [INFO] Mean effective coupling (κ_Cep·⟨S⟩): 5.527e+05
[18:35:03] [INFO] Optimizing TEP Coupling (κ_Cep)...
[18:35:03] [INFO] Optimization converged: True
[18:35:03] [SUCCESS] Optimal Observable Response Coefficient (κ_Cep): 6.021e+05 mag
[18:35:03] [INFO] Mean effective coupling (κ_Cep·⟨S⟩): 6.021e+05
[18:35:03] [INFO] Optimizing TEP Coupling (κ_Cep)...
[18:35:03] [INFO] Optimization converged: True
[18:35:03] [SUCCESS] Optimal Observable Response Coefficient (κ_Cep): 4.591e+05 mag
[18:35:03] [INFO] Mean effective coupling (κ_Cep·⟨S⟩): 4.591e+05
[18:35:03] [SUCCESS] Saved redshift cut sensitivity results to /Users/matthewsmawfield/www/Temporal Equivalence Principle/TEP-H0/results/outputs/step_08_redshift_cut_sensitivity.txt
[18:35:03] [INFO] Redshift Cut Sensitivity (TEP Correction Stability)
[18:35:03] [INFO] +--------+----+-----------+------------+---------+----------+--------------+------+
[18:35:03] [INFO] | z_cut  | N  | Pearson r | Spearman ρ | Corr H0 | LOOCV H0 | κ_Cep (10^6) | ΔBIC |
[18:35:03] [INFO] +--------+----+-----------+------------+---------+----------+--------------+------+
[18:35:03] [INFO] | 0.0000 | 36 | 0.500     | 0.549      | 66.03   | 65.84    | 1.4028       | 4.25 |
[18:35:03] [INFO] | 0.0035 | 29 | 0.466     | 0.517      | 68.67   | 68.53    | 0.9134       | 2.44 |
[18:35:03] [INFO] | 0.0040 | 28 | 0.555     | 0.544      | 69.47   | 69.29    | 0.8946       | 4.33 |
[18:35:03] [INFO] | 0.0050 | 23 | 0.437     | 0.317      | 70.76   | 70.68    | 0.5580       | 1.31 |
[18:35:03] [INFO] | 0.0070 | 16 | 0.525     | 0.391      | 70.40   | 70.33    | 0.5530       | 2.24 |
[18:35:03] [INFO] +--------+----+-----------+------------+---------+----------+--------------+------+
[18:35:03] [INFO] Flow/Environment Confound Robustness...
[18:35:08] [SUCCESS] Saved flow/environment robustness results to /Users/matthewsmawfield/www/Temporal Equivalence Principle/TEP-H0/results/outputs/step_08_flow_environment_robustness.txt
[18:35:08] [INFO] Flow + Environment Controls
[18:35:08] [INFO] +-----------------------------+-----------+---------+----+
[18:35:08] [INFO] | Test                        | Statistic | p-value | N  |
[18:35:08] [INFO] +-----------------------------+-----------+---------+----+
[18:35:08] [INFO] | Baseline r(H0,Sigma)        | 0.466     | 0.0126  | 29 |
[18:35:08] [INFO] | Partial r(H0,Sigma|z)       | 0.410     | 0.0304  | 29 |
[18:35:08] [INFO] | Partial r(H0,Sigma|z,Nmb)   | 0.347     | 0.0766  | 29 |
[18:35:08] [INFO] | Partial r(H0,Sigma|z,logpK) | 0.535     | 0.0071  | 26 |
[18:35:08] [INFO] +-----------------------------+-----------+---------+----+
[18:35:08] [INFO] Provenance-Aware Errors-in-Variables Model
[18:35:08] [INFO] +--------------------+-----------+-----------+---+---+
[18:35:08] [INFO] | Parameter          | Estimate  | SE        | t | p |
[18:35:08] [INFO] +--------------------+-----------+-----------+---+---+
[18:35:08] [INFO] | β0 (intercept)     | 53.44     | 0.00      | - | - |
[18:35:08] [INFO] | β1 (X_TEP slope)   | 5.849e+08 | 0.000e+00 | - | - |
[18:35:08] [INFO] | γ_HI (HI offset)   | 25.28     | 0.00      | - | - |
[18:35:08] [INFO] | γ_rot (rot offset) | 0.00      | 0.00      | - | - |
[18:35:08] [INFO] +--------------------+-----------+-----------+---+---+
[18:35:08] [INFO] Method counts: stellar=16, HI=13, rot=0
[18:35:08] [INFO] Mean X_TEP uncertainty from σ error: HI=1.90e-08, rot=N/A
[18:35:08] [SUCCESS] Step 4 Complete.
