[13:48:09] [INFO] 
[13:48:09] [INFO] ================================================================================
[13:48:09] [INFO]    Starting Step 1: Data Ingestion
[13:48:09] [INFO] ================================================================================
[13:48:09] [INFO] 
[13:48:09] [INFO] Reconstructing SH0ES Cepheid Catalog...
[13:48:09] [INFO] Catalog Reconstruction Verification:
[13:48:09] [INFO] SH0ES Cepheid Sample (First 3)
[13:48:09] [INFO] +--------+------------+-------------+------------+
[13:48:09] [INFO] | Source | Data (mag) | Period Term | Metal Term |
[13:48:09] [INFO] +--------+------------+-------------+------------+
[13:48:09] [INFO] | M101   | 23.691     | -0.164      | 0.053      |
[13:48:09] [INFO] | M101   | 22.955     | -0.163      | 0.089      |
[13:48:09] [INFO] | M101   | 23.535     | -0.157      | 0.089      |
[13:48:09] [INFO] +--------+------------+-------------+------------+
[13:48:09] [SUCCESS] Saved reconstructed catalog with 3130 Cepheids to /Users/matthewsmawfield/www/Temporal Equivalence Principle/TEP-H0/data/interim/reconstructed_shoes_cepheids.csv
[13:48:09] [INFO] Calculating R22 Distances (GLS Solution)...
[13:48:10] [INFO] Solving GLS system: 3490 observations, 46 parameters
[13:48:10] [SUCCESS] Saved mu covariance matrix to /Users/matthewsmawfield/www/Temporal Equivalence Principle/TEP-H0/data/interim/r22_mu_covariance.npy
[13:48:10] [SUCCESS] Saved mu covariance labels to /Users/matthewsmawfield/www/Temporal Equivalence Principle/TEP-H0/data/interim/r22_mu_covariance_labels.json
[13:48:10] [INFO] Recovered Distance Moduli
[13:48:10] [INFO] +---------+-----------------------+--------+
[13:48:10] [INFO] | Host ID | Distance Modulus (mu) | Error  |
[13:48:10] [INFO] +---------+-----------------------+--------+
[13:48:10] [INFO] | M101    | 29.1595               | 0.0388 |
[13:48:10] [INFO] | M1337   | 32.9156               | 0.0821 |
[13:48:10] [INFO] | N0691   | 32.8222               | 0.0877 |
[13:48:10] [INFO] +---------+-----------------------+--------+
[13:48:10] [SUCCESS] Saved 40 distances to /Users/matthewsmawfield/www/Temporal Equivalence Principle/TEP-H0/data/interim/r22_distances.csv
[13:48:10] [INFO] Using existing coordinates file.
[13:48:10] [INFO] Checking for Pantheon+ Supernova Catalog...
[13:48:10] [INFO] Pantheon+ dataset already exists locally.
[13:48:10] [INFO] Cross-Matching & Property Enrichment...
[13:48:10] [INFO] Matched 37 SH0ES hosts to Pantheon+ SN catalog.
[13:48:10] [INFO] Loaded 41 velocity dispersions from literature CSV: /Users/matthewsmawfield/www/Temporal Equivalence Principle/TEP-H0/data/raw/external/velocity_dispersions_literature_regenerated.csv
[13:48:10] [INFO] Found measured σ for 41/41 hosts (TEP-independent).
[13:48:10] [INFO] Preserving existing /Users/matthewsmawfield/www/Temporal Equivalence Principle/TEP-H0/data/processed/hosts_processed.csv (canonical cached sigma data).
[13:48:10] [SUCCESS] Step 1 Complete.
