[06:53:48] [INFO] ============================================================
[06:53:48] [INFO] STEP 6: ENHANCED ROBUSTNESS ANALYSIS
[06:53:48] [INFO] Addressing referee concerns on σ heterogeneity and environment
[06:53:48] [INFO] ============================================================
[06:53:48] [INFO] Loaded 29 hosts from stratified analysis
[06:53:48] [INFO] Loaded 29 entries from σ provenance table
[06:53:48] [INFO] 
--- STELLAR ABSORPTION SUBSAMPLE ---
[06:53:48] [INFO] Stellar absorption hosts: 16
[06:53:48] [INFO] HI linewidth proxy hosts: 13
[06:53:48] [INFO] 
Subsample Comparison:
[06:53:48] [INFO] +-------------------------+----+-----------+---------+------------+---------+
[06:53:48] [INFO] | Subsample               | N  | Pearson r | p-value | Spearman ρ | p-value |
[06:53:48] [INFO] +-------------------------+----+-----------+---------+------------+---------+
[06:53:48] [INFO] | Full Sample             | 29 | 0.462     | 0.0116  | 0.511      | 0.0046  |
[06:53:48] [INFO] | Stellar Absorption Only | 16 | 0.554     | 0.0261  | 0.597      | 0.0146  |
[06:53:48] [INFO] +-------------------------+----+-----------+---------+------------+---------+
[06:53:48] [INFO] 
Stellar-only stratification: ΔH0 = 9.17 km/s/Mpc (high - low σ)
[06:53:48] [INFO] 
--- GOLD STANDARD σ SUBSAMPLE ---
[06:53:48] [INFO] Gold standard hosts (K&H13 + SDSS + Ho09): 7
[06:53:48] [INFO]   - Kormendy&Ho2013: 0 hosts
[06:53:48] [INFO]   - SDSS DR7: 2 hosts
[06:53:48] [INFO]   - Ho+2009: 5 hosts
[06:53:48] [INFO] Gold standard subsample: r = 0.587, p = 0.1660
[06:53:48] [INFO] 
--- LOCAL DENSITY CONTROL ---
[06:53:48] [INFO] Hosts with valid local density: 29/29
[06:53:48] [INFO] 
Density Control Results:
[06:53:48] [INFO] +--------------------------+---------------------+
[06:53:48] [INFO] | Metric                   | Value               |
[06:53:48] [INFO] +--------------------------+---------------------+
[06:53:48] [INFO] | Baseline r(H0, σ)        | 0.462 (p = 0.0116)  |
[06:53:48] [INFO] | Partial r(H0, σ | log ρ) | 0.493 (p = 0.0066)  |
[06:53:48] [INFO] | r(H0, log ρ)             | 0.104 (p = 0.5904)  |
[06:53:48] [INFO] | r(σ, log ρ)              | -0.185 (p = 0.3357) |
[06:53:48] [INFO] +--------------------------+---------------------+
[06:53:48] [INFO] 
Signal after density control: r = 0.493 (p = 0.0066)
[06:53:48] [INFO] 
--- TEP CORRECTION ON SUBSAMPLES ---
[06:53:48] [INFO] 
TEP Correction Comparison:
[06:53:48] [INFO] +---------------+----+-------------+-----------------------+
[06:53:48] [INFO] | Subsample     | N  | κ_Cep       | Unified H0 (km/s/Mpc) |
[06:53:48] [INFO] +---------------+----+-------------+-----------------------+
[06:53:48] [INFO] | Full Sample   | 29 | 1049548.340 | 68.17 ± 1.27          |
[06:53:48] [INFO] | Stellar Only  | 16 | 1021954.346 | 66.15 ± 1.59          |
[06:53:48] [INFO] | Gold Standard | 7  | 1220727.539 | 62.00 ± 2.68          |
[06:53:48] [INFO] +---------------+----+-------------+-----------------------+
[06:53:48] [INFO] 
Summary written to: /Users/matthewsmawfield/www/Temporal Equivalence Principle/TEP-H0/results/outputs/subsample_sensitivity.txt
[06:53:48] [INFO] ============================================================
[06:53:48] [INFO] ENHANCED ROBUSTNESS ANALYSIS COMPLETE
[06:53:48] [INFO] ============================================================
