[01:39:47] [INFO] 
[01:39:47] [INFO] ================================================================================
[01:39:47] [INFO]    >>> STEP 16: Host-mass residual test (TEP-specific bias isolation)
[01:39:47] [INFO] ================================================================================
[01:39:47] [INFO] 
[01:39:47] [INFO] Cepheid: Host-mass partial correlation
[01:39:47] [INFO] Raw: r=0.466, p=0.0109
[01:39:47] [INFO] Mass-residual: r=0.445, p=0.0154 (N=29)
[01:39:47] [INFO] Both-residual: r=0.450, p=0.0144
[01:39:47] [INFO] TRGB: Host-mass partial correlation
[01:39:47] [INFO] TRGB raw: r=0.327, p=0.2747
[01:39:47] [INFO] TRGB mass-residual: r=-0.004, p=0.9904 (N=13)
[01:39:47] [INFO] --- SUMMARY ---
[01:39:47] [INFO] +---------+-------+--------+-----------------+-----------------+
[01:39:47] [INFO] | Channel | Raw r | Raw p  | Mass-residual r | Mass-residual p |
[01:39:47] [INFO] +---------+-------+--------+-----------------+-----------------+
[01:39:47] [INFO] | Cepheid | 0.466 | 0.0109 | 0.445           | 0.0154          |
[01:39:47] [INFO] | TRGB    | 0.327 | 0.2747 | -0.004          | 0.9904          |
[01:39:47] [INFO] +---------+-------+--------+-----------------+-----------------+
[01:39:47] [SUCCESS] Saved results to step_17_host_mass_residual_test.json
[01:39:47] [SUCCESS] Step 16 complete
