[01:37:52] [INFO] 
[01:37:52] [INFO] ================================================================================
[01:37:52] [INFO]    Starting Step 4: Robustness Checks
[01:37:52] [INFO] ================================================================================
[01:37:52] [INFO] 
[01:37:52] [INFO] Initiating Jackknife Analysis...
[01:37:52] [INFO] Loaded 29 hosts for Jackknife stability test.
[01:38:05] [INFO] Bayesian Model Comparison
[01:38:05] [INFO] Model Comparison
[01:38:05] [INFO] +------------------------------------+----------+---------+------+----------------------------------+
[01:38:05] [INFO] | Likelihood                         | Null BIC | TEP BIC | ΔBIC | Interpretation                   |
[01:38:05] [INFO] +------------------------------------+----------+---------+------+----------------------------------+
[01:38:05] [INFO] | diagonal host scatter              | 23.3     | 20.9    | 2.4  | exploratory / host scatter       |
[01:38:05] [INFO] | full covariance GLS slope          | 23.4     | 21.0    | 2.4  | free intercept; matches contrast |
[01:38:05] [INFO] | projected host-contrast covariance | 23.4     | 21.0    | 2.4  | primary environmental evidence   |
[01:38:05] [INFO] +------------------------------------+----------+---------+------+----------------------------------+
[01:38:05] [INFO] Projected Δχ² = 5.74; ΔBIC = 2.37 (headline)
[01:38:05] [INFO] WLS-implied κ_Cep = 1.041e+06 mag (Step 3 fitted 1.272e+06)
[01:38:05] [INFO] Correlation Tests (H0 vs Sigma)
[01:38:05] [INFO] +------------------+-----------+----------+----------------------------+
[01:38:05] [INFO] | Test             | Statistic | p-value  | Interpretation             |
[01:38:05] [INFO] +------------------+-----------+----------+----------------------------+
[01:38:05] [INFO] | Pearson r        | 0.4659    | 0.0109   | Parametric                 |
[01:38:05] [INFO] | Spearman ρ       | 0.5172    | 0.0041   | Non-parametric (rank)      |
[01:38:05] [INFO] | Bootstrap p      | -         | 0.0115   | Permutation (N=10000)      |
[01:38:05] [INFO] | GLS slope        | 2.441     | 0.0215   | Covariance-aware Wald test |
[01:38:05] [INFO] | Pearson p (cov)  | 0.4659    | 0.0031   | Parametric MVN null        |
[01:38:05] [INFO] | Spearman p (cov) | 0.5172    | 0.0041   | Parametric MVN null        |
[01:38:05] [INFO] | Bayes factor     | 3.2       | ΔBIC=2.4 | positive evidence for TEP  |
[01:38:05] [INFO] +------------------+-----------+----------+----------------------------+
[01:38:05] [SUCCESS] Saved covariance-aware results to /Users/matthewsmawfield/www/Temporal Equivalence Principle/TEP-H0/results/outputs/step_08_covariance_robustness.json
[01:38:05] [SUCCESS] Bootstrap p = 0.0115 < 0.05: Correlation is significant.
[01:38:05] [INFO] Jackknife Range: r in [0.4282, 0.5550]
[01:38:05] [SUCCESS] Conclusion: correlation is robust. No single host drives the trend.
[01:38:05] [INFO] Most Influential Hosts (Supports Trend)
[01:38:05] [INFO] +----------+-------------+---------+
[01:38:05] [INFO] | Host     | r (without) | Delta r |
[01:38:05] [INFO] +----------+-------------+---------+
[01:38:05] [INFO] | NGC 3447 | 0.4282      | -0.0377 |
[01:38:05] [INFO] | NGC 5728 | 0.4349      | -0.0310 |
[01:38:05] [INFO] | NGC 3147 | 0.4390      | -0.0269 |
[01:38:05] [INFO] +----------+-------------+---------+
[01:38:05] [PROCESS] Generating Jackknife influence plot...
[01:38:05] [INFO] Initiating Out-of-Sample Validation (kappa_cep)
[01:38:05] [INFO] Out-of-Sample Validation Summary
[01:38:05] [INFO] +------------+------------------------+--------------------------+
[01:38:05] [INFO] | Validation | Metric                 | Value                    |
[01:38:05] [INFO] +------------+------------------------+--------------------------+
[01:38:05] [INFO] | Baseline   | Slope dH0/dsigma       | 0.0851                   |
[01:38:05] [INFO] | Baseline   | Pearson r (p)          | 0.466 (0.0109)           |
[01:38:05] [INFO] | Baseline   | Spearman rho (p)       | 0.517 (0.0041)           |
[01:38:05] [INFO] | Train/Test | kappa_cep mean ± std   | 1302956.726 ± 389842.123 |
[01:38:05] [INFO] | Train/Test | test slope median      | 0.0175                   |
[01:38:05] [INFO] | Train/Test | test |r| median        | 0.297                    |
[01:38:05] [INFO] | Train/Test | test H0 mean (median)  | 68.59                    |
[01:38:05] [INFO] | LOOCV      | kappa_cep mean ± std   | 1278370.614 ± 85232.360  |
[01:38:05] [INFO] | LOOCV      | pred slope dH0/dsigma  | -0.0120                  |
[01:38:05] [INFO] | LOOCV      | Pearson r (p)          | -0.070 (0.7181)          |
[01:38:05] [INFO] | LOOCV      | Spearman rho (p)       | 0.088 (0.6511)           |
[01:38:05] [INFO] | LOOCV      | H0 mean ± SEM          | 68.67 ± 1.34             |
[01:38:05] [INFO] | LOOCV      | Planck tension (sigma) | 0.89                     |
[01:38:05] [INFO] +------------+------------------------+--------------------------+
[01:38:05] [SUCCESS] Saved out-of-sample validation to /Users/matthewsmawfield/www/Temporal Equivalence Principle/TEP-H0/results/outputs/step_08_out_of_sample_validation.json
[01:38:05] [INFO] Initiating Bivariate Analysis...
[01:38:05] [INFO] Loaded 29 hosts for Bivariate Analysis.
[01:38:05] [INFO] Bivariate Analysis Results
[01:38:05] [INFO] +----------------------+------------------+-------------+---------+
[01:38:05] [INFO] | Relation             | Correlation Type | Coefficient | p-value |
[01:38:05] [INFO] +----------------------+------------------+-------------+---------+
[01:38:05] [INFO] | H0 vs Sigma          | Pearson (Raw)    | 0.466       | 0.0109  |
[01:38:05] [INFO] | H0 vs Metallicity    | Pearson (Raw)    | 0.304       | 0.1087  |
[01:38:05] [INFO] | Sigma vs Metallicity | Pearson (Raw)    | 0.137       | 0.4799  |
[01:38:05] [INFO] | H0 vs Sigma | Z      | Partial          | 0.450       | 0.0164  |
[01:38:05] [INFO] | H0 vs Z | Sigma      | Partial          | 0.274       | 0.1577  |
[01:38:05] [INFO] +----------------------+------------------+-------------+---------+
[01:38:05] [SUCCESS] Saved stats to /Users/matthewsmawfield/www/Temporal Equivalence Principle/TEP-H0/results/outputs/step_08_bivariate_stats.txt
[01:38:06] [SUCCESS] Saved bivariate plot to /Users/matthewsmawfield/www/Temporal Equivalence Principle/TEP-H0/results/figures/step_08_figure_02_bivariate_h0_sigma_metallicity.png
[01:38:06] [SUCCESS] Copied bivariate plot to /Users/matthewsmawfield/www/Temporal Equivalence Principle/TEP-H0/site/public/figures/step_08_figure_02_bivariate_h0_sigma_metallicity.png
[01:38:06] [INFO] Redshift Cut Sensitivity Scan...
