[13:00:52] [INFO] 
[13:00:52] [INFO] ================================================================================
[13:00:52] [INFO]    Starting Step 2: Stratification
[13:00:52] [INFO] ================================================================================
[13:00:52] [INFO] 
[13:00:52] [INFO] Loading and Merging Datasets...
[13:00:52] [INFO] Merged 39 galaxies (Distances + Properties).
[13:00:52] [INFO] Calculating Individual H0 Values (3-Rung Ladder)...
[13:00:52] [SUCCESS] Final Sample Size: 29 SN Ia Hosts (7 removed by z_HD > 0.0035 cut)
[13:00:52] [INFO] Sample H0 Calculations
[13:00:52] [INFO] +----------+--------+----------+---------+---------------+
[13:00:52] [INFO] | Host     | z_HD   | mu (mag) | D (Mpc) | H0 (km/s/Mpc) |
[13:00:52] [INFO] +----------+--------+----------+---------+---------------+
[13:00:52] [INFO] | NGC 0691 | 0.0086 | 32.822   | 36.7    | 69.88         |
[13:00:52] [INFO] | NGC 1015 | 0.0081 | 32.618   | 33.4    | 73.19         |
[13:00:52] [INFO] | NGC 105  | 0.0168 | 34.493   | 79.2    | 63.68         |
[13:00:52] [INFO] | NGC 1309 | 0.0072 | 32.509   | 31.8    | 67.88         |
[13:00:52] [INFO] | NGC 1365 | 0.0048 | 31.325   | 18.4    | 78.65         |
[13:00:52] [INFO] +----------+--------+----------+---------+---------------+
[13:00:52] [INFO] Annotating Large-Scale Environment (Tully 2015 groups)...
[13:00:52] [INFO] Matched 26/29 hosts to Tully 2015 group catalog.
[13:00:52] [INFO] Estimating Host Environmental Densities & Shear Suppression...
[13:00:52] [INFO] Calculated densities for 29 hosts.
[13:00:52] [INFO] Mean Host Density: 0.1790 M_sun/pc^3
[13:00:52] [INFO] Density Range: [0.0001, 1.7591]
[13:00:52] [INFO] Mean Shear Suppression (S): 0.778
[13:00:52] [INFO] Suppression Range: [0.045, 0.940]
[13:00:52] [WARNING] Hosts with appreciable shear suppression (S < 0.8, N=9):
[13:00:52] [WARNING]   - NGC 0691: rho=0.046, S=0.600
[13:00:52] [WARNING]   - NGC 1365: rho=0.009, S=0.129
[13:00:52] [WARNING]   - NGC 2442: rho=1.759, S=0.045
[13:00:52] [WARNING]   - NGC 3021: rho=0.256, S=0.692
[13:00:52] [WARNING]   - NGC 3147: rho=0.000, S=0.750
[13:00:52] [WARNING]   - NGC 3254: rho=0.017, S=0.749
[13:00:52] [WARNING]   - NGC 4639: rho=1.722, S=0.068
[13:00:52] [WARNING]   - NGC 7541: rho=0.305, S=0.637
[13:00:52] [WARNING]   - NGC 976: rho=0.231, S=0.667
[13:00:52] [INFO] Stratification Analysis (Low vs High Potential)
[13:00:52] [INFO] Stratified H0 Results
[13:00:52] [INFO] +----------------+-------------+----+---------+---------+
[13:00:52] [INFO] | Bin            | Sigma Range | N  | Mean H0 | Std Err |
[13:00:52] [INFO] +----------------+-------------+----+---------+---------+
[13:00:52] [INFO] | Low Potential  | <= 96.4     | 15 | 66.26   | 2.50    |
[13:00:52] [INFO] | High Potential | > 96.4      | 14 | 74.12   | 2.51    |
[13:00:52] [INFO] | Difference     | -           | -  | +7.86   | -       |
[13:00:52] [INFO] +----------------+-------------+----+---------+---------+
[13:00:52] [INFO] Median Velocity Dispersion: 96.40 km/s
[13:00:52] [TEST] Correlation (Sigma vs H0): r = 0.466
[13:00:52] [WARNING] Significant Environmental Bias Detected (+7.86 km/s/Mpc)
[13:00:52] [SUCCESS] Saved stratified data to /Users/matthewsmawfield/www/Temporal Equivalence Principle/TEP-H0/results/outputs/stratified_h0.csv
[13:00:52] [SUCCESS] Saved analysis metrics to /Users/matthewsmawfield/www/Temporal Equivalence Principle/TEP-H0/results/outputs/stratification_results.json
[13:00:52] [PROCESS] Generating Diagnostic Plots...
[13:00:52] [SUCCESS] Saved plot to /Users/matthewsmawfield/www/Temporal Equivalence Principle/TEP-H0/results/figures/figure_01_h0_vs_sigma.png
[13:00:52] [SUCCESS] Copied plot to /Users/matthewsmawfield/www/Temporal Equivalence Principle/TEP-H0/site/public/figures/figure_01_h0_vs_sigma.png
[13:00:52] [SUCCESS] Step 2 Complete.
